{
  "stats": {
    "suites": 7,
    "tests": 23,
    "passes": 23,
    "pending": 0,
    "failures": 0,
    "start": "2022-11-13T21:46:28.570Z",
    "end": "2022-11-13T21:47:46.558Z",
    "duration": 77988,
    "testsRegistered": 23,
    "passPercent": 100,
    "pendingPercent": 0,
    "other": 0,
    "hasOther": false,
    "skipped": 0,
    "hasSkipped": false
  },
  "results": [
    {
      "uuid": "d15a6aeb-7d4a-434c-ae6d-2793126ec10c",
      "title": "",
      "fullFile": "cypress/e2e/05-11-tela-de-jogo.cy.js",
      "file": "cypress/e2e/05-11-tela-de-jogo.cy.js",
      "beforeHooks": [],
      "afterHooks": [],
      "tests": [],
      "suites": [
        {
          "uuid": "de15bd77-25c3-4fa5-81f8-4dd5815364ce",
          "title": "5 - [TELA DE JOGO] Crie um _header_ que deve conter as informações da pessoa jogadora",
          "fullFile": "",
          "file": "",
          "beforeHooks": [],
          "afterHooks": [],
          "tests": [
            {
              "title": "Será validado se a imagem do Gravatar está presente no header",
              "fullTitle": "5 - [TELA DE JOGO] Crie um _header_ que deve conter as informações da pessoa jogadora Será validado se a imagem do Gravatar está presente no header",
              "timedOut": null,
              "duration": 2149,
              "state": "passed",
              "speed": "fast",
              "pass": true,
              "fail": false,
              "pending": false,
              "context": null,
              "code": "cy.get(HEADER_IMAGE_SELECTOR).should('exist');\ncy.get(HEADER_IMAGE_SELECTOR).should('have.attr', 'src', `https://www.gravatar.com/avatar/${MD5(PLAYER_EMAIL)}`);",
              "err": {},
              "uuid": "222909f0-a82e-45d0-a93b-a6c7580e4f91",
              "parentUUID": "de15bd77-25c3-4fa5-81f8-4dd5815364ce",
              "isHook": false,
              "skipped": false
            },
            {
              "title": "Será validado se o nome da pessoa está presente no header",
              "fullTitle": "5 - [TELA DE JOGO] Crie um _header_ que deve conter as informações da pessoa jogadora Será validado se o nome da pessoa está presente no header",
              "timedOut": null,
              "duration": 1250,
              "state": "passed",
              "speed": "fast",
              "pass": true,
              "fail": false,
              "pending": false,
              "context": null,
              "code": "cy.get(HEADER_NAME_SELECTOR).contains(PLAYER_NAME);",
              "err": {},
              "uuid": "3c2c3cd7-90ed-480f-8303-b6ee27bdc199",
              "parentUUID": "de15bd77-25c3-4fa5-81f8-4dd5815364ce",
              "isHook": false,
              "skipped": false
            },
            {
              "title": "Será validado se o placar zerado está presente no header",
              "fullTitle": "5 - [TELA DE JOGO] Crie um _header_ que deve conter as informações da pessoa jogadora Será validado se o placar zerado está presente no header",
              "timedOut": null,
              "duration": 1057,
              "state": "passed",
              "speed": "fast",
              "pass": true,
              "fail": false,
              "pending": false,
              "context": null,
              "code": "cy.get(HEADER_SCORE_SELECTOR).contains('0');",
              "err": {},
              "uuid": "0934b8d4-41f3-4888-8659-ab946b03fde4",
              "parentUUID": "de15bd77-25c3-4fa5-81f8-4dd5815364ce",
              "isHook": false,
              "skipped": false
            }
          ],
          "suites": [],
          "passes": [
            "222909f0-a82e-45d0-a93b-a6c7580e4f91",
            "3c2c3cd7-90ed-480f-8303-b6ee27bdc199",
            "0934b8d4-41f3-4888-8659-ab946b03fde4"
          ],
          "failures": [],
          "pending": [],
          "skipped": [],
          "duration": 4456,
          "root": false,
          "rootEmpty": false,
          "_timeout": 2000
        },
        {
          "uuid": "cb7b5d92-2848-43fb-a74e-2a66f2f58e5b",
          "title": "6 - [TELA DE JOGO] Crie a página de jogo que deve conter as informações relacionadas à pergunta",
          "fullFile": "",
          "file": "",
          "beforeHooks": [],
          "afterHooks": [],
          "tests": [
            {
              "title": "Será validado se a API de perguntas é chamada corretamente",
              "fullTitle": "6 - [TELA DE JOGO] Crie a página de jogo que deve conter as informações relacionadas à pergunta Será validado se a API de perguntas é chamada corretamente",
              "timedOut": null,
              "duration": 1207,
              "state": "passed",
              "speed": "fast",
              "pass": true,
              "fail": false,
              "pending": false,
              "context": null,
              "code": "cy.window().its('fetch').should('be.calledWith', FETCH_TRIVIA_URL);",
              "err": {},
              "uuid": "3291534f-7ce8-4e1b-8077-536c6aed2e73",
              "parentUUID": "cb7b5d92-2848-43fb-a74e-2a66f2f58e5b",
              "isHook": false,
              "skipped": false
            },
            {
              "title": "Será validado se é feito o logout ao acessar o game com um token inválido",
              "fullTitle": "6 - [TELA DE JOGO] Crie a página de jogo que deve conter as informações relacionadas à pergunta Será validado se é feito o logout ao acessar o game com um token inválido",
              "timedOut": null,
              "duration": 1088,
              "state": "passed",
              "speed": "fast",
              "pass": true,
              "fail": false,
              "pending": false,
              "context": null,
              "code": "cy.get(\"@spyFetch\").should('be.calledWith', INVALID_FETCH_TRIVIA_URL);\ncy.window().its('location.pathname').should('eq', '/');",
              "err": {},
              "uuid": "48517e89-f18e-44e0-b7d3-ace182c9ccb6",
              "parentUUID": "cb7b5d92-2848-43fb-a74e-2a66f2f58e5b",
              "isHook": false,
              "skipped": false
            },
            {
              "title": "Será validado se a categoria da pergunta está presente",
              "fullTitle": "6 - [TELA DE JOGO] Crie a página de jogo que deve conter as informações relacionadas à pergunta Será validado se a categoria da pergunta está presente",
              "timedOut": null,
              "duration": 1140,
              "state": "passed",
              "speed": "fast",
              "pass": true,
              "fail": false,
              "pending": false,
              "context": null,
              "code": "cy.get(QUESTION_CATEGORY_SELECTOR).should('exist');\ncy.get(QUESTION_CATEGORY_SELECTOR).contains(questionsResponse.results[0].category);",
              "err": {},
              "uuid": "faa42c64-4e33-48fc-9684-da4fbeee15ff",
              "parentUUID": "cb7b5d92-2848-43fb-a74e-2a66f2f58e5b",
              "isHook": false,
              "skipped": false
            },
            {
              "title": "Será validado se o texto da pergunta está presente",
              "fullTitle": "6 - [TELA DE JOGO] Crie a página de jogo que deve conter as informações relacionadas à pergunta Será validado se o texto da pergunta está presente",
              "timedOut": null,
              "duration": 1104,
              "state": "passed",
              "speed": "fast",
              "pass": true,
              "fail": false,
              "pending": false,
              "context": null,
              "code": "cy.get(QUESTION_TEXT_SELECTOR).should('exist');\ncy.get(QUESTION_TEXT_SELECTOR).contains(questionsResponse.results[0].question);",
              "err": {},
              "uuid": "558894cf-4983-4938-a70c-3a334078730c",
              "parentUUID": "cb7b5d92-2848-43fb-a74e-2a66f2f58e5b",
              "isHook": false,
              "skipped": false
            },
            {
              "title": "Será validado se as alternativas estão presentes",
              "fullTitle": "6 - [TELA DE JOGO] Crie a página de jogo que deve conter as informações relacionadas à pergunta Será validado se as alternativas estão presentes",
              "timedOut": null,
              "duration": 1084,
              "state": "passed",
              "speed": "fast",
              "pass": true,
              "fail": false,
              "pending": false,
              "context": null,
              "code": "cy.get(CORRECT_ALTERNATIVE_SELECTOR).should('exist');\ncy.get(CORRECT_ALTERNATIVE_SELECTOR).should('have.length', 1);\ncy.get(CORRECT_ALTERNATIVE_SELECTOR).contains(questionsResponse.results[0].correct_answer);\ncy.get(WRONG_ALTERNATIVES_SELECTOR).should('exist');\ncy.get(WRONG_ALTERNATIVES_SELECTOR).each(element => {\n  expect(element.text()).to.includes.oneOf(questionsResponse.results[0].incorrect_answers);\n});",
              "err": {},
              "uuid": "500fa890-5f36-4143-9db1-debd958db15d",
              "parentUUID": "cb7b5d92-2848-43fb-a74e-2a66f2f58e5b",
              "isHook": false,
              "skipped": false
            },
            {
              "title": "Será validado se as alternativas estão posicionadas em ordem aleatória",
              "fullTitle": "6 - [TELA DE JOGO] Crie a página de jogo que deve conter as informações relacionadas à pergunta Será validado se as alternativas estão posicionadas em ordem aleatória",
              "timedOut": null,
              "duration": 6305,
              "state": "passed",
              "speed": "medium",
              "pass": true,
              "fail": false,
              "pending": false,
              "context": null,
              "code": "const answersList = [];\ncy.get(ALL_ALTERNATIVES_SELECTOR).then(() => {\n  for (let i = 0; i < 5; i += 1) {\n    loadQuestionsPage();\n    cy.get(ALL_ALTERNATIVES_SELECTOR).then(newAnswersSection => {\n      const newAnswers = Array.from(newAnswersSection.children()).map(answer => answer.dataset.testid);\n      const currentIndex = newAnswers.indexOf('correct-answer');\n      answersList.push(currentIndex);\n    });\n  }\n  ;\n}).then(() => {\n  const removeRepeatedList = [...new Set(answersList)];\n  expect(removeRepeatedList.length).to.be.greaterThan(1);\n});",
              "err": {},
              "uuid": "207b9b6f-5575-4b2f-b762-5f085d8b5978",
              "parentUUID": "cb7b5d92-2848-43fb-a74e-2a66f2f58e5b",
              "isHook": false,
              "skipped": false
            }
          ],
          "suites": [],
          "passes": [
            "3291534f-7ce8-4e1b-8077-536c6aed2e73",
            "48517e89-f18e-44e0-b7d3-ace182c9ccb6",
            "faa42c64-4e33-48fc-9684-da4fbeee15ff",
            "558894cf-4983-4938-a70c-3a334078730c",
            "500fa890-5f36-4143-9db1-debd958db15d",
            "207b9b6f-5575-4b2f-b762-5f085d8b5978"
          ],
          "failures": [],
          "pending": [],
          "skipped": [],
          "duration": 11928,
          "root": false,
          "rootEmpty": false,
          "_timeout": 2000
        },
        {
          "uuid": "0e6757a5-2a19-4bda-b3bb-45f1233d9a44",
          "title": "7 - [TELA DE JOGO] Desenvolva o estilo que, ao clicar em uma resposta, a correta deve ficar verde e as incorretas, vermelhas",
          "fullFile": "",
          "file": "",
          "beforeHooks": [],
          "afterHooks": [],
          "tests": [
            {
              "title": "Será validado se a cor da alternativa correta é \"rgb(6, 240, 15)\" ao acertar a questão",
              "fullTitle": "7 - [TELA DE JOGO] Desenvolva o estilo que, ao clicar em uma resposta, a correta deve ficar verde e as incorretas, vermelhas Será validado se a cor da alternativa correta é \"rgb(6, 240, 15)\" ao acertar a questão",
              "timedOut": null,
              "duration": 1428,
              "state": "passed",
              "speed": "fast",
              "pass": true,
              "fail": false,
              "pending": false,
              "context": null,
              "code": "cy.get(CORRECT_ALTERNATIVE_SELECTOR).click();\ncy.get(CORRECT_ALTERNATIVE_SELECTOR).should('have.css', 'border-color', 'rgb(6, 240, 15)');\ncy.get(CORRECT_ALTERNATIVE_SELECTOR).should('have.css', 'border-style', 'solid');\ncy.get(CORRECT_ALTERNATIVE_SELECTOR).should('have.css', 'border-width', '3px');",
              "err": {},
              "uuid": "c0aaf568-646a-4b36-bb2e-0bd1e26b4268",
              "parentUUID": "0e6757a5-2a19-4bda-b3bb-45f1233d9a44",
              "isHook": false,
              "skipped": false
            },
            {
              "title": "Será validado se a cor das alternativas incorretas é \"rgb(255, 0, 0)\" ao acertar a questão",
              "fullTitle": "7 - [TELA DE JOGO] Desenvolva o estilo que, ao clicar em uma resposta, a correta deve ficar verde e as incorretas, vermelhas Será validado se a cor das alternativas incorretas é \"rgb(255, 0, 0)\" ao acertar a questão",
              "timedOut": null,
              "duration": 1429,
              "state": "passed",
              "speed": "fast",
              "pass": true,
              "fail": false,
              "pending": false,
              "context": null,
              "code": "cy.get(CORRECT_ALTERNATIVE_SELECTOR).click();\ncy.get(WRONG_ALTERNATIVES_SELECTOR).should('have.css', 'border-color', 'rgb(255, 0, 0)');\ncy.get(WRONG_ALTERNATIVES_SELECTOR).should('have.css', 'border-style', 'solid');\ncy.get(WRONG_ALTERNATIVES_SELECTOR).should('have.css', 'border-width', '3px');",
              "err": {},
              "uuid": "fe37bee7-76c7-4e11-a82b-9a1952609915",
              "parentUUID": "0e6757a5-2a19-4bda-b3bb-45f1233d9a44",
              "isHook": false,
              "skipped": false
            },
            {
              "title": "Será validado se a cor da alternativa correta é \"rgb(6, 240, 15)\" ao errar a questão",
              "fullTitle": "7 - [TELA DE JOGO] Desenvolva o estilo que, ao clicar em uma resposta, a correta deve ficar verde e as incorretas, vermelhas Será validado se a cor da alternativa correta é \"rgb(6, 240, 15)\" ao errar a questão",
              "timedOut": null,
              "duration": 1452,
              "state": "passed",
              "speed": "fast",
              "pass": true,
              "fail": false,
              "pending": false,
              "context": null,
              "code": "cy.get(WRONG_ALTERNATIVES_SELECTOR).first().click();\ncy.get(CORRECT_ALTERNATIVE_SELECTOR).should('have.css', 'border-color', 'rgb(6, 240, 15)');\ncy.get(CORRECT_ALTERNATIVE_SELECTOR).should('have.css', 'border-style', 'solid');\ncy.get(CORRECT_ALTERNATIVE_SELECTOR).should('have.css', 'border-width', '3px');",
              "err": {},
              "uuid": "18274396-9386-4828-9ac5-4c85c5bf0b57",
              "parentUUID": "0e6757a5-2a19-4bda-b3bb-45f1233d9a44",
              "isHook": false,
              "skipped": false
            },
            {
              "title": "Será validado se a cor das alternativas incorretas é \"rgb(255, 0, 0)\" ao errar a questão",
              "fullTitle": "7 - [TELA DE JOGO] Desenvolva o estilo que, ao clicar em uma resposta, a correta deve ficar verde e as incorretas, vermelhas Será validado se a cor das alternativas incorretas é \"rgb(255, 0, 0)\" ao errar a questão",
              "timedOut": null,
              "duration": 1432,
              "state": "passed",
              "speed": "fast",
              "pass": true,
              "fail": false,
              "pending": false,
              "context": null,
              "code": "cy.get(WRONG_ALTERNATIVES_SELECTOR).first().click();\ncy.get(WRONG_ALTERNATIVES_SELECTOR).should('have.css', 'border-color', 'rgb(255, 0, 0)');\ncy.get(WRONG_ALTERNATIVES_SELECTOR).should('have.css', 'border-style', 'solid');\ncy.get(WRONG_ALTERNATIVES_SELECTOR).should('have.css', 'border-width', '3px');",
              "err": {},
              "uuid": "ce917be8-c409-42d6-8210-096f76916312",
              "parentUUID": "0e6757a5-2a19-4bda-b3bb-45f1233d9a44",
              "isHook": false,
              "skipped": false
            }
          ],
          "suites": [],
          "passes": [
            "c0aaf568-646a-4b36-bb2e-0bd1e26b4268",
            "fe37bee7-76c7-4e11-a82b-9a1952609915",
            "18274396-9386-4828-9ac5-4c85c5bf0b57",
            "ce917be8-c409-42d6-8210-096f76916312"
          ],
          "failures": [],
          "pending": [],
          "skipped": [],
          "duration": 5741,
          "root": false,
          "rootEmpty": false,
          "_timeout": 2000
        },
        {
          "uuid": "9490b98a-649d-44a9-9ba9-fadc2ecdef3b",
          "title": "8 - [TELA DE JOGO] Desenvolva um timer onde a pessoa que joga tem 30 segundos para responder",
          "fullFile": "",
          "file": "",
          "beforeHooks": [],
          "afterHooks": [],
          "tests": [
            {
              "title": "Será validado se é possível aguardar 5 segundos e responder a alternativa correta",
              "fullTitle": "8 - [TELA DE JOGO] Desenvolva um timer onde a pessoa que joga tem 30 segundos para responder Será validado se é possível aguardar 5 segundos e responder a alternativa correta",
              "timedOut": null,
              "duration": 6364,
              "state": "passed",
              "speed": "medium",
              "pass": true,
              "fail": false,
              "pending": false,
              "context": null,
              "code": "cy.wait(5000);\ncy.get(CORRECT_ALTERNATIVE_SELECTOR).should('not.be.disabled').click();",
              "err": {},
              "uuid": "5225735f-f21c-4edc-b600-f82d7b4b6fba",
              "parentUUID": "9490b98a-649d-44a9-9ba9-fadc2ecdef3b",
              "isHook": false,
              "skipped": false
            },
            {
              "title": "Será validado se ao aguardar mais de 30 segundos para responder, todos botões estão desabilitados",
              "fullTitle": "8 - [TELA DE JOGO] Desenvolva um timer onde a pessoa que joga tem 30 segundos para responder Será validado se ao aguardar mais de 30 segundos para responder, todos botões estão desabilitados",
              "timedOut": null,
              "duration": 33180,
              "state": "passed",
              "speed": "slow",
              "pass": true,
              "fail": false,
              "pending": false,
              "context": null,
              "code": "cy.wait(32000);\ncy.get(CORRECT_ALTERNATIVE_SELECTOR).should('be.disabled');",
              "err": {},
              "uuid": "1e8ae372-3258-4937-acbb-12f3fae1ea99",
              "parentUUID": "9490b98a-649d-44a9-9ba9-fadc2ecdef3b",
              "isHook": false,
              "skipped": false
            }
          ],
          "suites": [],
          "passes": [
            "5225735f-f21c-4edc-b600-f82d7b4b6fba",
            "1e8ae372-3258-4937-acbb-12f3fae1ea99"
          ],
          "failures": [],
          "pending": [],
          "skipped": [],
          "duration": 39544,
          "root": false,
          "rootEmpty": false,
          "_timeout": 2000
        },
        {
          "uuid": "eaf1b798-73c6-42d8-98a8-c5915138f071",
          "title": "9 - [TELA DE JOGO] Crie o placar com as seguintes características:",
          "fullFile": "",
          "file": "",
          "beforeHooks": [],
          "afterHooks": [],
          "tests": [
            {
              "title": "Será validado se os pontos são somados ao acertar uma questão",
              "fullTitle": "9 - [TELA DE JOGO] Crie o placar com as seguintes características: Será validado se os pontos são somados ao acertar uma questão",
              "timedOut": null,
              "duration": 1482,
              "state": "passed",
              "speed": "fast",
              "pass": true,
              "fail": false,
              "pending": false,
              "context": null,
              "code": "let lastScore;\ncy.window().its('store').invoke('getState').then(state => {\n  lastScore = state.player.score;\n});\ncy.get(CORRECT_ALTERNATIVE_SELECTOR).click().then(() => {\n  cy.window().its('store').invoke('getState').then(state => {\n    expect(lastScore).to.be.lt(state.player.score);\n  });\n});",
              "err": {},
              "uuid": "20fe3784-25cc-481a-93f0-00dc5a6429b6",
              "parentUUID": "eaf1b798-73c6-42d8-98a8-c5915138f071",
              "isHook": false,
              "skipped": false
            },
            {
              "title": "Será validado se os pontos não são somados ao errar uma questão",
              "fullTitle": "9 - [TELA DE JOGO] Crie o placar com as seguintes características: Será validado se os pontos não são somados ao errar uma questão",
              "timedOut": null,
              "duration": 1250,
              "state": "passed",
              "speed": "fast",
              "pass": true,
              "fail": false,
              "pending": false,
              "context": null,
              "code": "let lastScore;\ncy.window().its('store').invoke('getState').then(state => {\n  lastScore = state.player.score;\n});\ncy.get(WRONG_ALTERNATIVES_SELECTOR).first().click().then(() => {\n  cy.window().its('store').invoke('getState').then(state => {\n    expect(lastScore).to.be.eq(state.player.score);\n  });\n});",
              "err": {},
              "uuid": "c99d17a8-1c02-43b8-8b01-75de54a7ac8e",
              "parentUUID": "eaf1b798-73c6-42d8-98a8-c5915138f071",
              "isHook": false,
              "skipped": false
            }
          ],
          "suites": [],
          "passes": [
            "20fe3784-25cc-481a-93f0-00dc5a6429b6",
            "c99d17a8-1c02-43b8-8b01-75de54a7ac8e"
          ],
          "failures": [],
          "pending": [],
          "skipped": [],
          "duration": 2732,
          "root": false,
          "rootEmpty": false,
          "_timeout": 2000
        },
        {
          "uuid": "8d4a3fce-58b4-400f-b606-ae8ac7a1640d",
          "title": "10 - [TELA DE JOGO] Crie um botão de `Next` que apareça após a resposta ser dada",
          "fullFile": "",
          "file": "",
          "beforeHooks": [],
          "afterHooks": [],
          "tests": [
            {
              "title": "Será validado se o botão \"Next\" não é visível no início do jogo",
              "fullTitle": "10 - [TELA DE JOGO] Crie um botão de `Next` que apareça após a resposta ser dada Será validado se o botão \"Next\" não é visível no início do jogo",
              "timedOut": null,
              "duration": 1112,
              "state": "passed",
              "speed": "fast",
              "pass": true,
              "fail": false,
              "pending": false,
              "context": null,
              "code": "cy.get(BUTTON_NEXT_QUESTION_SELECTOR).should('not.exist');",
              "err": {},
              "uuid": "acbc6af3-922d-453d-8d7e-9a591d7ef2d8",
              "parentUUID": "8d4a3fce-58b4-400f-b606-ae8ac7a1640d",
              "isHook": false,
              "skipped": false
            },
            {
              "title": "Será validado se o botão \"Next\" é visível quando a pergunta é respondida corretamente",
              "fullTitle": "10 - [TELA DE JOGO] Crie um botão de `Next` que apareça após a resposta ser dada Será validado se o botão \"Next\" é visível quando a pergunta é respondida corretamente",
              "timedOut": null,
              "duration": 1234,
              "state": "passed",
              "speed": "fast",
              "pass": true,
              "fail": false,
              "pending": false,
              "context": null,
              "code": "cy.get(CORRECT_ALTERNATIVE_SELECTOR).click();\ncy.get(BUTTON_NEXT_QUESTION_SELECTOR).should('exist');",
              "err": {},
              "uuid": "eef1641e-6855-40c3-ac21-f422ea3a6758",
              "parentUUID": "8d4a3fce-58b4-400f-b606-ae8ac7a1640d",
              "isHook": false,
              "skipped": false
            },
            {
              "title": "Será validado se o botão \"Next\" é visível quando a pergunta é respondida incorretamente",
              "fullTitle": "10 - [TELA DE JOGO] Crie um botão de `Next` que apareça após a resposta ser dada Será validado se o botão \"Next\" é visível quando a pergunta é respondida incorretamente",
              "timedOut": null,
              "duration": 1233,
              "state": "passed",
              "speed": "fast",
              "pass": true,
              "fail": false,
              "pending": false,
              "context": null,
              "code": "cy.get(WRONG_ALTERNATIVES_SELECTOR).first().click();\ncy.get(BUTTON_NEXT_QUESTION_SELECTOR).should('be.visible');",
              "err": {},
              "uuid": "9b2b44b8-bb83-4050-bf19-9a0b28cb86da",
              "parentUUID": "8d4a3fce-58b4-400f-b606-ae8ac7a1640d",
              "isHook": false,
              "skipped": false
            }
          ],
          "suites": [],
          "passes": [
            "acbc6af3-922d-453d-8d7e-9a591d7ef2d8",
            "eef1641e-6855-40c3-ac21-f422ea3a6758",
            "9b2b44b8-bb83-4050-bf19-9a0b28cb86da"
          ],
          "failures": [],
          "pending": [],
          "skipped": [],
          "duration": 3579,
          "root": false,
          "rootEmpty": false,
          "_timeout": 2000
        },
        {
          "uuid": "5b73344d-ed50-48ab-8da5-b21394b32658",
          "title": "11 - [TELA DE JOGO] Desenvolva o jogo de forma que a pessoa que joga deve responder 5 perguntas no total",
          "fullFile": "",
          "file": "",
          "beforeHooks": [],
          "afterHooks": [],
          "tests": [
            {
              "title": "Será validado se os pontos são somados de forma correta ao acertar todas as respostas",
              "fullTitle": "11 - [TELA DE JOGO] Desenvolva o jogo de forma que a pessoa que joga deve responder 5 perguntas no total Será validado se os pontos são somados de forma correta ao acertar todas as respostas",
              "timedOut": null,
              "duration": 2049,
              "state": "passed",
              "speed": "fast",
              "pass": true,
              "fail": false,
              "pending": false,
              "context": null,
              "code": "let lastScore;\ncy.window().its('store').invoke('getState').then(state => {\n  lastScore = state.player.score;\n});\ncy.get(QUESTION_TEXT_SELECTOR).should('have.text', questionsResponse.results[0].question);\ncy.get(CORRECT_ALTERNATIVE_SELECTOR).click().then(() => {\n  cy.window().its('store').invoke('getState').then(state => {\n    expect(lastScore).to.be.lt(state.player.score);\n    lastScore = state.player.score;\n  });\n});\nfor (let i = 1; i <= 4; i += 1) {\n  cy.get(BUTTON_NEXT_QUESTION_SELECTOR).click();\n  cy.get(QUESTION_TEXT_SELECTOR).should('have.text', questionsResponse.results[i].question);\n  cy.get(CORRECT_ALTERNATIVE_SELECTOR).click().then(() => {\n    cy.window().its('store').invoke('getState').then(state => {\n      expect(lastScore).to.be.lt(state.player.score);\n      lastScore = state.player.score;\n    });\n  });\n}",
              "err": {},
              "uuid": "f3724cdb-63a2-4e34-b0f6-282bcb853d38",
              "parentUUID": "5b73344d-ed50-48ab-8da5-b21394b32658",
              "isHook": false,
              "skipped": false
            },
            {
              "title": "Será validado se os pontos são somados de forma correta ao errar todas as respostas",
              "fullTitle": "11 - [TELA DE JOGO] Desenvolva o jogo de forma que a pessoa que joga deve responder 5 perguntas no total Será validado se os pontos são somados de forma correta ao errar todas as respostas",
              "timedOut": null,
              "duration": 2088,
              "state": "passed",
              "speed": "fast",
              "pass": true,
              "fail": false,
              "pending": false,
              "context": null,
              "code": "let lastScore;\ncy.window().its('store').invoke('getState').then(state => {\n  lastScore = state.player.score;\n});\ncy.get(QUESTION_TEXT_SELECTOR).should('have.text', questionsResponse.results[0].question);\ncy.get(WRONG_ALTERNATIVES_SELECTOR).first().click().then(() => {\n  cy.window().its('store').invoke('getState').then(state => {\n    expect(lastScore).to.be.eq(state.player.score);\n  });\n});\nfor (let i = 1; i <= 4; i += 1) {\n  cy.get(BUTTON_NEXT_QUESTION_SELECTOR).click();\n  cy.get(QUESTION_TEXT_SELECTOR).should('have.text', questionsResponse.results[i].question);\n  cy.get(WRONG_ALTERNATIVES_SELECTOR).first().click().then(() => {\n    cy.window().its('store').invoke('getState').then(state => {\n      expect(lastScore).to.be.eq(state.player.score);\n    });\n  });\n}",
              "err": {},
              "uuid": "2500a107-1221-4d68-aaf4-f0b7d45cf00e",
              "parentUUID": "5b73344d-ed50-48ab-8da5-b21394b32658",
              "isHook": false,
              "skipped": false
            },
            {
              "title": "Será validado se a pessoa usuária é redirecionada para a tela de _feedback_ após a quinta pergunta",
              "fullTitle": "11 - [TELA DE JOGO] Desenvolva o jogo de forma que a pessoa que joga deve responder 5 perguntas no total Será validado se a pessoa usuária é redirecionada para a tela de _feedback_ após a quinta pergunta",
              "timedOut": null,
              "duration": 2060,
              "state": "passed",
              "speed": "fast",
              "pass": true,
              "fail": false,
              "pending": false,
              "context": null,
              "code": "cy.get(CORRECT_ALTERNATIVE_SELECTOR).click();\ncy.get(BUTTON_NEXT_QUESTION_SELECTOR).click();\ncy.get(CORRECT_ALTERNATIVE_SELECTOR).click();\ncy.get(BUTTON_NEXT_QUESTION_SELECTOR).click();\ncy.get(CORRECT_ALTERNATIVE_SELECTOR).click();\ncy.get(BUTTON_NEXT_QUESTION_SELECTOR).click();\ncy.get(CORRECT_ALTERNATIVE_SELECTOR).click();\ncy.get(BUTTON_NEXT_QUESTION_SELECTOR).click();\ncy.get(CORRECT_ALTERNATIVE_SELECTOR).click();\ncy.get(BUTTON_NEXT_QUESTION_SELECTOR).click();\ncy.get(FEEDBACK_TEXT_SELECTOR).should('exist');",
              "err": {},
              "uuid": "f1364992-4945-4bb5-973c-20fcd1418922",
              "parentUUID": "5b73344d-ed50-48ab-8da5-b21394b32658",
              "isHook": false,
              "skipped": false
            }
          ],
          "suites": [],
          "passes": [
            "f3724cdb-63a2-4e34-b0f6-282bcb853d38",
            "2500a107-1221-4d68-aaf4-f0b7d45cf00e",
            "f1364992-4945-4bb5-973c-20fcd1418922"
          ],
          "failures": [],
          "pending": [],
          "skipped": [],
          "duration": 6197,
          "root": false,
          "rootEmpty": false,
          "_timeout": 2000
        }
      ],
      "passes": [],
      "failures": [],
      "pending": [],
      "skipped": [],
      "duration": 0,
      "root": true,
      "rootEmpty": true,
      "_timeout": 2000
    }
  ],
  "meta": {
    "mocha": {
      "version": "7.0.1"
    },
    "mochawesome": {
      "options": {
        "quiet": false,
        "reportFilename": "mochawesome",
        "saveHtml": false,
        "saveJson": true,
        "consoleReporter": "spec",
        "useInlineDiffs": false,
        "code": true
      },
      "version": "7.1.3"
    },
    "marge": {
      "options": {
        "id": "default",
        "reportDir": "cypress/reports",
        "overwrite": false,
        "html": false,
        "json": true
      },
      "version": "6.2.0"
    }
  }
}