{
  "stats": {
    "suites": 1,
    "tests": 1,
    "passes": 0,
    "pending": 0,
    "failures": 1,
    "start": "2022-11-13T17:03:33.429Z",
    "end": "2022-11-13T17:03:33.753Z",
    "duration": 324,
    "testsRegistered": 1,
    "passPercent": 0,
    "pendingPercent": 0,
    "other": 0,
    "hasOther": false,
    "skipped": 0,
    "hasSkipped": false
  },
  "results": [
    {
      "uuid": "f35c27f3-2faa-4a77-9abe-1d6d385faa7a",
      "title": "",
      "fullFile": "cypress/e2e/22.testes-cobertura-aplicacao.cy.js",
      "file": "cypress/e2e/22.testes-cobertura-aplicacao.cy.js",
      "beforeHooks": [],
      "afterHooks": [],
      "tests": [],
      "suites": [
        {
          "uuid": "d73ead81-1eba-4155-9871-37b9a6394c77",
          "title": "22 - Desenvolva testes para atingir 95% de cobertura total",
          "fullFile": "",
          "file": "",
          "beforeHooks": [],
          "afterHooks": [],
          "tests": [
            {
              "title": "Verifica a cobertura de testes unitários",
              "fullTitle": "22 - Desenvolva testes para atingir 95% de cobertura total Verifica a cobertura de testes unitários",
              "timedOut": null,
              "duration": 189,
              "state": "failed",
              "speed": null,
              "pass": false,
              "fail": true,
              "pending": false,
              "context": null,
              "code": "cy.getCoverage().its('total.branches.pct', {\n  timeout: 0\n}).should('be.gte', 95.00);",
              "err": {
                "message": "AssertionError: Timed out retrying after 0ms: expected 41.17 to be at least 95",
                "estack": "AssertionError: Timed out retrying after 0ms: expected 41.17 to be at least 95\n    at Context.eval (http://localhost:34055/__cypress/tests?p=cypress/e2e/22.testes-cobertura-aplicacao.cy.js:103:8)",
                "diff": "- 41.17\n+ 95\n"
              },
              "uuid": "31e8b8ef-d485-4c57-ab1e-65d45bbb2e75",
              "parentUUID": "d73ead81-1eba-4155-9871-37b9a6394c77",
              "isHook": false,
              "skipped": false
            }
          ],
          "suites": [],
          "passes": [],
          "failures": [
            "31e8b8ef-d485-4c57-ab1e-65d45bbb2e75"
          ],
          "pending": [],
          "skipped": [],
          "duration": 189,
          "root": false,
          "rootEmpty": false,
          "_timeout": 2000
        }
      ],
      "passes": [],
      "failures": [],
      "pending": [],
      "skipped": [],
      "duration": 0,
      "root": true,
      "rootEmpty": true,
      "_timeout": 2000
    }
  ],
  "meta": {
    "mocha": {
      "version": "7.0.1"
    },
    "mochawesome": {
      "options": {
        "quiet": false,
        "reportFilename": "mochawesome",
        "saveHtml": false,
        "saveJson": true,
        "consoleReporter": "spec",
        "useInlineDiffs": false,
        "code": true
      },
      "version": "7.1.3"
    },
    "marge": {
      "options": {
        "id": "default",
        "reportDir": "cypress/reports",
        "overwrite": false,
        "html": false,
        "json": true
      },
      "version": "6.2.0"
    }
  }
}