{
  "stats": {
    "suites": 6,
    "tests": 12,
    "passes": 11,
    "pending": 0,
    "failures": 1,
    "start": "2022-11-13T18:25:42.815Z",
    "end": "2022-11-13T18:26:10.166Z",
    "duration": 27351,
    "testsRegistered": 12,
    "passPercent": 91.66666666666666,
    "pendingPercent": 0,
    "other": 0,
    "hasOther": false,
    "skipped": 0,
    "hasSkipped": false
  },
  "results": [
    {
      "uuid": "0a38befa-12bf-496f-bdc8-8c00c2fd9866",
      "title": "",
      "fullFile": "cypress/e2e/12-17-tela-de-feedback.cy.js",
      "file": "cypress/e2e/12-17-tela-de-feedback.cy.js",
      "beforeHooks": [],
      "afterHooks": [],
      "tests": [],
      "suites": [
        {
          "uuid": "cf2d9d8f-5f03-4d4f-857d-f79e0c67e006",
          "title": "12 - [TELA DE FEEDBACK] Desenvolva o header de _feedback_ que deve conter as informações da pessoa jogadora",
          "fullFile": "",
          "file": "",
          "beforeHooks": [],
          "afterHooks": [],
          "tests": [
            {
              "title": "Será validado se a imagem do Gravatar está presente no header",
              "fullTitle": "12 - [TELA DE FEEDBACK] Desenvolva o header de _feedback_ que deve conter as informações da pessoa jogadora Será validado se a imagem do Gravatar está presente no header",
              "timedOut": null,
              "duration": 3418,
              "state": "passed",
              "speed": "fast",
              "pass": true,
              "fail": false,
              "pending": false,
              "context": null,
              "code": "cy.get(HEADER_IMAGE_SELECTOR).should('exist');",
              "err": {},
              "uuid": "a18f7f9d-f8e6-4863-bb7f-8e64ab27a0ca",
              "parentUUID": "cf2d9d8f-5f03-4d4f-857d-f79e0c67e006",
              "isHook": false,
              "skipped": false
            },
            {
              "title": "Será validado se o nome da pessoa está presente no header",
              "fullTitle": "12 - [TELA DE FEEDBACK] Desenvolva o header de _feedback_ que deve conter as informações da pessoa jogadora Será validado se o nome da pessoa está presente no header",
              "timedOut": null,
              "duration": 2105,
              "state": "passed",
              "speed": "fast",
              "pass": true,
              "fail": false,
              "pending": false,
              "context": null,
              "code": "cy.get(HEADER_NAME_SELECTOR).contains(name);",
              "err": {},
              "uuid": "6b05df6c-e863-423f-a101-3dedd8ef78f7",
              "parentUUID": "cf2d9d8f-5f03-4d4f-857d-f79e0c67e006",
              "isHook": false,
              "skipped": false
            },
            {
              "title": "Será validado se o placar com o valor atual está presente no header",
              "fullTitle": "12 - [TELA DE FEEDBACK] Desenvolva o header de _feedback_ que deve conter as informações da pessoa jogadora Será validado se o placar com o valor atual está presente no header",
              "timedOut": null,
              "duration": 2171,
              "state": "passed",
              "speed": "fast",
              "pass": true,
              "fail": false,
              "pending": false,
              "context": null,
              "code": "let lastScore;\ncy.window().its('store').invoke('getState').then(state => {\n  lastScore = state.player.score;\n});\ncy.get(HEADER_SCORE_SELECTOR).should($el => {\n  expect(parseInt($el.text())).to.be.eq(lastScore);\n});",
              "err": {},
              "uuid": "71a00d45-4722-41d7-ad9e-94185df77c7b",
              "parentUUID": "cf2d9d8f-5f03-4d4f-857d-f79e0c67e006",
              "isHook": false,
              "skipped": false
            }
          ],
          "suites": [],
          "passes": [
            "a18f7f9d-f8e6-4863-bb7f-8e64ab27a0ca",
            "6b05df6c-e863-423f-a101-3dedd8ef78f7",
            "71a00d45-4722-41d7-ad9e-94185df77c7b"
          ],
          "failures": [],
          "pending": [],
          "skipped": [],
          "duration": 7694,
          "root": false,
          "rootEmpty": false,
          "_timeout": 2000
        },
        {
          "uuid": "bfc2e645-6a12-4ef4-89c3-b242cab64c96",
          "title": "13 - [TELA DE FEEDBACK] Crie a mensagem de _feedback_ para ser exibida a pessoa usuária",
          "fullFile": "",
          "file": "",
          "beforeHooks": [],
          "afterHooks": [],
          "tests": [
            {
              "title": "Será validado se ao acertar menos de 3 perguntas a mensagem de _feedback_ é \"Could be better...\"",
              "fullTitle": "13 - [TELA DE FEEDBACK] Crie a mensagem de _feedback_ para ser exibida a pessoa usuária Será validado se ao acertar menos de 3 perguntas a mensagem de _feedback_ é \"Could be better...\"",
              "timedOut": null,
              "duration": 2031,
              "state": "passed",
              "speed": "fast",
              "pass": true,
              "fail": false,
              "pending": false,
              "context": null,
              "code": "cy.get(CORRECT_ALTERNATIVE_SELECTOR).click();\ncy.get(BUTTON_NEXT_QUESTION_SELECTOR).click();\ncy.get(CORRECT_ALTERNATIVE_SELECTOR).click();\ncy.get(BUTTON_NEXT_QUESTION_SELECTOR).click();\ncy.get(WRONG_ALTERNATIVES_SELECTOR).first().click();\ncy.get(BUTTON_NEXT_QUESTION_SELECTOR).click();\ncy.get(WRONG_ALTERNATIVES_SELECTOR).first().click();\ncy.get(BUTTON_NEXT_QUESTION_SELECTOR).click();\ncy.get(WRONG_ALTERNATIVES_SELECTOR).first().click();\ncy.get(BUTTON_NEXT_QUESTION_SELECTOR).click();\ncy.get(FEEDBACK_TEXT_SELECTOR).contains('Could be better...');",
              "err": {},
              "uuid": "73d0d4cd-eb95-4cbe-a6bc-542562364138",
              "parentUUID": "bfc2e645-6a12-4ef4-89c3-b242cab64c96",
              "isHook": false,
              "skipped": false
            },
            {
              "title": "Será validado se ao acertar 3 perguntas a mensagem de _feedback_ é \"Well Done!\"",
              "fullTitle": "13 - [TELA DE FEEDBACK] Crie a mensagem de _feedback_ para ser exibida a pessoa usuária Será validado se ao acertar 3 perguntas a mensagem de _feedback_ é \"Well Done!\"",
              "timedOut": null,
              "duration": 2029,
              "state": "passed",
              "speed": "fast",
              "pass": true,
              "fail": false,
              "pending": false,
              "context": null,
              "code": "cy.get(WRONG_ALTERNATIVES_SELECTOR).first().click();\ncy.get(BUTTON_NEXT_QUESTION_SELECTOR).click();\ncy.get(CORRECT_ALTERNATIVE_SELECTOR).click();\ncy.get(BUTTON_NEXT_QUESTION_SELECTOR).click();\ncy.get(WRONG_ALTERNATIVES_SELECTOR).first().click();\ncy.get(BUTTON_NEXT_QUESTION_SELECTOR).click();\ncy.get(CORRECT_ALTERNATIVE_SELECTOR).first().click();\ncy.get(BUTTON_NEXT_QUESTION_SELECTOR).click();\ncy.get(CORRECT_ALTERNATIVE_SELECTOR).click();\ncy.get(BUTTON_NEXT_QUESTION_SELECTOR).click();\ncy.get(FEEDBACK_TEXT_SELECTOR).contains('Well Done!');",
              "err": {},
              "uuid": "b8ecad4b-1d7f-4140-bab7-c76f313d104c",
              "parentUUID": "bfc2e645-6a12-4ef4-89c3-b242cab64c96",
              "isHook": false,
              "skipped": false
            },
            {
              "title": "Será validado se ao acertar mais de 3 perguntas a mensagem de _feedback_ é \"Well Done!\"",
              "fullTitle": "13 - [TELA DE FEEDBACK] Crie a mensagem de _feedback_ para ser exibida a pessoa usuária Será validado se ao acertar mais de 3 perguntas a mensagem de _feedback_ é \"Well Done!\"",
              "timedOut": null,
              "duration": 2020,
              "state": "passed",
              "speed": "fast",
              "pass": true,
              "fail": false,
              "pending": false,
              "context": null,
              "code": "cy.get(CORRECT_ALTERNATIVE_SELECTOR).click();\ncy.get(BUTTON_NEXT_QUESTION_SELECTOR).click();\ncy.get(CORRECT_ALTERNATIVE_SELECTOR).click();\ncy.get(BUTTON_NEXT_QUESTION_SELECTOR).click();\ncy.get(WRONG_ALTERNATIVES_SELECTOR).first().click();\ncy.get(BUTTON_NEXT_QUESTION_SELECTOR).click();\ncy.get(CORRECT_ALTERNATIVE_SELECTOR).click();\ncy.get(BUTTON_NEXT_QUESTION_SELECTOR).click();\ncy.get(CORRECT_ALTERNATIVE_SELECTOR).click();\ncy.get(BUTTON_NEXT_QUESTION_SELECTOR).click();\ncy.get(FEEDBACK_TEXT_SELECTOR).contains('Well Done!');",
              "err": {},
              "uuid": "74fcdf3b-2a00-4bb8-9cb9-ffa96383c6b8",
              "parentUUID": "bfc2e645-6a12-4ef4-89c3-b242cab64c96",
              "isHook": false,
              "skipped": false
            }
          ],
          "suites": [],
          "passes": [
            "73d0d4cd-eb95-4cbe-a6bc-542562364138",
            "b8ecad4b-1d7f-4140-bab7-c76f313d104c",
            "74fcdf3b-2a00-4bb8-9cb9-ffa96383c6b8"
          ],
          "failures": [],
          "pending": [],
          "skipped": [],
          "duration": 6080,
          "root": false,
          "rootEmpty": false,
          "_timeout": 2000
        },
        {
          "uuid": "3dbba832-29f4-4e94-9029-9ee58a18690c",
          "title": "14 - [TELA DE FEEDBACK] Exiba as informações relacionadas aos resultados obtidos para a pessoa usuária",
          "fullFile": "",
          "file": "",
          "beforeHooks": [],
          "afterHooks": [],
          "tests": [
            {
              "title": "Será validado se o número exibido é correto quando a pessoa usuária não acerta nenhuma pergunta",
              "fullTitle": "14 - [TELA DE FEEDBACK] Exiba as informações relacionadas aos resultados obtidos para a pessoa usuária Será validado se o número exibido é correto quando a pessoa usuária não acerta nenhuma pergunta",
              "timedOut": null,
              "duration": 2029,
              "state": "passed",
              "speed": "fast",
              "pass": true,
              "fail": false,
              "pending": false,
              "context": null,
              "code": "cy.get(WRONG_ALTERNATIVES_SELECTOR).first().click();\ncy.get(BUTTON_NEXT_QUESTION_SELECTOR).click();\ncy.get(WRONG_ALTERNATIVES_SELECTOR).first().click();\ncy.get(BUTTON_NEXT_QUESTION_SELECTOR).click();\ncy.get(WRONG_ALTERNATIVES_SELECTOR).first().click();\ncy.get(BUTTON_NEXT_QUESTION_SELECTOR).click();\ncy.get(WRONG_ALTERNATIVES_SELECTOR).first().click();\ncy.get(BUTTON_NEXT_QUESTION_SELECTOR).click();\ncy.get(WRONG_ALTERNATIVES_SELECTOR).first().click();\ncy.get(BUTTON_NEXT_QUESTION_SELECTOR).click();\nverifyFeedbackInfo();",
              "err": {},
              "uuid": "146d1ded-dd16-4d7f-aef9-4df0bc2a1e79",
              "parentUUID": "3dbba832-29f4-4e94-9029-9ee58a18690c",
              "isHook": false,
              "skipped": false
            },
            {
              "title": "Será validado se o número exibido é correto quando a pessoa usuária acerta 2 perguntas",
              "fullTitle": "14 - [TELA DE FEEDBACK] Exiba as informações relacionadas aos resultados obtidos para a pessoa usuária Será validado se o número exibido é correto quando a pessoa usuária acerta 2 perguntas",
              "timedOut": null,
              "duration": 2036,
              "state": "passed",
              "speed": "fast",
              "pass": true,
              "fail": false,
              "pending": false,
              "context": null,
              "code": "cy.get(CORRECT_ALTERNATIVE_SELECTOR).click();\ncy.get(BUTTON_NEXT_QUESTION_SELECTOR).click();\ncy.get(CORRECT_ALTERNATIVE_SELECTOR).click();\ncy.get(BUTTON_NEXT_QUESTION_SELECTOR).click();\ncy.get(WRONG_ALTERNATIVES_SELECTOR).first().click();\ncy.get(BUTTON_NEXT_QUESTION_SELECTOR).click();\ncy.get(WRONG_ALTERNATIVES_SELECTOR).first().click();\ncy.get(BUTTON_NEXT_QUESTION_SELECTOR).click();\ncy.get(WRONG_ALTERNATIVES_SELECTOR).first().click();\ncy.get(BUTTON_NEXT_QUESTION_SELECTOR).click();\nverifyFeedbackInfo();",
              "err": {},
              "uuid": "a50b52fe-de4c-4ac0-bcdc-e7629a87a5c1",
              "parentUUID": "3dbba832-29f4-4e94-9029-9ee58a18690c",
              "isHook": false,
              "skipped": false
            },
            {
              "title": "Será validado se o número exibido é correto quando a pessoa usuária acerta 4 perguntas",
              "fullTitle": "14 - [TELA DE FEEDBACK] Exiba as informações relacionadas aos resultados obtidos para a pessoa usuária Será validado se o número exibido é correto quando a pessoa usuária acerta 4 perguntas",
              "timedOut": null,
              "duration": 2006,
              "state": "passed",
              "speed": "fast",
              "pass": true,
              "fail": false,
              "pending": false,
              "context": null,
              "code": "cy.get(CORRECT_ALTERNATIVE_SELECTOR).click();\ncy.get(BUTTON_NEXT_QUESTION_SELECTOR).click();\ncy.get(CORRECT_ALTERNATIVE_SELECTOR).click();\ncy.get(BUTTON_NEXT_QUESTION_SELECTOR).click();\ncy.get(CORRECT_ALTERNATIVE_SELECTOR).click();\ncy.get(BUTTON_NEXT_QUESTION_SELECTOR).click();\ncy.get(WRONG_ALTERNATIVES_SELECTOR).first().click();\ncy.get(BUTTON_NEXT_QUESTION_SELECTOR).click();\ncy.get(CORRECT_ALTERNATIVE_SELECTOR).click();\ncy.get(BUTTON_NEXT_QUESTION_SELECTOR).click();\nverifyFeedbackInfo();",
              "err": {},
              "uuid": "4274b13a-19a5-49a0-8dbc-7a87fe674375",
              "parentUUID": "3dbba832-29f4-4e94-9029-9ee58a18690c",
              "isHook": false,
              "skipped": false
            }
          ],
          "suites": [],
          "passes": [
            "146d1ded-dd16-4d7f-aef9-4df0bc2a1e79",
            "a50b52fe-de4c-4ac0-bcdc-e7629a87a5c1",
            "4274b13a-19a5-49a0-8dbc-7a87fe674375"
          ],
          "failures": [],
          "pending": [],
          "skipped": [],
          "duration": 6071,
          "root": false,
          "rootEmpty": false,
          "_timeout": 2000
        },
        {
          "uuid": "05830f34-e929-4704-8a64-06e05bbcaef7",
          "title": "15 - [TELA DE FEEDBACK] Crie a opção para a pessoa jogadora poder jogar novamente",
          "fullFile": "",
          "file": "",
          "beforeHooks": [],
          "afterHooks": [],
          "tests": [
            {
              "title": "Será validado se a pessoa é redirecionada para tela inicial ao clicar no botão \"Play Again\"",
              "fullTitle": "15 - [TELA DE FEEDBACK] Crie a opção para a pessoa jogadora poder jogar novamente Será validado se a pessoa é redirecionada para tela inicial ao clicar no botão \"Play Again\"",
              "timedOut": null,
              "duration": 2168,
              "state": "passed",
              "speed": "fast",
              "pass": true,
              "fail": false,
              "pending": false,
              "context": null,
              "code": "cy.get(BUTTON_PLAY_AGAIN_SELECTOR).click();\ncy.get(INPUT_PLAYER_EMAIL_SELECTOR).should('exist');",
              "err": {},
              "uuid": "aeb2f8a3-0a92-4ecd-884e-6e09f8e52d9f",
              "parentUUID": "05830f34-e929-4704-8a64-06e05bbcaef7",
              "isHook": false,
              "skipped": false
            }
          ],
          "suites": [],
          "passes": [
            "aeb2f8a3-0a92-4ecd-884e-6e09f8e52d9f"
          ],
          "failures": [],
          "pending": [],
          "skipped": [],
          "duration": 2168,
          "root": false,
          "rootEmpty": false,
          "_timeout": 2000
        },
        {
          "uuid": "8d4ffd29-29b8-4737-96e3-01d0b3bdac1f",
          "title": "16 - [TELA DE FEEDBACK] Crie a opção para a pessoa jogadora poder visualizar a tela de _ranking_",
          "fullFile": "",
          "file": "",
          "beforeHooks": [],
          "afterHooks": [],
          "tests": [
            {
              "title": "Será validado se ao clicar no botão \"Ranking\" a pessoa é redirecionada para tela de ranking",
              "fullTitle": "16 - [TELA DE FEEDBACK] Crie a opção para a pessoa jogadora poder visualizar a tela de _ranking_ Será validado se ao clicar no botão \"Ranking\" a pessoa é redirecionada para tela de ranking",
              "timedOut": null,
              "duration": 2090,
              "state": "passed",
              "speed": "fast",
              "pass": true,
              "fail": false,
              "pending": false,
              "context": null,
              "code": "cy.get(BUTTON_RANKING_SELECTOR).click();\ncy.get(RANKING_TITLE_SELECTOR).should('exist');",
              "err": {},
              "uuid": "16f817f2-80ae-4597-889f-ad27d010e65a",
              "parentUUID": "8d4ffd29-29b8-4737-96e3-01d0b3bdac1f",
              "isHook": false,
              "skipped": false
            }
          ],
          "suites": [],
          "passes": [
            "16f817f2-80ae-4597-889f-ad27d010e65a"
          ],
          "failures": [],
          "pending": [],
          "skipped": [],
          "duration": 2090,
          "root": false,
          "rootEmpty": false,
          "_timeout": 2000
        },
        {
          "uuid": "22e5c9a9-4948-4d05-ad60-bf46a4a566a4",
          "title": "17 - [TELA DE FEEDBACK] Desenvolva testes para atingir 90% de cobertura da tela de Feedbacks",
          "fullFile": "",
          "file": "",
          "beforeHooks": [],
          "afterHooks": [],
          "tests": [
            {
              "title": "Verifica a cobertura de testes unitários",
              "fullTitle": "17 - [TELA DE FEEDBACK] Desenvolva testes para atingir 90% de cobertura da tela de Feedbacks Verifica a cobertura de testes unitários",
              "timedOut": null,
              "duration": 72,
              "state": "failed",
              "speed": null,
              "pass": false,
              "fail": true,
              "pending": false,
              "context": null,
              "code": "cy.getCoverage().its('Feedback.functions.pct', {\n  timeout: 0\n}).should('be.gte', 90.00);\ncy.getCoverage().its('Feedback.lines.pct', {\n  timeout: 0\n}).should('be.gte', 90.00);",
              "err": {
                "message": "AssertionError: Timed out retrying after 0ms: expected 75 to be at least 90",
                "estack": "AssertionError: Timed out retrying after 0ms: expected 75 to be at least 90\n    at Context.eval (http://localhost:3000/__cypress/tests?p=cypress/e2e/12-17-tela-de-feedback.cy.js:335:8)",
                "diff": "- 75\n+ 90\n"
              },
              "uuid": "b7943832-7fcc-4519-a62b-2ce6a4f9705c",
              "parentUUID": "22e5c9a9-4948-4d05-ad60-bf46a4a566a4",
              "isHook": false,
              "skipped": false
            }
          ],
          "suites": [],
          "passes": [],
          "failures": [
            "b7943832-7fcc-4519-a62b-2ce6a4f9705c"
          ],
          "pending": [],
          "skipped": [],
          "duration": 72,
          "root": false,
          "rootEmpty": false,
          "_timeout": 2000
        }
      ],
      "passes": [],
      "failures": [],
      "pending": [],
      "skipped": [],
      "duration": 0,
      "root": true,
      "rootEmpty": true,
      "_timeout": 2000
    }
  ],
  "meta": {
    "mocha": {
      "version": "7.0.1"
    },
    "mochawesome": {
      "options": {
        "quiet": false,
        "reportFilename": "mochawesome",
        "saveHtml": false,
        "saveJson": true,
        "consoleReporter": "spec",
        "useInlineDiffs": false,
        "code": true
      },
      "version": "7.1.3"
    },
    "marge": {
      "options": {
        "id": "default",
        "reportDir": "cypress/reports",
        "overwrite": false,
        "html": false,
        "json": true
      },
      "version": "6.2.0"
    }
  }
}