{
  "stats": {
    "suites": 6,
    "tests": 12,
    "passes": 12,
    "pending": 0,
    "failures": 0,
    "start": "2022-11-14T18:22:47.648Z",
    "end": "2022-11-14T18:23:14.960Z",
    "duration": 27312,
    "testsRegistered": 12,
    "passPercent": 100,
    "pendingPercent": 0,
    "other": 0,
    "hasOther": false,
    "skipped": 0,
    "hasSkipped": false
  },
  "results": [
    {
      "uuid": "b9fc4efc-50ac-49fd-9548-44dbf4ea159b",
      "title": "",
      "fullFile": "cypress/e2e/12-17-tela-de-feedback.cy.js",
      "file": "cypress/e2e/12-17-tela-de-feedback.cy.js",
      "beforeHooks": [],
      "afterHooks": [],
      "tests": [],
      "suites": [
        {
          "uuid": "eedb523d-eb9d-4cee-8097-e37426d84ec6",
          "title": "12 - [TELA DE FEEDBACK] Desenvolva o header de _feedback_ que deve conter as informações da pessoa jogadora",
          "fullFile": "",
          "file": "",
          "beforeHooks": [],
          "afterHooks": [],
          "tests": [
            {
              "title": "Será validado se a imagem do Gravatar está presente no header",
              "fullTitle": "12 - [TELA DE FEEDBACK] Desenvolva o header de _feedback_ que deve conter as informações da pessoa jogadora Será validado se a imagem do Gravatar está presente no header",
              "timedOut": null,
              "duration": 3130,
              "state": "passed",
              "speed": "fast",
              "pass": true,
              "fail": false,
              "pending": false,
              "context": null,
              "code": "cy.get(HEADER_IMAGE_SELECTOR).should('exist');",
              "err": {},
              "uuid": "1f7215de-8fef-4d3f-87ad-c6ac0ed2b307",
              "parentUUID": "eedb523d-eb9d-4cee-8097-e37426d84ec6",
              "isHook": false,
              "skipped": false
            },
            {
              "title": "Será validado se o nome da pessoa está presente no header",
              "fullTitle": "12 - [TELA DE FEEDBACK] Desenvolva o header de _feedback_ que deve conter as informações da pessoa jogadora Será validado se o nome da pessoa está presente no header",
              "timedOut": null,
              "duration": 2105,
              "state": "passed",
              "speed": "fast",
              "pass": true,
              "fail": false,
              "pending": false,
              "context": null,
              "code": "cy.get(HEADER_NAME_SELECTOR).contains(name);",
              "err": {},
              "uuid": "8064eb87-82fc-4c97-87a7-df56bdd4bee3",
              "parentUUID": "eedb523d-eb9d-4cee-8097-e37426d84ec6",
              "isHook": false,
              "skipped": false
            },
            {
              "title": "Será validado se o placar com o valor atual está presente no header",
              "fullTitle": "12 - [TELA DE FEEDBACK] Desenvolva o header de _feedback_ que deve conter as informações da pessoa jogadora Será validado se o placar com o valor atual está presente no header",
              "timedOut": null,
              "duration": 2110,
              "state": "passed",
              "speed": "fast",
              "pass": true,
              "fail": false,
              "pending": false,
              "context": null,
              "code": "let lastScore;\ncy.window().its('store').invoke('getState').then(state => {\n  lastScore = state.player.score;\n});\ncy.get(HEADER_SCORE_SELECTOR).should($el => {\n  expect(parseInt($el.text())).to.be.eq(lastScore);\n});",
              "err": {},
              "uuid": "a96b81db-15cc-4f20-90b6-fbc19cacb08b",
              "parentUUID": "eedb523d-eb9d-4cee-8097-e37426d84ec6",
              "isHook": false,
              "skipped": false
            }
          ],
          "suites": [],
          "passes": [
            "1f7215de-8fef-4d3f-87ad-c6ac0ed2b307",
            "8064eb87-82fc-4c97-87a7-df56bdd4bee3",
            "a96b81db-15cc-4f20-90b6-fbc19cacb08b"
          ],
          "failures": [],
          "pending": [],
          "skipped": [],
          "duration": 7345,
          "root": false,
          "rootEmpty": false,
          "_timeout": 2000
        },
        {
          "uuid": "f79e0a14-f678-41fa-89bf-f8bfa920be7e",
          "title": "13 - [TELA DE FEEDBACK] Crie a mensagem de _feedback_ para ser exibida a pessoa usuária",
          "fullFile": "",
          "file": "",
          "beforeHooks": [],
          "afterHooks": [],
          "tests": [
            {
              "title": "Será validado se ao acertar menos de 3 perguntas a mensagem de _feedback_ é \"Could be better...\"",
              "fullTitle": "13 - [TELA DE FEEDBACK] Crie a mensagem de _feedback_ para ser exibida a pessoa usuária Será validado se ao acertar menos de 3 perguntas a mensagem de _feedback_ é \"Could be better...\"",
              "timedOut": null,
              "duration": 2195,
              "state": "passed",
              "speed": "fast",
              "pass": true,
              "fail": false,
              "pending": false,
              "context": null,
              "code": "cy.get(CORRECT_ALTERNATIVE_SELECTOR).click();\ncy.get(BUTTON_NEXT_QUESTION_SELECTOR).click();\ncy.get(CORRECT_ALTERNATIVE_SELECTOR).click();\ncy.get(BUTTON_NEXT_QUESTION_SELECTOR).click();\ncy.get(WRONG_ALTERNATIVES_SELECTOR).first().click();\ncy.get(BUTTON_NEXT_QUESTION_SELECTOR).click();\ncy.get(WRONG_ALTERNATIVES_SELECTOR).first().click();\ncy.get(BUTTON_NEXT_QUESTION_SELECTOR).click();\ncy.get(WRONG_ALTERNATIVES_SELECTOR).first().click();\ncy.get(BUTTON_NEXT_QUESTION_SELECTOR).click();\ncy.get(FEEDBACK_TEXT_SELECTOR).contains('Could be better...');",
              "err": {},
              "uuid": "4d4177ba-080a-4d2a-988a-82914a4da068",
              "parentUUID": "f79e0a14-f678-41fa-89bf-f8bfa920be7e",
              "isHook": false,
              "skipped": false
            },
            {
              "title": "Será validado se ao acertar 3 perguntas a mensagem de _feedback_ é \"Well Done!\"",
              "fullTitle": "13 - [TELA DE FEEDBACK] Crie a mensagem de _feedback_ para ser exibida a pessoa usuária Será validado se ao acertar 3 perguntas a mensagem de _feedback_ é \"Well Done!\"",
              "timedOut": null,
              "duration": 2069,
              "state": "passed",
              "speed": "fast",
              "pass": true,
              "fail": false,
              "pending": false,
              "context": null,
              "code": "cy.get(WRONG_ALTERNATIVES_SELECTOR).first().click();\ncy.get(BUTTON_NEXT_QUESTION_SELECTOR).click();\ncy.get(CORRECT_ALTERNATIVE_SELECTOR).click();\ncy.get(BUTTON_NEXT_QUESTION_SELECTOR).click();\ncy.get(WRONG_ALTERNATIVES_SELECTOR).first().click();\ncy.get(BUTTON_NEXT_QUESTION_SELECTOR).click();\ncy.get(CORRECT_ALTERNATIVE_SELECTOR).first().click();\ncy.get(BUTTON_NEXT_QUESTION_SELECTOR).click();\ncy.get(CORRECT_ALTERNATIVE_SELECTOR).click();\ncy.get(BUTTON_NEXT_QUESTION_SELECTOR).click();\ncy.get(FEEDBACK_TEXT_SELECTOR).contains('Well Done!');",
              "err": {},
              "uuid": "4443868b-f563-4339-80ab-a0de1f62c633",
              "parentUUID": "f79e0a14-f678-41fa-89bf-f8bfa920be7e",
              "isHook": false,
              "skipped": false
            },
            {
              "title": "Será validado se ao acertar mais de 3 perguntas a mensagem de _feedback_ é \"Well Done!\"",
              "fullTitle": "13 - [TELA DE FEEDBACK] Crie a mensagem de _feedback_ para ser exibida a pessoa usuária Será validado se ao acertar mais de 3 perguntas a mensagem de _feedback_ é \"Well Done!\"",
              "timedOut": null,
              "duration": 2237,
              "state": "passed",
              "speed": "fast",
              "pass": true,
              "fail": false,
              "pending": false,
              "context": null,
              "code": "cy.get(CORRECT_ALTERNATIVE_SELECTOR).click();\ncy.get(BUTTON_NEXT_QUESTION_SELECTOR).click();\ncy.get(CORRECT_ALTERNATIVE_SELECTOR).click();\ncy.get(BUTTON_NEXT_QUESTION_SELECTOR).click();\ncy.get(WRONG_ALTERNATIVES_SELECTOR).first().click();\ncy.get(BUTTON_NEXT_QUESTION_SELECTOR).click();\ncy.get(CORRECT_ALTERNATIVE_SELECTOR).click();\ncy.get(BUTTON_NEXT_QUESTION_SELECTOR).click();\ncy.get(CORRECT_ALTERNATIVE_SELECTOR).click();\ncy.get(BUTTON_NEXT_QUESTION_SELECTOR).click();\ncy.get(FEEDBACK_TEXT_SELECTOR).contains('Well Done!');",
              "err": {},
              "uuid": "28a29a32-c51c-44c7-a618-b9ebe2af1410",
              "parentUUID": "f79e0a14-f678-41fa-89bf-f8bfa920be7e",
              "isHook": false,
              "skipped": false
            }
          ],
          "suites": [],
          "passes": [
            "4d4177ba-080a-4d2a-988a-82914a4da068",
            "4443868b-f563-4339-80ab-a0de1f62c633",
            "28a29a32-c51c-44c7-a618-b9ebe2af1410"
          ],
          "failures": [],
          "pending": [],
          "skipped": [],
          "duration": 6501,
          "root": false,
          "rootEmpty": false,
          "_timeout": 2000
        },
        {
          "uuid": "8595f448-a588-4adf-b1ed-b94778d23cda",
          "title": "14 - [TELA DE FEEDBACK] Exiba as informações relacionadas aos resultados obtidos para a pessoa usuária",
          "fullFile": "",
          "file": "",
          "beforeHooks": [],
          "afterHooks": [],
          "tests": [
            {
              "title": "Será validado se o número exibido é correto quando a pessoa usuária não acerta nenhuma pergunta",
              "fullTitle": "14 - [TELA DE FEEDBACK] Exiba as informações relacionadas aos resultados obtidos para a pessoa usuária Será validado se o número exibido é correto quando a pessoa usuária não acerta nenhuma pergunta",
              "timedOut": null,
              "duration": 2080,
              "state": "passed",
              "speed": "fast",
              "pass": true,
              "fail": false,
              "pending": false,
              "context": null,
              "code": "cy.get(WRONG_ALTERNATIVES_SELECTOR).first().click();\ncy.get(BUTTON_NEXT_QUESTION_SELECTOR).click();\ncy.get(WRONG_ALTERNATIVES_SELECTOR).first().click();\ncy.get(BUTTON_NEXT_QUESTION_SELECTOR).click();\ncy.get(WRONG_ALTERNATIVES_SELECTOR).first().click();\ncy.get(BUTTON_NEXT_QUESTION_SELECTOR).click();\ncy.get(WRONG_ALTERNATIVES_SELECTOR).first().click();\ncy.get(BUTTON_NEXT_QUESTION_SELECTOR).click();\ncy.get(WRONG_ALTERNATIVES_SELECTOR).first().click();\ncy.get(BUTTON_NEXT_QUESTION_SELECTOR).click();\nverifyFeedbackInfo();",
              "err": {},
              "uuid": "63b124e7-6f21-41d0-b5fc-a15b3a7a2432",
              "parentUUID": "8595f448-a588-4adf-b1ed-b94778d23cda",
              "isHook": false,
              "skipped": false
            },
            {
              "title": "Será validado se o número exibido é correto quando a pessoa usuária acerta 2 perguntas",
              "fullTitle": "14 - [TELA DE FEEDBACK] Exiba as informações relacionadas aos resultados obtidos para a pessoa usuária Será validado se o número exibido é correto quando a pessoa usuária acerta 2 perguntas",
              "timedOut": null,
              "duration": 2169,
              "state": "passed",
              "speed": "fast",
              "pass": true,
              "fail": false,
              "pending": false,
              "context": null,
              "code": "cy.get(CORRECT_ALTERNATIVE_SELECTOR).click();\ncy.get(BUTTON_NEXT_QUESTION_SELECTOR).click();\ncy.get(CORRECT_ALTERNATIVE_SELECTOR).click();\ncy.get(BUTTON_NEXT_QUESTION_SELECTOR).click();\ncy.get(WRONG_ALTERNATIVES_SELECTOR).first().click();\ncy.get(BUTTON_NEXT_QUESTION_SELECTOR).click();\ncy.get(WRONG_ALTERNATIVES_SELECTOR).first().click();\ncy.get(BUTTON_NEXT_QUESTION_SELECTOR).click();\ncy.get(WRONG_ALTERNATIVES_SELECTOR).first().click();\ncy.get(BUTTON_NEXT_QUESTION_SELECTOR).click();\nverifyFeedbackInfo();",
              "err": {},
              "uuid": "40f9868b-9fd2-49e5-a065-ced5dd1e193c",
              "parentUUID": "8595f448-a588-4adf-b1ed-b94778d23cda",
              "isHook": false,
              "skipped": false
            },
            {
              "title": "Será validado se o número exibido é correto quando a pessoa usuária acerta 4 perguntas",
              "fullTitle": "14 - [TELA DE FEEDBACK] Exiba as informações relacionadas aos resultados obtidos para a pessoa usuária Será validado se o número exibido é correto quando a pessoa usuária acerta 4 perguntas",
              "timedOut": null,
              "duration": 2042,
              "state": "passed",
              "speed": "fast",
              "pass": true,
              "fail": false,
              "pending": false,
              "context": null,
              "code": "cy.get(CORRECT_ALTERNATIVE_SELECTOR).click();\ncy.get(BUTTON_NEXT_QUESTION_SELECTOR).click();\ncy.get(CORRECT_ALTERNATIVE_SELECTOR).click();\ncy.get(BUTTON_NEXT_QUESTION_SELECTOR).click();\ncy.get(CORRECT_ALTERNATIVE_SELECTOR).click();\ncy.get(BUTTON_NEXT_QUESTION_SELECTOR).click();\ncy.get(WRONG_ALTERNATIVES_SELECTOR).first().click();\ncy.get(BUTTON_NEXT_QUESTION_SELECTOR).click();\ncy.get(CORRECT_ALTERNATIVE_SELECTOR).click();\ncy.get(BUTTON_NEXT_QUESTION_SELECTOR).click();\nverifyFeedbackInfo();",
              "err": {},
              "uuid": "8707af82-4fe3-45d5-b436-161dc175ae61",
              "parentUUID": "8595f448-a588-4adf-b1ed-b94778d23cda",
              "isHook": false,
              "skipped": false
            }
          ],
          "suites": [],
          "passes": [
            "63b124e7-6f21-41d0-b5fc-a15b3a7a2432",
            "40f9868b-9fd2-49e5-a065-ced5dd1e193c",
            "8707af82-4fe3-45d5-b436-161dc175ae61"
          ],
          "failures": [],
          "pending": [],
          "skipped": [],
          "duration": 6291,
          "root": false,
          "rootEmpty": false,
          "_timeout": 2000
        },
        {
          "uuid": "38a01211-4f55-47a9-ad1a-40120651ac61",
          "title": "15 - [TELA DE FEEDBACK] Crie a opção para a pessoa jogadora poder jogar novamente",
          "fullFile": "",
          "file": "",
          "beforeHooks": [],
          "afterHooks": [],
          "tests": [
            {
              "title": "Será validado se a pessoa é redirecionada para tela inicial ao clicar no botão \"Play Again\"",
              "fullTitle": "15 - [TELA DE FEEDBACK] Crie a opção para a pessoa jogadora poder jogar novamente Será validado se a pessoa é redirecionada para tela inicial ao clicar no botão \"Play Again\"",
              "timedOut": null,
              "duration": 2248,
              "state": "passed",
              "speed": "fast",
              "pass": true,
              "fail": false,
              "pending": false,
              "context": null,
              "code": "cy.get(BUTTON_PLAY_AGAIN_SELECTOR).click();\ncy.get(INPUT_PLAYER_EMAIL_SELECTOR).should('exist');",
              "err": {},
              "uuid": "ad08fa1c-c662-42a1-8ef4-e75f6e4ae20d",
              "parentUUID": "38a01211-4f55-47a9-ad1a-40120651ac61",
              "isHook": false,
              "skipped": false
            }
          ],
          "suites": [],
          "passes": [
            "ad08fa1c-c662-42a1-8ef4-e75f6e4ae20d"
          ],
          "failures": [],
          "pending": [],
          "skipped": [],
          "duration": 2248,
          "root": false,
          "rootEmpty": false,
          "_timeout": 2000
        },
        {
          "uuid": "5436a8d7-e526-48c5-871e-5a8377ff5fe8",
          "title": "16 - [TELA DE FEEDBACK] Crie a opção para a pessoa jogadora poder visualizar a tela de _ranking_",
          "fullFile": "",
          "file": "",
          "beforeHooks": [],
          "afterHooks": [],
          "tests": [
            {
              "title": "Será validado se ao clicar no botão \"Ranking\" a pessoa é redirecionada para tela de ranking",
              "fullTitle": "16 - [TELA DE FEEDBACK] Crie a opção para a pessoa jogadora poder visualizar a tela de _ranking_ Será validado se ao clicar no botão \"Ranking\" a pessoa é redirecionada para tela de ranking",
              "timedOut": null,
              "duration": 2163,
              "state": "passed",
              "speed": "fast",
              "pass": true,
              "fail": false,
              "pending": false,
              "context": null,
              "code": "cy.get(BUTTON_RANKING_SELECTOR).click();\ncy.get(RANKING_TITLE_SELECTOR).should('exist');",
              "err": {},
              "uuid": "834ba5c6-04ba-409d-9ab3-3a444fac0d4e",
              "parentUUID": "5436a8d7-e526-48c5-871e-5a8377ff5fe8",
              "isHook": false,
              "skipped": false
            }
          ],
          "suites": [],
          "passes": [
            "834ba5c6-04ba-409d-9ab3-3a444fac0d4e"
          ],
          "failures": [],
          "pending": [],
          "skipped": [],
          "duration": 2163,
          "root": false,
          "rootEmpty": false,
          "_timeout": 2000
        },
        {
          "uuid": "179d04ed-0995-4128-8243-76f1a5338f98",
          "title": "17 - [TELA DE FEEDBACK] Desenvolva testes para atingir 90% de cobertura da tela de Feedbacks",
          "fullFile": "",
          "file": "",
          "beforeHooks": [],
          "afterHooks": [],
          "tests": [
            {
              "title": "Verifica a cobertura de testes unitários",
              "fullTitle": "17 - [TELA DE FEEDBACK] Desenvolva testes para atingir 90% de cobertura da tela de Feedbacks Verifica a cobertura de testes unitários",
              "timedOut": null,
              "duration": 56,
              "state": "passed",
              "speed": "fast",
              "pass": true,
              "fail": false,
              "pending": false,
              "context": null,
              "code": "cy.getCoverage().its('Feedback.functions.pct', {\n  timeout: 0\n}).should('be.gte', 90.00);\ncy.getCoverage().its('Feedback.lines.pct', {\n  timeout: 0\n}).should('be.gte', 90.00);",
              "err": {},
              "uuid": "90a59c9b-45f9-4aaf-b86f-88e2319672d7",
              "parentUUID": "179d04ed-0995-4128-8243-76f1a5338f98",
              "isHook": false,
              "skipped": false
            }
          ],
          "suites": [],
          "passes": [
            "90a59c9b-45f9-4aaf-b86f-88e2319672d7"
          ],
          "failures": [],
          "pending": [],
          "skipped": [],
          "duration": 56,
          "root": false,
          "rootEmpty": false,
          "_timeout": 2000
        }
      ],
      "passes": [],
      "failures": [],
      "pending": [],
      "skipped": [],
      "duration": 0,
      "root": true,
      "rootEmpty": true,
      "_timeout": 2000
    }
  ],
  "meta": {
    "mocha": {
      "version": "7.0.1"
    },
    "mochawesome": {
      "options": {
        "quiet": false,
        "reportFilename": "mochawesome",
        "saveHtml": false,
        "saveJson": true,
        "consoleReporter": "spec",
        "useInlineDiffs": false,
        "code": true
      },
      "version": "7.1.3"
    },
    "marge": {
      "options": {
        "id": "default",
        "reportDir": "cypress/reports",
        "overwrite": false,
        "html": false,
        "json": true
      },
      "version": "6.2.0"
    }
  }
}