{
  "stats": {
    "suites": 6,
    "tests": 12,
    "passes": 12,
    "pending": 0,
    "failures": 0,
    "start": "2022-11-14T18:18:48.103Z",
    "end": "2022-11-14T18:19:15.668Z",
    "duration": 27565,
    "testsRegistered": 12,
    "passPercent": 100,
    "pendingPercent": 0,
    "other": 0,
    "hasOther": false,
    "skipped": 0,
    "hasSkipped": false
  },
  "results": [
    {
      "uuid": "af32f7b8-0c23-4b59-813d-0749d9631c56",
      "title": "",
      "fullFile": "cypress/e2e/12-17-tela-de-feedback.cy.js",
      "file": "cypress/e2e/12-17-tela-de-feedback.cy.js",
      "beforeHooks": [],
      "afterHooks": [],
      "tests": [],
      "suites": [
        {
          "uuid": "f682272f-866e-4340-beef-00d6427b335b",
          "title": "12 - [TELA DE FEEDBACK] Desenvolva o header de _feedback_ que deve conter as informações da pessoa jogadora",
          "fullFile": "",
          "file": "",
          "beforeHooks": [],
          "afterHooks": [],
          "tests": [
            {
              "title": "Será validado se a imagem do Gravatar está presente no header",
              "fullTitle": "12 - [TELA DE FEEDBACK] Desenvolva o header de _feedback_ que deve conter as informações da pessoa jogadora Será validado se a imagem do Gravatar está presente no header",
              "timedOut": null,
              "duration": 3469,
              "state": "passed",
              "speed": "fast",
              "pass": true,
              "fail": false,
              "pending": false,
              "context": null,
              "code": "cy.get(HEADER_IMAGE_SELECTOR).should('exist');",
              "err": {},
              "uuid": "d29338f3-d049-469a-9643-4a86b402c86d",
              "parentUUID": "f682272f-866e-4340-beef-00d6427b335b",
              "isHook": false,
              "skipped": false
            },
            {
              "title": "Será validado se o nome da pessoa está presente no header",
              "fullTitle": "12 - [TELA DE FEEDBACK] Desenvolva o header de _feedback_ que deve conter as informações da pessoa jogadora Será validado se o nome da pessoa está presente no header",
              "timedOut": null,
              "duration": 2133,
              "state": "passed",
              "speed": "fast",
              "pass": true,
              "fail": false,
              "pending": false,
              "context": null,
              "code": "cy.get(HEADER_NAME_SELECTOR).contains(name);",
              "err": {},
              "uuid": "035cd43a-4a73-4939-98bb-75a96fae112c",
              "parentUUID": "f682272f-866e-4340-beef-00d6427b335b",
              "isHook": false,
              "skipped": false
            },
            {
              "title": "Será validado se o placar com o valor atual está presente no header",
              "fullTitle": "12 - [TELA DE FEEDBACK] Desenvolva o header de _feedback_ que deve conter as informações da pessoa jogadora Será validado se o placar com o valor atual está presente no header",
              "timedOut": null,
              "duration": 2101,
              "state": "passed",
              "speed": "fast",
              "pass": true,
              "fail": false,
              "pending": false,
              "context": null,
              "code": "let lastScore;\ncy.window().its('store').invoke('getState').then(state => {\n  lastScore = state.player.score;\n});\ncy.get(HEADER_SCORE_SELECTOR).should($el => {\n  expect(parseInt($el.text())).to.be.eq(lastScore);\n});",
              "err": {},
              "uuid": "07de62ec-9d0b-4311-a2d1-aa0ebf7d7e5e",
              "parentUUID": "f682272f-866e-4340-beef-00d6427b335b",
              "isHook": false,
              "skipped": false
            }
          ],
          "suites": [],
          "passes": [
            "d29338f3-d049-469a-9643-4a86b402c86d",
            "035cd43a-4a73-4939-98bb-75a96fae112c",
            "07de62ec-9d0b-4311-a2d1-aa0ebf7d7e5e"
          ],
          "failures": [],
          "pending": [],
          "skipped": [],
          "duration": 7703,
          "root": false,
          "rootEmpty": false,
          "_timeout": 2000
        },
        {
          "uuid": "3536c129-b970-4eb6-9b0a-d75f97a28355",
          "title": "13 - [TELA DE FEEDBACK] Crie a mensagem de _feedback_ para ser exibida a pessoa usuária",
          "fullFile": "",
          "file": "",
          "beforeHooks": [],
          "afterHooks": [],
          "tests": [
            {
              "title": "Será validado se ao acertar menos de 3 perguntas a mensagem de _feedback_ é \"Could be better...\"",
              "fullTitle": "13 - [TELA DE FEEDBACK] Crie a mensagem de _feedback_ para ser exibida a pessoa usuária Será validado se ao acertar menos de 3 perguntas a mensagem de _feedback_ é \"Could be better...\"",
              "timedOut": null,
              "duration": 2099,
              "state": "passed",
              "speed": "fast",
              "pass": true,
              "fail": false,
              "pending": false,
              "context": null,
              "code": "cy.get(CORRECT_ALTERNATIVE_SELECTOR).click();\ncy.get(BUTTON_NEXT_QUESTION_SELECTOR).click();\ncy.get(CORRECT_ALTERNATIVE_SELECTOR).click();\ncy.get(BUTTON_NEXT_QUESTION_SELECTOR).click();\ncy.get(WRONG_ALTERNATIVES_SELECTOR).first().click();\ncy.get(BUTTON_NEXT_QUESTION_SELECTOR).click();\ncy.get(WRONG_ALTERNATIVES_SELECTOR).first().click();\ncy.get(BUTTON_NEXT_QUESTION_SELECTOR).click();\ncy.get(WRONG_ALTERNATIVES_SELECTOR).first().click();\ncy.get(BUTTON_NEXT_QUESTION_SELECTOR).click();\ncy.get(FEEDBACK_TEXT_SELECTOR).contains('Could be better...');",
              "err": {},
              "uuid": "5189771f-9769-494c-8e5a-744e951c36fe",
              "parentUUID": "3536c129-b970-4eb6-9b0a-d75f97a28355",
              "isHook": false,
              "skipped": false
            },
            {
              "title": "Será validado se ao acertar 3 perguntas a mensagem de _feedback_ é \"Well Done!\"",
              "fullTitle": "13 - [TELA DE FEEDBACK] Crie a mensagem de _feedback_ para ser exibida a pessoa usuária Será validado se ao acertar 3 perguntas a mensagem de _feedback_ é \"Well Done!\"",
              "timedOut": null,
              "duration": 2077,
              "state": "passed",
              "speed": "fast",
              "pass": true,
              "fail": false,
              "pending": false,
              "context": null,
              "code": "cy.get(WRONG_ALTERNATIVES_SELECTOR).first().click();\ncy.get(BUTTON_NEXT_QUESTION_SELECTOR).click();\ncy.get(CORRECT_ALTERNATIVE_SELECTOR).click();\ncy.get(BUTTON_NEXT_QUESTION_SELECTOR).click();\ncy.get(WRONG_ALTERNATIVES_SELECTOR).first().click();\ncy.get(BUTTON_NEXT_QUESTION_SELECTOR).click();\ncy.get(CORRECT_ALTERNATIVE_SELECTOR).first().click();\ncy.get(BUTTON_NEXT_QUESTION_SELECTOR).click();\ncy.get(CORRECT_ALTERNATIVE_SELECTOR).click();\ncy.get(BUTTON_NEXT_QUESTION_SELECTOR).click();\ncy.get(FEEDBACK_TEXT_SELECTOR).contains('Well Done!');",
              "err": {},
              "uuid": "560bfbe2-a5a6-4f01-bcdd-312c1afd9701",
              "parentUUID": "3536c129-b970-4eb6-9b0a-d75f97a28355",
              "isHook": false,
              "skipped": false
            },
            {
              "title": "Será validado se ao acertar mais de 3 perguntas a mensagem de _feedback_ é \"Well Done!\"",
              "fullTitle": "13 - [TELA DE FEEDBACK] Crie a mensagem de _feedback_ para ser exibida a pessoa usuária Será validado se ao acertar mais de 3 perguntas a mensagem de _feedback_ é \"Well Done!\"",
              "timedOut": null,
              "duration": 2046,
              "state": "passed",
              "speed": "fast",
              "pass": true,
              "fail": false,
              "pending": false,
              "context": null,
              "code": "cy.get(CORRECT_ALTERNATIVE_SELECTOR).click();\ncy.get(BUTTON_NEXT_QUESTION_SELECTOR).click();\ncy.get(CORRECT_ALTERNATIVE_SELECTOR).click();\ncy.get(BUTTON_NEXT_QUESTION_SELECTOR).click();\ncy.get(WRONG_ALTERNATIVES_SELECTOR).first().click();\ncy.get(BUTTON_NEXT_QUESTION_SELECTOR).click();\ncy.get(CORRECT_ALTERNATIVE_SELECTOR).click();\ncy.get(BUTTON_NEXT_QUESTION_SELECTOR).click();\ncy.get(CORRECT_ALTERNATIVE_SELECTOR).click();\ncy.get(BUTTON_NEXT_QUESTION_SELECTOR).click();\ncy.get(FEEDBACK_TEXT_SELECTOR).contains('Well Done!');",
              "err": {},
              "uuid": "0267ce93-6a42-4a38-93e4-96052ee873ee",
              "parentUUID": "3536c129-b970-4eb6-9b0a-d75f97a28355",
              "isHook": false,
              "skipped": false
            }
          ],
          "suites": [],
          "passes": [
            "5189771f-9769-494c-8e5a-744e951c36fe",
            "560bfbe2-a5a6-4f01-bcdd-312c1afd9701",
            "0267ce93-6a42-4a38-93e4-96052ee873ee"
          ],
          "failures": [],
          "pending": [],
          "skipped": [],
          "duration": 6222,
          "root": false,
          "rootEmpty": false,
          "_timeout": 2000
        },
        {
          "uuid": "48a05529-e5a1-4953-9f31-642cc54569df",
          "title": "14 - [TELA DE FEEDBACK] Exiba as informações relacionadas aos resultados obtidos para a pessoa usuária",
          "fullFile": "",
          "file": "",
          "beforeHooks": [],
          "afterHooks": [],
          "tests": [
            {
              "title": "Será validado se o número exibido é correto quando a pessoa usuária não acerta nenhuma pergunta",
              "fullTitle": "14 - [TELA DE FEEDBACK] Exiba as informações relacionadas aos resultados obtidos para a pessoa usuária Será validado se o número exibido é correto quando a pessoa usuária não acerta nenhuma pergunta",
              "timedOut": null,
              "duration": 2061,
              "state": "passed",
              "speed": "fast",
              "pass": true,
              "fail": false,
              "pending": false,
              "context": null,
              "code": "cy.get(WRONG_ALTERNATIVES_SELECTOR).first().click();\ncy.get(BUTTON_NEXT_QUESTION_SELECTOR).click();\ncy.get(WRONG_ALTERNATIVES_SELECTOR).first().click();\ncy.get(BUTTON_NEXT_QUESTION_SELECTOR).click();\ncy.get(WRONG_ALTERNATIVES_SELECTOR).first().click();\ncy.get(BUTTON_NEXT_QUESTION_SELECTOR).click();\ncy.get(WRONG_ALTERNATIVES_SELECTOR).first().click();\ncy.get(BUTTON_NEXT_QUESTION_SELECTOR).click();\ncy.get(WRONG_ALTERNATIVES_SELECTOR).first().click();\ncy.get(BUTTON_NEXT_QUESTION_SELECTOR).click();\nverifyFeedbackInfo();",
              "err": {},
              "uuid": "d4d5bd4f-9e34-4fbf-b806-f2f70f319c06",
              "parentUUID": "48a05529-e5a1-4953-9f31-642cc54569df",
              "isHook": false,
              "skipped": false
            },
            {
              "title": "Será validado se o número exibido é correto quando a pessoa usuária acerta 2 perguntas",
              "fullTitle": "14 - [TELA DE FEEDBACK] Exiba as informações relacionadas aos resultados obtidos para a pessoa usuária Será validado se o número exibido é correto quando a pessoa usuária acerta 2 perguntas",
              "timedOut": null,
              "duration": 2185,
              "state": "passed",
              "speed": "fast",
              "pass": true,
              "fail": false,
              "pending": false,
              "context": null,
              "code": "cy.get(CORRECT_ALTERNATIVE_SELECTOR).click();\ncy.get(BUTTON_NEXT_QUESTION_SELECTOR).click();\ncy.get(CORRECT_ALTERNATIVE_SELECTOR).click();\ncy.get(BUTTON_NEXT_QUESTION_SELECTOR).click();\ncy.get(WRONG_ALTERNATIVES_SELECTOR).first().click();\ncy.get(BUTTON_NEXT_QUESTION_SELECTOR).click();\ncy.get(WRONG_ALTERNATIVES_SELECTOR).first().click();\ncy.get(BUTTON_NEXT_QUESTION_SELECTOR).click();\ncy.get(WRONG_ALTERNATIVES_SELECTOR).first().click();\ncy.get(BUTTON_NEXT_QUESTION_SELECTOR).click();\nverifyFeedbackInfo();",
              "err": {},
              "uuid": "a251bd4c-c01f-4010-9e68-1eea8b903d7b",
              "parentUUID": "48a05529-e5a1-4953-9f31-642cc54569df",
              "isHook": false,
              "skipped": false
            },
            {
              "title": "Será validado se o número exibido é correto quando a pessoa usuária acerta 4 perguntas",
              "fullTitle": "14 - [TELA DE FEEDBACK] Exiba as informações relacionadas aos resultados obtidos para a pessoa usuária Será validado se o número exibido é correto quando a pessoa usuária acerta 4 perguntas",
              "timedOut": null,
              "duration": 2105,
              "state": "passed",
              "speed": "fast",
              "pass": true,
              "fail": false,
              "pending": false,
              "context": null,
              "code": "cy.get(CORRECT_ALTERNATIVE_SELECTOR).click();\ncy.get(BUTTON_NEXT_QUESTION_SELECTOR).click();\ncy.get(CORRECT_ALTERNATIVE_SELECTOR).click();\ncy.get(BUTTON_NEXT_QUESTION_SELECTOR).click();\ncy.get(CORRECT_ALTERNATIVE_SELECTOR).click();\ncy.get(BUTTON_NEXT_QUESTION_SELECTOR).click();\ncy.get(WRONG_ALTERNATIVES_SELECTOR).first().click();\ncy.get(BUTTON_NEXT_QUESTION_SELECTOR).click();\ncy.get(CORRECT_ALTERNATIVE_SELECTOR).click();\ncy.get(BUTTON_NEXT_QUESTION_SELECTOR).click();\nverifyFeedbackInfo();",
              "err": {},
              "uuid": "db57cc0d-a0e2-4173-8ff7-e450f17c96c5",
              "parentUUID": "48a05529-e5a1-4953-9f31-642cc54569df",
              "isHook": false,
              "skipped": false
            }
          ],
          "suites": [],
          "passes": [
            "d4d5bd4f-9e34-4fbf-b806-f2f70f319c06",
            "a251bd4c-c01f-4010-9e68-1eea8b903d7b",
            "db57cc0d-a0e2-4173-8ff7-e450f17c96c5"
          ],
          "failures": [],
          "pending": [],
          "skipped": [],
          "duration": 6351,
          "root": false,
          "rootEmpty": false,
          "_timeout": 2000
        },
        {
          "uuid": "a22239a0-29fa-4d28-8c84-77067ecd6316",
          "title": "15 - [TELA DE FEEDBACK] Crie a opção para a pessoa jogadora poder jogar novamente",
          "fullFile": "",
          "file": "",
          "beforeHooks": [],
          "afterHooks": [],
          "tests": [
            {
              "title": "Será validado se a pessoa é redirecionada para tela inicial ao clicar no botão \"Play Again\"",
              "fullTitle": "15 - [TELA DE FEEDBACK] Crie a opção para a pessoa jogadora poder jogar novamente Será validado se a pessoa é redirecionada para tela inicial ao clicar no botão \"Play Again\"",
              "timedOut": null,
              "duration": 2113,
              "state": "passed",
              "speed": "fast",
              "pass": true,
              "fail": false,
              "pending": false,
              "context": null,
              "code": "cy.get(BUTTON_PLAY_AGAIN_SELECTOR).click();\ncy.get(INPUT_PLAYER_EMAIL_SELECTOR).should('exist');",
              "err": {},
              "uuid": "9686c9bc-c9f2-4644-9b75-47046e3d4943",
              "parentUUID": "a22239a0-29fa-4d28-8c84-77067ecd6316",
              "isHook": false,
              "skipped": false
            }
          ],
          "suites": [],
          "passes": [
            "9686c9bc-c9f2-4644-9b75-47046e3d4943"
          ],
          "failures": [],
          "pending": [],
          "skipped": [],
          "duration": 2113,
          "root": false,
          "rootEmpty": false,
          "_timeout": 2000
        },
        {
          "uuid": "3d3d95dc-dc65-4174-87c8-46e47cd3d80c",
          "title": "16 - [TELA DE FEEDBACK] Crie a opção para a pessoa jogadora poder visualizar a tela de _ranking_",
          "fullFile": "",
          "file": "",
          "beforeHooks": [],
          "afterHooks": [],
          "tests": [
            {
              "title": "Será validado se ao clicar no botão \"Ranking\" a pessoa é redirecionada para tela de ranking",
              "fullTitle": "16 - [TELA DE FEEDBACK] Crie a opção para a pessoa jogadora poder visualizar a tela de _ranking_ Será validado se ao clicar no botão \"Ranking\" a pessoa é redirecionada para tela de ranking",
              "timedOut": null,
              "duration": 2095,
              "state": "passed",
              "speed": "fast",
              "pass": true,
              "fail": false,
              "pending": false,
              "context": null,
              "code": "cy.get(BUTTON_RANKING_SELECTOR).click();\ncy.get(RANKING_TITLE_SELECTOR).should('exist');",
              "err": {},
              "uuid": "d9114d2c-d6f8-4166-98f7-866e53aa281f",
              "parentUUID": "3d3d95dc-dc65-4174-87c8-46e47cd3d80c",
              "isHook": false,
              "skipped": false
            }
          ],
          "suites": [],
          "passes": [
            "d9114d2c-d6f8-4166-98f7-866e53aa281f"
          ],
          "failures": [],
          "pending": [],
          "skipped": [],
          "duration": 2095,
          "root": false,
          "rootEmpty": false,
          "_timeout": 2000
        },
        {
          "uuid": "4b83a564-8927-4617-bd67-7b8f5feb66a1",
          "title": "17 - [TELA DE FEEDBACK] Desenvolva testes para atingir 90% de cobertura da tela de Feedbacks",
          "fullFile": "",
          "file": "",
          "beforeHooks": [],
          "afterHooks": [],
          "tests": [
            {
              "title": "Verifica a cobertura de testes unitários",
              "fullTitle": "17 - [TELA DE FEEDBACK] Desenvolva testes para atingir 90% de cobertura da tela de Feedbacks Verifica a cobertura de testes unitários",
              "timedOut": null,
              "duration": 51,
              "state": "passed",
              "speed": "fast",
              "pass": true,
              "fail": false,
              "pending": false,
              "context": null,
              "code": "cy.getCoverage().its('Feedback.functions.pct', {\n  timeout: 0\n}).should('be.gte', 90.00);\ncy.getCoverage().its('Feedback.lines.pct', {\n  timeout: 0\n}).should('be.gte', 90.00);",
              "err": {},
              "uuid": "6c6a99ac-210a-40b1-b720-b5649ca46a4d",
              "parentUUID": "4b83a564-8927-4617-bd67-7b8f5feb66a1",
              "isHook": false,
              "skipped": false
            }
          ],
          "suites": [],
          "passes": [
            "6c6a99ac-210a-40b1-b720-b5649ca46a4d"
          ],
          "failures": [],
          "pending": [],
          "skipped": [],
          "duration": 51,
          "root": false,
          "rootEmpty": false,
          "_timeout": 2000
        }
      ],
      "passes": [],
      "failures": [],
      "pending": [],
      "skipped": [],
      "duration": 0,
      "root": true,
      "rootEmpty": true,
      "_timeout": 2000
    }
  ],
  "meta": {
    "mocha": {
      "version": "7.0.1"
    },
    "mochawesome": {
      "options": {
        "quiet": false,
        "reportFilename": "mochawesome",
        "saveHtml": false,
        "saveJson": true,
        "consoleReporter": "spec",
        "useInlineDiffs": false,
        "code": true
      },
      "version": "7.1.3"
    },
    "marge": {
      "options": {
        "id": "default",
        "reportDir": "cypress/reports",
        "overwrite": false,
        "html": false,
        "json": true
      },
      "version": "6.2.0"
    }
  }
}