{
  "stats": {
    "suites": 3,
    "tests": 5,
    "passes": 1,
    "pending": 0,
    "failures": 4,
    "start": "2022-11-14T18:14:11.602Z",
    "end": "2022-11-14T18:15:02.430Z",
    "duration": 50828,
    "testsRegistered": 5,
    "passPercent": 20,
    "pendingPercent": 0,
    "other": 0,
    "hasOther": false,
    "skipped": 0,
    "hasSkipped": false
  },
  "results": [
    {
      "uuid": "45d5da1d-dad9-49da-a779-00713a6b6c08",
      "title": "",
      "fullFile": "cypress/e2e/18-20-tela-de-ranking.cy.js",
      "file": "cypress/e2e/18-20-tela-de-ranking.cy.js",
      "beforeHooks": [],
      "afterHooks": [],
      "tests": [],
      "suites": [
        {
          "uuid": "dbf51a7b-d21e-40d4-aefc-a916135fa3fb",
          "title": "18 - [TELA DE RANKING] Crie um botão para ir ao início",
          "fullFile": "",
          "file": "",
          "beforeHooks": [],
          "afterHooks": [],
          "tests": [
            {
              "title": "Será validado se ao clicar no botão a pessoa volta para a tela inicial",
              "fullTitle": "18 - [TELA DE RANKING] Crie um botão para ir ao início Será validado se ao clicar no botão a pessoa volta para a tela inicial",
              "timedOut": null,
              "duration": 3410,
              "state": "passed",
              "speed": "fast",
              "pass": true,
              "fail": false,
              "pending": false,
              "context": null,
              "code": "cy.visit('http://localhost:3000/', {\n  onBeforeLoad(win) {\n    win.fetch = fetchMock;\n  }\n});\ncy.clearLocalStorage();\ncy.get(INPUT_PLAYER_NAME_SELECTOR).type(name1);\ncy.get(INPUT_PLAYER_EMAIL_SELECTOR).type(email1);\ncy.get(BUTTON_PLAY_SELECTOR).click();\ncy.get(CORRECT_ALTERNATIVE_SELECTOR).click();\ncy.get(BUTTON_NEXT_QUESTION_SELECTOR).click();\ncy.get(CORRECT_ALTERNATIVE_SELECTOR).click();\ncy.get(BUTTON_NEXT_QUESTION_SELECTOR).click();\ncy.get(CORRECT_ALTERNATIVE_SELECTOR).click();\ncy.get(BUTTON_NEXT_QUESTION_SELECTOR).click();\ncy.get(CORRECT_ALTERNATIVE_SELECTOR).click();\ncy.get(BUTTON_NEXT_QUESTION_SELECTOR).click();\ncy.get(CORRECT_ALTERNATIVE_SELECTOR).click();\ncy.get(BUTTON_NEXT_QUESTION_SELECTOR).click();\ncy.get(BUTTON_RANKING_SELECTOR).click();\ncy.get(BUTTON_GO_HOME_SELECTOR).click();\ncy.get(INPUT_PLAYER_EMAIL_SELECTOR).should('exist');",
              "err": {},
              "uuid": "314d6fb6-fab3-4631-8c1b-86ee88a27bdd",
              "parentUUID": "dbf51a7b-d21e-40d4-aefc-a916135fa3fb",
              "isHook": false,
              "skipped": false
            }
          ],
          "suites": [],
          "passes": [
            "314d6fb6-fab3-4631-8c1b-86ee88a27bdd"
          ],
          "failures": [],
          "pending": [],
          "skipped": [],
          "duration": 3410,
          "root": false,
          "rootEmpty": false,
          "_timeout": 2000
        },
        {
          "uuid": "04834eab-025a-45a5-b5d3-02a8c959b1bf",
          "title": "19 - [TELA DE RANKING] Crie o conteúdo da tela de _ranking_",
          "fullFile": "",
          "file": "",
          "beforeHooks": [],
          "afterHooks": [],
          "tests": [
            {
              "title": "Será validado se existe uma pessoa no _ranking_",
              "fullTitle": "19 - [TELA DE RANKING] Crie o conteúdo da tela de _ranking_ Será validado se existe uma pessoa no _ranking_",
              "timedOut": null,
              "duration": 12329,
              "state": "failed",
              "speed": null,
              "pass": false,
              "fail": true,
              "pending": false,
              "context": null,
              "code": "cy.get(RANKING_PLAYERS_NAME_SELECTOR).should($el => {\n  expect($el).to.have.lengthOf(1);\n});",
              "err": {
                "message": "AssertionError: Timed out retrying after 10000ms: expected '[ <h2>, 1 more... ]' to have a length of 1 but got 2",
                "estack": "AssertionError: Timed out retrying after 10000ms: expected '[ <h2>, 1 more... ]' to have a length of 1 but got 2\n    at Context.eval (http://localhost:3000/__cypress/tests?p=cypress/e2e/18-20-tela-de-ranking.cy.js:171:27)",
                "diff": "- 2\n+ 1\n"
              },
              "uuid": "9bd61d92-e314-4f09-b7cb-5ab2d9c95729",
              "parentUUID": "04834eab-025a-45a5-b5d3-02a8c959b1bf",
              "isHook": false,
              "skipped": false
            },
            {
              "title": "Será validado se existem duas pessoas no _ranking_",
              "fullTitle": "19 - [TELA DE RANKING] Crie o conteúdo da tela de _ranking_ Será validado se existem duas pessoas no _ranking_",
              "timedOut": null,
              "duration": 14514,
              "state": "failed",
              "speed": null,
              "pass": false,
              "fail": true,
              "pending": false,
              "context": null,
              "code": "cy.get(BUTTON_GO_HOME_SELECTOR).click();\ncy.get(INPUT_PLAYER_NAME_SELECTOR).clear();\ncy.get(INPUT_PLAYER_EMAIL_SELECTOR).clear();\ncy.get(INPUT_PLAYER_NAME_SELECTOR).type(name2);\ncy.get(INPUT_PLAYER_EMAIL_SELECTOR).type(email2);\ncy.get(BUTTON_PLAY_SELECTOR).click();\ncy.get(CORRECT_ALTERNATIVE_SELECTOR).click();\ncy.get(BUTTON_NEXT_QUESTION_SELECTOR).click();\ncy.get(CORRECT_ALTERNATIVE_SELECTOR).click();\ncy.get(BUTTON_NEXT_QUESTION_SELECTOR).click();\ncy.get(CORRECT_ALTERNATIVE_SELECTOR).click();\ncy.get(BUTTON_NEXT_QUESTION_SELECTOR).click();\ncy.get(CORRECT_ALTERNATIVE_SELECTOR).click();\ncy.get(BUTTON_NEXT_QUESTION_SELECTOR).click();\ncy.get(CORRECT_ALTERNATIVE_SELECTOR).click();\ncy.get(BUTTON_NEXT_QUESTION_SELECTOR).click();\ncy.get(BUTTON_RANKING_SELECTOR).click();\ncy.get(RANKING_PLAYERS_NAME_SELECTOR).should($el => {\n  expect($el).to.have.lengthOf(2);\n});",
              "err": {
                "message": "AssertionError: Timed out retrying after 10000ms: expected '[ <h2>, 2 more... ]' to have a length of 2 but got 3",
                "estack": "AssertionError: Timed out retrying after 10000ms: expected '[ <h2>, 2 more... ]' to have a length of 2 but got 3\n    at Context.eval (http://localhost:3000/__cypress/tests?p=cypress/e2e/18-20-tela-de-ranking.cy.js:193:27)",
                "diff": "- 3\n+ 2\n"
              },
              "uuid": "f2f8203d-47a7-4da1-a60c-a56fa6fd60a2",
              "parentUUID": "04834eab-025a-45a5-b5d3-02a8c959b1bf",
              "isHook": false,
              "skipped": false
            },
            {
              "title": "Será validado se o _ranking_ é ordenado pela pontuação",
              "fullTitle": "19 - [TELA DE RANKING] Crie o conteúdo da tela de _ranking_ Será validado se o _ranking_ é ordenado pela pontuação",
              "timedOut": null,
              "duration": 17206,
              "state": "failed",
              "speed": null,
              "pass": false,
              "fail": true,
              "pending": false,
              "context": null,
              "code": "cy.get(BUTTON_GO_HOME_SELECTOR).click();\ncy.get(INPUT_PLAYER_NAME_SELECTOR).clear();\ncy.get(INPUT_PLAYER_EMAIL_SELECTOR).clear();\ncy.get(INPUT_PLAYER_NAME_SELECTOR).type(name2);\ncy.get(INPUT_PLAYER_EMAIL_SELECTOR).type(email2);\ncy.get(BUTTON_PLAY_SELECTOR).click();\ncy.get(WRONG_ALTERNATIVES_SELECTOR).first().click();\ncy.get(BUTTON_NEXT_QUESTION_SELECTOR).click();\ncy.get(WRONG_ALTERNATIVES_SELECTOR).first().click();\ncy.get(BUTTON_NEXT_QUESTION_SELECTOR).click();\ncy.get(WRONG_ALTERNATIVES_SELECTOR).first().click();\ncy.get(BUTTON_NEXT_QUESTION_SELECTOR).click();\ncy.get(WRONG_ALTERNATIVES_SELECTOR).first().click();\ncy.get(BUTTON_NEXT_QUESTION_SELECTOR).click();\ncy.get(WRONG_ALTERNATIVES_SELECTOR).first().click();\ncy.get(BUTTON_NEXT_QUESTION_SELECTOR).click();\ncy.get(BUTTON_RANKING_SELECTOR).click();\ncy.get(BUTTON_GO_HOME_SELECTOR).click();\ncy.get(INPUT_PLAYER_NAME_SELECTOR).clear();\ncy.get(INPUT_PLAYER_EMAIL_SELECTOR).clear();\ncy.get(INPUT_PLAYER_NAME_SELECTOR).type(name3);\ncy.get(INPUT_PLAYER_EMAIL_SELECTOR).type(email3);\ncy.get(BUTTON_PLAY_SELECTOR).click();\ncy.get(CORRECT_ALTERNATIVE_SELECTOR).click();\ncy.get(BUTTON_NEXT_QUESTION_SELECTOR).click();\ncy.get(WRONG_ALTERNATIVES_SELECTOR).first().click();\ncy.get(BUTTON_NEXT_QUESTION_SELECTOR).click();\ncy.get(WRONG_ALTERNATIVES_SELECTOR).first().click();\ncy.get(BUTTON_NEXT_QUESTION_SELECTOR).click();\ncy.get(WRONG_ALTERNATIVES_SELECTOR).first().click();\ncy.get(BUTTON_NEXT_QUESTION_SELECTOR).click();\ncy.get(WRONG_ALTERNATIVES_SELECTOR).first().click();\ncy.get(BUTTON_NEXT_QUESTION_SELECTOR).click();\ncy.get(BUTTON_RANKING_SELECTOR).click();\nconst ranking = [name1, name3, name2];\ncy.get(RANKING_PLAYERS_NAME_SELECTOR).should($el => {\n  expect($el).to.have.lengthOf(3);\n});\ncy.get(RANKING_PLAYERS_NAME_SELECTOR).each(($el, $index) => {\n  expect($el.text()).to.be.eq(ranking[$index]);\n});",
              "err": {
                "message": "AssertionError: Timed out retrying after 10000ms: expected '[ <h2>, 3 more... ]' to have a length of 3 but got 4",
                "estack": "AssertionError: Timed out retrying after 10000ms: expected '[ <h2>, 3 more... ]' to have a length of 3 but got 4\n    at Context.eval (http://localhost:3000/__cypress/tests?p=cypress/e2e/18-20-tela-de-ranking.cy.js:233:27)",
                "diff": "- 4\n+ 3\n"
              },
              "uuid": "29e6739d-b7c9-4e9b-aee0-bb560a6340c1",
              "parentUUID": "04834eab-025a-45a5-b5d3-02a8c959b1bf",
              "isHook": false,
              "skipped": false
            }
          ],
          "suites": [],
          "passes": [],
          "failures": [
            "9bd61d92-e314-4f09-b7cb-5ab2d9c95729",
            "f2f8203d-47a7-4da1-a60c-a56fa6fd60a2",
            "29e6739d-b7c9-4e9b-aee0-bb560a6340c1"
          ],
          "pending": [],
          "skipped": [],
          "duration": 44049,
          "root": false,
          "rootEmpty": false,
          "_timeout": 2000
        },
        {
          "uuid": "c18f2d82-ffc8-4588-a9d6-73b1ef362476",
          "title": "20 - [TELA DE RANKING] Desenvolva testes para atingir 90% de cobertura da tela de Rankings",
          "fullFile": "",
          "file": "",
          "beforeHooks": [],
          "afterHooks": [],
          "tests": [
            {
              "title": "Verifica a cobertura de testes unitários",
              "fullTitle": "20 - [TELA DE RANKING] Desenvolva testes para atingir 90% de cobertura da tela de Rankings Verifica a cobertura de testes unitários",
              "timedOut": null,
              "duration": 170,
              "state": "failed",
              "speed": null,
              "pass": false,
              "fail": true,
              "pending": false,
              "context": null,
              "code": "cy.getCoverage().its('Ranking.functions.pct', {\n  timeout: 0\n}).should('be.gte', 90.00);\ncy.getCoverage().its('Ranking.lines.pct', {\n  timeout: 0\n}).should('be.gte', 90.00);",
              "err": {
                "message": "AssertionError: Timed out retrying after 0ms: expected 37.5 to be at least 90",
                "estack": "AssertionError: Timed out retrying after 0ms: expected 37.5 to be at least 90\n    at Context.eval (http://localhost:3000/__cypress/tests?p=cypress/e2e/18-20-tela-de-ranking.cy.js:244:8)",
                "diff": "- 37.5\n+ 90\n"
              },
              "uuid": "64fe69e4-583e-4a2c-887e-e8f1037e7e3e",
              "parentUUID": "c18f2d82-ffc8-4588-a9d6-73b1ef362476",
              "isHook": false,
              "skipped": false
            }
          ],
          "suites": [],
          "passes": [],
          "failures": [
            "64fe69e4-583e-4a2c-887e-e8f1037e7e3e"
          ],
          "pending": [],
          "skipped": [],
          "duration": 170,
          "root": false,
          "rootEmpty": false,
          "_timeout": 2000
        }
      ],
      "passes": [],
      "failures": [],
      "pending": [],
      "skipped": [],
      "duration": 0,
      "root": true,
      "rootEmpty": true,
      "_timeout": 2000
    }
  ],
  "meta": {
    "mocha": {
      "version": "7.0.1"
    },
    "mochawesome": {
      "options": {
        "quiet": false,
        "reportFilename": "mochawesome",
        "saveHtml": false,
        "saveJson": true,
        "consoleReporter": "spec",
        "useInlineDiffs": false,
        "code": true
      },
      "version": "7.1.3"
    },
    "marge": {
      "options": {
        "id": "default",
        "reportDir": "cypress/reports",
        "overwrite": false,
        "html": false,
        "json": true
      },
      "version": "6.2.0"
    }
  }
}