{
  "stats": {
    "suites": 7,
    "tests": 23,
    "passes": 23,
    "pending": 0,
    "failures": 0,
    "start": "2022-11-19T19:45:52.546Z",
    "end": "2022-11-19T19:47:13.767Z",
    "duration": 81221,
    "testsRegistered": 23,
    "passPercent": 100,
    "pendingPercent": 0,
    "other": 0,
    "hasOther": false,
    "skipped": 0,
    "hasSkipped": false
  },
  "results": [
    {
      "uuid": "7e9b5060-ef11-427b-ab7c-9326bc0810a8",
      "title": "",
      "fullFile": "cypress/e2e/05-11-tela-de-jogo.cy.js",
      "file": "cypress/e2e/05-11-tela-de-jogo.cy.js",
      "beforeHooks": [],
      "afterHooks": [],
      "tests": [],
      "suites": [
        {
          "uuid": "6105e25a-d614-44c9-8b5a-fb6dbce4c070",
          "title": "5 - [TELA DE JOGO] Crie um _header_ que deve conter as informações da pessoa jogadora",
          "fullFile": "",
          "file": "",
          "beforeHooks": [],
          "afterHooks": [],
          "tests": [
            {
              "title": "Será validado se a imagem do Gravatar está presente no header",
              "fullTitle": "5 - [TELA DE JOGO] Crie um _header_ que deve conter as informações da pessoa jogadora Será validado se a imagem do Gravatar está presente no header",
              "timedOut": null,
              "duration": 2420,
              "state": "passed",
              "speed": "fast",
              "pass": true,
              "fail": false,
              "pending": false,
              "context": null,
              "code": "cy.get(HEADER_IMAGE_SELECTOR).should('exist');\ncy.get(HEADER_IMAGE_SELECTOR).should('have.attr', 'src', `https://www.gravatar.com/avatar/${MD5(PLAYER_EMAIL)}`);",
              "err": {},
              "uuid": "39c83b45-7d0e-4016-a050-e6eb8641db46",
              "parentUUID": "6105e25a-d614-44c9-8b5a-fb6dbce4c070",
              "isHook": false,
              "skipped": false
            },
            {
              "title": "Será validado se o nome da pessoa está presente no header",
              "fullTitle": "5 - [TELA DE JOGO] Crie um _header_ que deve conter as informações da pessoa jogadora Será validado se o nome da pessoa está presente no header",
              "timedOut": null,
              "duration": 1347,
              "state": "passed",
              "speed": "fast",
              "pass": true,
              "fail": false,
              "pending": false,
              "context": null,
              "code": "cy.get(HEADER_NAME_SELECTOR).contains(PLAYER_NAME);",
              "err": {},
              "uuid": "351b609f-7f41-4c77-aad4-b20ef317a369",
              "parentUUID": "6105e25a-d614-44c9-8b5a-fb6dbce4c070",
              "isHook": false,
              "skipped": false
            },
            {
              "title": "Será validado se o placar zerado está presente no header",
              "fullTitle": "5 - [TELA DE JOGO] Crie um _header_ que deve conter as informações da pessoa jogadora Será validado se o placar zerado está presente no header",
              "timedOut": null,
              "duration": 1109,
              "state": "passed",
              "speed": "fast",
              "pass": true,
              "fail": false,
              "pending": false,
              "context": null,
              "code": "cy.get(HEADER_SCORE_SELECTOR).contains('0');",
              "err": {},
              "uuid": "86dc8e73-6cce-4bcd-9fd0-4359aad119dd",
              "parentUUID": "6105e25a-d614-44c9-8b5a-fb6dbce4c070",
              "isHook": false,
              "skipped": false
            }
          ],
          "suites": [],
          "passes": [
            "39c83b45-7d0e-4016-a050-e6eb8641db46",
            "351b609f-7f41-4c77-aad4-b20ef317a369",
            "86dc8e73-6cce-4bcd-9fd0-4359aad119dd"
          ],
          "failures": [],
          "pending": [],
          "skipped": [],
          "duration": 4876,
          "root": false,
          "rootEmpty": false,
          "_timeout": 2000
        },
        {
          "uuid": "102af0f0-6b05-427a-8286-d3d89fc31584",
          "title": "6 - [TELA DE JOGO] Crie a página de jogo que deve conter as informações relacionadas à pergunta",
          "fullFile": "",
          "file": "",
          "beforeHooks": [],
          "afterHooks": [],
          "tests": [
            {
              "title": "Será validado se a API de perguntas é chamada corretamente",
              "fullTitle": "6 - [TELA DE JOGO] Crie a página de jogo que deve conter as informações relacionadas à pergunta Será validado se a API de perguntas é chamada corretamente",
              "timedOut": null,
              "duration": 1249,
              "state": "passed",
              "speed": "fast",
              "pass": true,
              "fail": false,
              "pending": false,
              "context": null,
              "code": "cy.window().its('fetch').should('be.calledWith', FETCH_TRIVIA_URL);",
              "err": {},
              "uuid": "867cc1ca-53a8-4c70-85a3-2a6793ee4e8c",
              "parentUUID": "102af0f0-6b05-427a-8286-d3d89fc31584",
              "isHook": false,
              "skipped": false
            },
            {
              "title": "Será validado se é feito o logout ao acessar o game com um token inválido",
              "fullTitle": "6 - [TELA DE JOGO] Crie a página de jogo que deve conter as informações relacionadas à pergunta Será validado se é feito o logout ao acessar o game com um token inválido",
              "timedOut": null,
              "duration": 1152,
              "state": "passed",
              "speed": "fast",
              "pass": true,
              "fail": false,
              "pending": false,
              "context": null,
              "code": "cy.get(\"@spyFetch\").should('be.calledWith', INVALID_FETCH_TRIVIA_URL);\ncy.window().its('location.pathname').should('eq', '/');",
              "err": {},
              "uuid": "b0fd30f7-9e5b-42c0-8232-db9a5199f604",
              "parentUUID": "102af0f0-6b05-427a-8286-d3d89fc31584",
              "isHook": false,
              "skipped": false
            },
            {
              "title": "Será validado se a categoria da pergunta está presente",
              "fullTitle": "6 - [TELA DE JOGO] Crie a página de jogo que deve conter as informações relacionadas à pergunta Será validado se a categoria da pergunta está presente",
              "timedOut": null,
              "duration": 1148,
              "state": "passed",
              "speed": "fast",
              "pass": true,
              "fail": false,
              "pending": false,
              "context": null,
              "code": "cy.get(QUESTION_CATEGORY_SELECTOR).should('exist');\ncy.get(QUESTION_CATEGORY_SELECTOR).contains(questionsResponse.results[0].category);",
              "err": {},
              "uuid": "ee1affc8-fcd5-4eb3-a067-f7535a743acd",
              "parentUUID": "102af0f0-6b05-427a-8286-d3d89fc31584",
              "isHook": false,
              "skipped": false
            },
            {
              "title": "Será validado se o texto da pergunta está presente",
              "fullTitle": "6 - [TELA DE JOGO] Crie a página de jogo que deve conter as informações relacionadas à pergunta Será validado se o texto da pergunta está presente",
              "timedOut": null,
              "duration": 1156,
              "state": "passed",
              "speed": "fast",
              "pass": true,
              "fail": false,
              "pending": false,
              "context": null,
              "code": "cy.get(QUESTION_TEXT_SELECTOR).should('exist');\ncy.get(QUESTION_TEXT_SELECTOR).contains(questionsResponse.results[0].question);",
              "err": {},
              "uuid": "9ec59f10-786d-4720-9f84-325b1b7d7acd",
              "parentUUID": "102af0f0-6b05-427a-8286-d3d89fc31584",
              "isHook": false,
              "skipped": false
            },
            {
              "title": "Será validado se as alternativas estão presentes",
              "fullTitle": "6 - [TELA DE JOGO] Crie a página de jogo que deve conter as informações relacionadas à pergunta Será validado se as alternativas estão presentes",
              "timedOut": null,
              "duration": 1186,
              "state": "passed",
              "speed": "fast",
              "pass": true,
              "fail": false,
              "pending": false,
              "context": null,
              "code": "cy.get(CORRECT_ALTERNATIVE_SELECTOR).should('exist');\ncy.get(CORRECT_ALTERNATIVE_SELECTOR).should('have.length', 1);\ncy.get(CORRECT_ALTERNATIVE_SELECTOR).contains(questionsResponse.results[0].correct_answer);\ncy.get(WRONG_ALTERNATIVES_SELECTOR).should('exist');\ncy.get(WRONG_ALTERNATIVES_SELECTOR).each(element => {\n  expect(element.text()).to.includes.oneOf(questionsResponse.results[0].incorrect_answers);\n});",
              "err": {},
              "uuid": "46e5cd83-ec59-4a50-92b0-f6f486f395ac",
              "parentUUID": "102af0f0-6b05-427a-8286-d3d89fc31584",
              "isHook": false,
              "skipped": false
            },
            {
              "title": "Será validado se as alternativas estão posicionadas em ordem aleatória",
              "fullTitle": "6 - [TELA DE JOGO] Crie a página de jogo que deve conter as informações relacionadas à pergunta Será validado se as alternativas estão posicionadas em ordem aleatória",
              "timedOut": null,
              "duration": 6674,
              "state": "passed",
              "speed": "medium",
              "pass": true,
              "fail": false,
              "pending": false,
              "context": null,
              "code": "const answersList = [];\ncy.get(ALL_ALTERNATIVES_SELECTOR).then(() => {\n  for (let i = 0; i < 5; i += 1) {\n    loadQuestionsPage();\n    cy.get(ALL_ALTERNATIVES_SELECTOR).then(newAnswersSection => {\n      const newAnswers = Array.from(newAnswersSection.children()).map(answer => answer.dataset.testid);\n      const currentIndex = newAnswers.indexOf('correct-answer');\n      answersList.push(currentIndex);\n    });\n  }\n  ;\n}).then(() => {\n  const removeRepeatedList = [...new Set(answersList)];\n  expect(removeRepeatedList.length).to.be.greaterThan(1);\n});",
              "err": {},
              "uuid": "ecfbe48d-b28a-4f20-921c-4f654cec7dd6",
              "parentUUID": "102af0f0-6b05-427a-8286-d3d89fc31584",
              "isHook": false,
              "skipped": false
            }
          ],
          "suites": [],
          "passes": [
            "867cc1ca-53a8-4c70-85a3-2a6793ee4e8c",
            "b0fd30f7-9e5b-42c0-8232-db9a5199f604",
            "ee1affc8-fcd5-4eb3-a067-f7535a743acd",
            "9ec59f10-786d-4720-9f84-325b1b7d7acd",
            "46e5cd83-ec59-4a50-92b0-f6f486f395ac",
            "ecfbe48d-b28a-4f20-921c-4f654cec7dd6"
          ],
          "failures": [],
          "pending": [],
          "skipped": [],
          "duration": 12565,
          "root": false,
          "rootEmpty": false,
          "_timeout": 2000
        },
        {
          "uuid": "be3948fc-5afa-4ead-b2df-2cbfeb3447ed",
          "title": "7 - [TELA DE JOGO] Desenvolva o estilo que, ao clicar em uma resposta, a correta deve ficar verde e as incorretas, vermelhas",
          "fullFile": "",
          "file": "",
          "beforeHooks": [],
          "afterHooks": [],
          "tests": [
            {
              "title": "Será validado se a cor da alternativa correta é \"rgb(6, 240, 15)\" ao acertar a questão",
              "fullTitle": "7 - [TELA DE JOGO] Desenvolva o estilo que, ao clicar em uma resposta, a correta deve ficar verde e as incorretas, vermelhas Será validado se a cor da alternativa correta é \"rgb(6, 240, 15)\" ao acertar a questão",
              "timedOut": null,
              "duration": 1440,
              "state": "passed",
              "speed": "fast",
              "pass": true,
              "fail": false,
              "pending": false,
              "context": null,
              "code": "cy.get(CORRECT_ALTERNATIVE_SELECTOR).click();\ncy.get(CORRECT_ALTERNATIVE_SELECTOR).should('have.css', 'border-color', 'rgb(6, 240, 15)');\ncy.get(CORRECT_ALTERNATIVE_SELECTOR).should('have.css', 'border-style', 'solid');\ncy.get(CORRECT_ALTERNATIVE_SELECTOR).should('have.css', 'border-width', '3px');",
              "err": {},
              "uuid": "7f7e0a71-30b3-49b8-b5f0-f6519f3f9155",
              "parentUUID": "be3948fc-5afa-4ead-b2df-2cbfeb3447ed",
              "isHook": false,
              "skipped": false
            },
            {
              "title": "Será validado se a cor das alternativas incorretas é \"rgb(255, 0, 0)\" ao acertar a questão",
              "fullTitle": "7 - [TELA DE JOGO] Desenvolva o estilo que, ao clicar em uma resposta, a correta deve ficar verde e as incorretas, vermelhas Será validado se a cor das alternativas incorretas é \"rgb(255, 0, 0)\" ao acertar a questão",
              "timedOut": null,
              "duration": 1436,
              "state": "passed",
              "speed": "fast",
              "pass": true,
              "fail": false,
              "pending": false,
              "context": null,
              "code": "cy.get(CORRECT_ALTERNATIVE_SELECTOR).click();\ncy.get(WRONG_ALTERNATIVES_SELECTOR).should('have.css', 'border-color', 'rgb(255, 0, 0)');\ncy.get(WRONG_ALTERNATIVES_SELECTOR).should('have.css', 'border-style', 'solid');\ncy.get(WRONG_ALTERNATIVES_SELECTOR).should('have.css', 'border-width', '3px');",
              "err": {},
              "uuid": "1a089cbf-dd00-4b70-8f2e-1870bbdc4421",
              "parentUUID": "be3948fc-5afa-4ead-b2df-2cbfeb3447ed",
              "isHook": false,
              "skipped": false
            },
            {
              "title": "Será validado se a cor da alternativa correta é \"rgb(6, 240, 15)\" ao errar a questão",
              "fullTitle": "7 - [TELA DE JOGO] Desenvolva o estilo que, ao clicar em uma resposta, a correta deve ficar verde e as incorretas, vermelhas Será validado se a cor da alternativa correta é \"rgb(6, 240, 15)\" ao errar a questão",
              "timedOut": null,
              "duration": 1446,
              "state": "passed",
              "speed": "fast",
              "pass": true,
              "fail": false,
              "pending": false,
              "context": null,
              "code": "cy.get(WRONG_ALTERNATIVES_SELECTOR).first().click();\ncy.get(CORRECT_ALTERNATIVE_SELECTOR).should('have.css', 'border-color', 'rgb(6, 240, 15)');\ncy.get(CORRECT_ALTERNATIVE_SELECTOR).should('have.css', 'border-style', 'solid');\ncy.get(CORRECT_ALTERNATIVE_SELECTOR).should('have.css', 'border-width', '3px');",
              "err": {},
              "uuid": "58432e60-4af8-48a9-9bf7-4ca1bd488e85",
              "parentUUID": "be3948fc-5afa-4ead-b2df-2cbfeb3447ed",
              "isHook": false,
              "skipped": false
            },
            {
              "title": "Será validado se a cor das alternativas incorretas é \"rgb(255, 0, 0)\" ao errar a questão",
              "fullTitle": "7 - [TELA DE JOGO] Desenvolva o estilo que, ao clicar em uma resposta, a correta deve ficar verde e as incorretas, vermelhas Será validado se a cor das alternativas incorretas é \"rgb(255, 0, 0)\" ao errar a questão",
              "timedOut": null,
              "duration": 1428,
              "state": "passed",
              "speed": "fast",
              "pass": true,
              "fail": false,
              "pending": false,
              "context": null,
              "code": "cy.get(WRONG_ALTERNATIVES_SELECTOR).first().click();\ncy.get(WRONG_ALTERNATIVES_SELECTOR).should('have.css', 'border-color', 'rgb(255, 0, 0)');\ncy.get(WRONG_ALTERNATIVES_SELECTOR).should('have.css', 'border-style', 'solid');\ncy.get(WRONG_ALTERNATIVES_SELECTOR).should('have.css', 'border-width', '3px');",
              "err": {},
              "uuid": "eaab80e5-19af-4717-8af8-4692ace468d9",
              "parentUUID": "be3948fc-5afa-4ead-b2df-2cbfeb3447ed",
              "isHook": false,
              "skipped": false
            }
          ],
          "suites": [],
          "passes": [
            "7f7e0a71-30b3-49b8-b5f0-f6519f3f9155",
            "1a089cbf-dd00-4b70-8f2e-1870bbdc4421",
            "58432e60-4af8-48a9-9bf7-4ca1bd488e85",
            "eaab80e5-19af-4717-8af8-4692ace468d9"
          ],
          "failures": [],
          "pending": [],
          "skipped": [],
          "duration": 5750,
          "root": false,
          "rootEmpty": false,
          "_timeout": 2000
        },
        {
          "uuid": "5f45360b-1115-4cde-abf5-95ad2d35e1cc",
          "title": "8 - [TELA DE JOGO] Desenvolva um timer onde a pessoa que joga tem 30 segundos para responder",
          "fullFile": "",
          "file": "",
          "beforeHooks": [],
          "afterHooks": [],
          "tests": [
            {
              "title": "Será validado se é possível aguardar 5 segundos e responder a alternativa correta",
              "fullTitle": "8 - [TELA DE JOGO] Desenvolva um timer onde a pessoa que joga tem 30 segundos para responder Será validado se é possível aguardar 5 segundos e responder a alternativa correta",
              "timedOut": null,
              "duration": 6365,
              "state": "passed",
              "speed": "medium",
              "pass": true,
              "fail": false,
              "pending": false,
              "context": null,
              "code": "cy.wait(5000);\ncy.get(CORRECT_ALTERNATIVE_SELECTOR).should('not.be.disabled').click();",
              "err": {},
              "uuid": "83d61eb4-52f8-4a16-8b25-da3bc9639cb5",
              "parentUUID": "5f45360b-1115-4cde-abf5-95ad2d35e1cc",
              "isHook": false,
              "skipped": false
            },
            {
              "title": "Será validado se ao aguardar mais de 30 segundos para responder, todos botões estão desabilitados",
              "fullTitle": "8 - [TELA DE JOGO] Desenvolva um timer onde a pessoa que joga tem 30 segundos para responder Será validado se ao aguardar mais de 30 segundos para responder, todos botões estão desabilitados",
              "timedOut": null,
              "duration": 33173,
              "state": "passed",
              "speed": "slow",
              "pass": true,
              "fail": false,
              "pending": false,
              "context": null,
              "code": "cy.wait(32000);\ncy.get(CORRECT_ALTERNATIVE_SELECTOR).should('be.disabled');",
              "err": {},
              "uuid": "062e77e6-10c6-4c1b-afb3-6f2d23c7932f",
              "parentUUID": "5f45360b-1115-4cde-abf5-95ad2d35e1cc",
              "isHook": false,
              "skipped": false
            }
          ],
          "suites": [],
          "passes": [
            "83d61eb4-52f8-4a16-8b25-da3bc9639cb5",
            "062e77e6-10c6-4c1b-afb3-6f2d23c7932f"
          ],
          "failures": [],
          "pending": [],
          "skipped": [],
          "duration": 39538,
          "root": false,
          "rootEmpty": false,
          "_timeout": 2000
        },
        {
          "uuid": "9bc4645e-f3b5-44af-a0ed-297953189ba2",
          "title": "9 - [TELA DE JOGO] Crie o placar com as seguintes características:",
          "fullFile": "",
          "file": "",
          "beforeHooks": [],
          "afterHooks": [],
          "tests": [
            {
              "title": "Será validado se os pontos são somados ao acertar uma questão",
              "fullTitle": "9 - [TELA DE JOGO] Crie o placar com as seguintes características: Será validado se os pontos são somados ao acertar uma questão",
              "timedOut": null,
              "duration": 1353,
              "state": "passed",
              "speed": "fast",
              "pass": true,
              "fail": false,
              "pending": false,
              "context": null,
              "code": "let lastScore;\ncy.window().its('store').invoke('getState').then(state => {\n  lastScore = state.player.score;\n});\ncy.get(CORRECT_ALTERNATIVE_SELECTOR).click().then(() => {\n  cy.window().its('store').invoke('getState').then(state => {\n    expect(lastScore).to.be.lt(state.player.score);\n  });\n});",
              "err": {},
              "uuid": "c8f22524-96ee-4887-b8c0-0d3880c5849e",
              "parentUUID": "9bc4645e-f3b5-44af-a0ed-297953189ba2",
              "isHook": false,
              "skipped": false
            },
            {
              "title": "Será validado se os pontos não são somados ao errar uma questão",
              "fullTitle": "9 - [TELA DE JOGO] Crie o placar com as seguintes características: Será validado se os pontos não são somados ao errar uma questão",
              "timedOut": null,
              "duration": 1369,
              "state": "passed",
              "speed": "fast",
              "pass": true,
              "fail": false,
              "pending": false,
              "context": null,
              "code": "let lastScore;\ncy.window().its('store').invoke('getState').then(state => {\n  lastScore = state.player.score;\n});\ncy.get(WRONG_ALTERNATIVES_SELECTOR).first().click().then(() => {\n  cy.window().its('store').invoke('getState').then(state => {\n    expect(lastScore).to.be.eq(state.player.score);\n  });\n});",
              "err": {},
              "uuid": "00947704-617c-4505-a67f-5cfabf5ce3e5",
              "parentUUID": "9bc4645e-f3b5-44af-a0ed-297953189ba2",
              "isHook": false,
              "skipped": false
            }
          ],
          "suites": [],
          "passes": [
            "c8f22524-96ee-4887-b8c0-0d3880c5849e",
            "00947704-617c-4505-a67f-5cfabf5ce3e5"
          ],
          "failures": [],
          "pending": [],
          "skipped": [],
          "duration": 2722,
          "root": false,
          "rootEmpty": false,
          "_timeout": 2000
        },
        {
          "uuid": "d4aab8a4-fee2-4fed-8fcb-8a9aaa1b247e",
          "title": "10 - [TELA DE JOGO] Crie um botão de `Next` que apareça após a resposta ser dada",
          "fullFile": "",
          "file": "",
          "beforeHooks": [],
          "afterHooks": [],
          "tests": [
            {
              "title": "Será validado se o botão \"Next\" não é visível no início do jogo",
              "fullTitle": "10 - [TELA DE JOGO] Crie um botão de `Next` que apareça após a resposta ser dada Será validado se o botão \"Next\" não é visível no início do jogo",
              "timedOut": null,
              "duration": 1490,
              "state": "passed",
              "speed": "fast",
              "pass": true,
              "fail": false,
              "pending": false,
              "context": null,
              "code": "cy.get(BUTTON_NEXT_QUESTION_SELECTOR).should('not.exist');",
              "err": {},
              "uuid": "e8821326-0388-43a1-a3e6-82a0793b0f5a",
              "parentUUID": "d4aab8a4-fee2-4fed-8fcb-8a9aaa1b247e",
              "isHook": false,
              "skipped": false
            },
            {
              "title": "Será validado se o botão \"Next\" é visível quando a pergunta é respondida corretamente",
              "fullTitle": "10 - [TELA DE JOGO] Crie um botão de `Next` que apareça após a resposta ser dada Será validado se o botão \"Next\" é visível quando a pergunta é respondida corretamente",
              "timedOut": null,
              "duration": 1786,
              "state": "passed",
              "speed": "fast",
              "pass": true,
              "fail": false,
              "pending": false,
              "context": null,
              "code": "cy.get(CORRECT_ALTERNATIVE_SELECTOR).click();\ncy.get(BUTTON_NEXT_QUESTION_SELECTOR).should('exist');",
              "err": {},
              "uuid": "05afc0d0-f9fe-403d-b4f3-2c3550825b37",
              "parentUUID": "d4aab8a4-fee2-4fed-8fcb-8a9aaa1b247e",
              "isHook": false,
              "skipped": false
            },
            {
              "title": "Será validado se o botão \"Next\" é visível quando a pergunta é respondida incorretamente",
              "fullTitle": "10 - [TELA DE JOGO] Crie um botão de `Next` que apareça após a resposta ser dada Será validado se o botão \"Next\" é visível quando a pergunta é respondida incorretamente",
              "timedOut": null,
              "duration": 1355,
              "state": "passed",
              "speed": "fast",
              "pass": true,
              "fail": false,
              "pending": false,
              "context": null,
              "code": "cy.get(WRONG_ALTERNATIVES_SELECTOR).first().click();\ncy.get(BUTTON_NEXT_QUESTION_SELECTOR).should('be.visible');",
              "err": {},
              "uuid": "7063ffc1-e22f-4bda-9185-e8da14bbc234",
              "parentUUID": "d4aab8a4-fee2-4fed-8fcb-8a9aaa1b247e",
              "isHook": false,
              "skipped": false
            }
          ],
          "suites": [],
          "passes": [
            "e8821326-0388-43a1-a3e6-82a0793b0f5a",
            "05afc0d0-f9fe-403d-b4f3-2c3550825b37",
            "7063ffc1-e22f-4bda-9185-e8da14bbc234"
          ],
          "failures": [],
          "pending": [],
          "skipped": [],
          "duration": 4631,
          "root": false,
          "rootEmpty": false,
          "_timeout": 2000
        },
        {
          "uuid": "3a96eadc-2357-4eea-a20d-3395b73c4692",
          "title": "11 - [TELA DE JOGO] Desenvolva o jogo de forma que a pessoa que joga deve responder 5 perguntas no total",
          "fullFile": "",
          "file": "",
          "beforeHooks": [],
          "afterHooks": [],
          "tests": [
            {
              "title": "Será validado se os pontos são somados de forma correta ao acertar todas as respostas",
              "fullTitle": "11 - [TELA DE JOGO] Desenvolva o jogo de forma que a pessoa que joga deve responder 5 perguntas no total Será validado se os pontos são somados de forma correta ao acertar todas as respostas",
              "timedOut": null,
              "duration": 2489,
              "state": "passed",
              "speed": "fast",
              "pass": true,
              "fail": false,
              "pending": false,
              "context": null,
              "code": "let lastScore;\ncy.window().its('store').invoke('getState').then(state => {\n  lastScore = state.player.score;\n});\ncy.get(QUESTION_TEXT_SELECTOR).should('have.text', questionsResponse.results[0].question);\ncy.get(CORRECT_ALTERNATIVE_SELECTOR).click().then(() => {\n  cy.window().its('store').invoke('getState').then(state => {\n    expect(lastScore).to.be.lt(state.player.score);\n    lastScore = state.player.score;\n  });\n});\nfor (let i = 1; i <= 4; i += 1) {\n  cy.get(BUTTON_NEXT_QUESTION_SELECTOR).click();\n  cy.get(QUESTION_TEXT_SELECTOR).should('have.text', questionsResponse.results[i].question);\n  cy.get(CORRECT_ALTERNATIVE_SELECTOR).click().then(() => {\n    cy.window().its('store').invoke('getState').then(state => {\n      expect(lastScore).to.be.lt(state.player.score);\n      lastScore = state.player.score;\n    });\n  });\n}",
              "err": {},
              "uuid": "2f9ca518-93ed-4b40-b081-0b0b199e103a",
              "parentUUID": "3a96eadc-2357-4eea-a20d-3395b73c4692",
              "isHook": false,
              "skipped": false
            },
            {
              "title": "Será validado se os pontos são somados de forma correta ao errar todas as respostas",
              "fullTitle": "11 - [TELA DE JOGO] Desenvolva o jogo de forma que a pessoa que joga deve responder 5 perguntas no total Será validado se os pontos são somados de forma correta ao errar todas as respostas",
              "timedOut": null,
              "duration": 2797,
              "state": "passed",
              "speed": "fast",
              "pass": true,
              "fail": false,
              "pending": false,
              "context": null,
              "code": "let lastScore;\ncy.window().its('store').invoke('getState').then(state => {\n  lastScore = state.player.score;\n});\ncy.get(QUESTION_TEXT_SELECTOR).should('have.text', questionsResponse.results[0].question);\ncy.get(WRONG_ALTERNATIVES_SELECTOR).first().click().then(() => {\n  cy.window().its('store').invoke('getState').then(state => {\n    expect(lastScore).to.be.eq(state.player.score);\n  });\n});\nfor (let i = 1; i <= 4; i += 1) {\n  cy.get(BUTTON_NEXT_QUESTION_SELECTOR).click();\n  cy.get(QUESTION_TEXT_SELECTOR).should('have.text', questionsResponse.results[i].question);\n  cy.get(WRONG_ALTERNATIVES_SELECTOR).first().click().then(() => {\n    cy.window().its('store').invoke('getState').then(state => {\n      expect(lastScore).to.be.eq(state.player.score);\n    });\n  });\n}",
              "err": {},
              "uuid": "39b25f1d-0012-4774-ac7a-60b03ae5e72a",
              "parentUUID": "3a96eadc-2357-4eea-a20d-3395b73c4692",
              "isHook": false,
              "skipped": false
            },
            {
              "title": "Será validado se a pessoa usuária é redirecionada para a tela de _feedback_ após a quinta pergunta",
              "fullTitle": "11 - [TELA DE JOGO] Desenvolva o jogo de forma que a pessoa que joga deve responder 5 perguntas no total Será validado se a pessoa usuária é redirecionada para a tela de _feedback_ após a quinta pergunta",
              "timedOut": null,
              "duration": 2138,
              "state": "passed",
              "speed": "fast",
              "pass": true,
              "fail": false,
              "pending": false,
              "context": null,
              "code": "cy.get(CORRECT_ALTERNATIVE_SELECTOR).click();\ncy.get(BUTTON_NEXT_QUESTION_SELECTOR).click();\ncy.get(CORRECT_ALTERNATIVE_SELECTOR).click();\ncy.get(BUTTON_NEXT_QUESTION_SELECTOR).click();\ncy.get(CORRECT_ALTERNATIVE_SELECTOR).click();\ncy.get(BUTTON_NEXT_QUESTION_SELECTOR).click();\ncy.get(CORRECT_ALTERNATIVE_SELECTOR).click();\ncy.get(BUTTON_NEXT_QUESTION_SELECTOR).click();\ncy.get(CORRECT_ALTERNATIVE_SELECTOR).click();\ncy.get(BUTTON_NEXT_QUESTION_SELECTOR).click();\ncy.get(FEEDBACK_TEXT_SELECTOR).should('exist');",
              "err": {},
              "uuid": "0c551ec9-f179-4a5d-9645-2f33dfc9af1a",
              "parentUUID": "3a96eadc-2357-4eea-a20d-3395b73c4692",
              "isHook": false,
              "skipped": false
            }
          ],
          "suites": [],
          "passes": [
            "2f9ca518-93ed-4b40-b081-0b0b199e103a",
            "39b25f1d-0012-4774-ac7a-60b03ae5e72a",
            "0c551ec9-f179-4a5d-9645-2f33dfc9af1a"
          ],
          "failures": [],
          "pending": [],
          "skipped": [],
          "duration": 7424,
          "root": false,
          "rootEmpty": false,
          "_timeout": 2000
        }
      ],
      "passes": [],
      "failures": [],
      "pending": [],
      "skipped": [],
      "duration": 0,
      "root": true,
      "rootEmpty": true,
      "_timeout": 2000
    }
  ],
  "meta": {
    "mocha": {
      "version": "7.0.1"
    },
    "mochawesome": {
      "options": {
        "quiet": false,
        "reportFilename": "mochawesome",
        "saveHtml": false,
        "saveJson": true,
        "consoleReporter": "spec",
        "useInlineDiffs": false,
        "code": true
      },
      "version": "7.1.3"
    },
    "marge": {
      "options": {
        "id": "default",
        "reportDir": "cypress/reports",
        "overwrite": false,
        "html": false,
        "json": true
      },
      "version": "6.2.0"
    }
  }
}