{
  "stats": {
    "suites": 1,
    "tests": 1,
    "passes": 0,
    "pending": 0,
    "failures": 1,
    "start": "2022-11-19T19:48:21.763Z",
    "end": "2022-11-19T19:48:22.098Z",
    "duration": 335,
    "testsRegistered": 1,
    "passPercent": 0,
    "pendingPercent": 0,
    "other": 0,
    "hasOther": false,
    "skipped": 0,
    "hasSkipped": false
  },
  "results": [
    {
      "uuid": "f0f7202e-2b74-44ff-93c3-f7d2e5b3a3a9",
      "title": "",
      "fullFile": "cypress/e2e/22.testes-cobertura-aplicacao.cy.js",
      "file": "cypress/e2e/22.testes-cobertura-aplicacao.cy.js",
      "beforeHooks": [],
      "afterHooks": [],
      "tests": [],
      "suites": [
        {
          "uuid": "f46b5323-d306-4fc2-9246-c80d4332969d",
          "title": "22 - Desenvolva testes para atingir 95% de cobertura total",
          "fullFile": "",
          "file": "",
          "beforeHooks": [],
          "afterHooks": [],
          "tests": [
            {
              "title": "Verifica a cobertura de testes unitários",
              "fullTitle": "22 - Desenvolva testes para atingir 95% de cobertura total Verifica a cobertura de testes unitários",
              "timedOut": null,
              "duration": 124,
              "state": "failed",
              "speed": null,
              "pass": false,
              "fail": true,
              "pending": false,
              "context": null,
              "code": "cy.getCoverage().its('total.branches.pct', {\n  timeout: 0\n}).should('be.gte', 95.00);",
              "err": {
                "message": "AssertionError: Timed out retrying after 0ms: expected 79.54 to be at least 95",
                "estack": "AssertionError: Timed out retrying after 0ms: expected 79.54 to be at least 95\n    at Context.eval (http://localhost:36119/__cypress/tests?p=cypress/e2e/22.testes-cobertura-aplicacao.cy.js:103:8)",
                "diff": "- 79.54\n+ 95\n"
              },
              "uuid": "9a3710b3-7926-4536-82a8-e15b163993ad",
              "parentUUID": "f46b5323-d306-4fc2-9246-c80d4332969d",
              "isHook": false,
              "skipped": false
            }
          ],
          "suites": [],
          "passes": [],
          "failures": [
            "9a3710b3-7926-4536-82a8-e15b163993ad"
          ],
          "pending": [],
          "skipped": [],
          "duration": 124,
          "root": false,
          "rootEmpty": false,
          "_timeout": 2000
        }
      ],
      "passes": [],
      "failures": [],
      "pending": [],
      "skipped": [],
      "duration": 0,
      "root": true,
      "rootEmpty": true,
      "_timeout": 2000
    }
  ],
  "meta": {
    "mocha": {
      "version": "7.0.1"
    },
    "mochawesome": {
      "options": {
        "quiet": false,
        "reportFilename": "mochawesome",
        "saveHtml": false,
        "saveJson": true,
        "consoleReporter": "spec",
        "useInlineDiffs": false,
        "code": true
      },
      "version": "7.1.3"
    },
    "marge": {
      "options": {
        "id": "default",
        "reportDir": "cypress/reports",
        "overwrite": false,
        "html": false,
        "json": true
      },
      "version": "6.2.0"
    }
  }
}