{
  "stats": {
    "suites": 6,
    "tests": 12,
    "passes": 12,
    "pending": 0,
    "failures": 0,
    "start": "2022-11-19T21:31:12.603Z",
    "end": "2022-11-19T21:31:46.925Z",
    "duration": 34322,
    "testsRegistered": 12,
    "passPercent": 100,
    "pendingPercent": 0,
    "other": 0,
    "hasOther": false,
    "skipped": 0,
    "hasSkipped": false
  },
  "results": [
    {
      "uuid": "b1285e5d-c76c-4a36-8f76-00d15d4937c9",
      "title": "",
      "fullFile": "cypress/e2e/12-17-tela-de-feedback.cy.js",
      "file": "cypress/e2e/12-17-tela-de-feedback.cy.js",
      "beforeHooks": [],
      "afterHooks": [],
      "tests": [],
      "suites": [
        {
          "uuid": "0750ace8-2494-4d3f-9967-66a22ce3631f",
          "title": "12 - [TELA DE FEEDBACK] Desenvolva o header de _feedback_ que deve conter as informações da pessoa jogadora",
          "fullFile": "",
          "file": "",
          "beforeHooks": [],
          "afterHooks": [],
          "tests": [
            {
              "title": "Será validado se a imagem do Gravatar está presente no header",
              "fullTitle": "12 - [TELA DE FEEDBACK] Desenvolva o header de _feedback_ que deve conter as informações da pessoa jogadora Será validado se a imagem do Gravatar está presente no header",
              "timedOut": null,
              "duration": 3597,
              "state": "passed",
              "speed": "fast",
              "pass": true,
              "fail": false,
              "pending": false,
              "context": null,
              "code": "cy.get(HEADER_IMAGE_SELECTOR).should('exist');",
              "err": {},
              "uuid": "7e7bf8c6-2037-4ffb-a372-26dec49edf6b",
              "parentUUID": "0750ace8-2494-4d3f-9967-66a22ce3631f",
              "isHook": false,
              "skipped": false
            },
            {
              "title": "Será validado se o nome da pessoa está presente no header",
              "fullTitle": "12 - [TELA DE FEEDBACK] Desenvolva o header de _feedback_ que deve conter as informações da pessoa jogadora Será validado se o nome da pessoa está presente no header",
              "timedOut": null,
              "duration": 7105,
              "state": "passed",
              "speed": "medium",
              "pass": true,
              "fail": false,
              "pending": false,
              "context": null,
              "code": "cy.get(HEADER_NAME_SELECTOR).contains(name);",
              "err": {},
              "uuid": "a408d9e8-e235-41f2-a63e-2b386ee0d745",
              "parentUUID": "0750ace8-2494-4d3f-9967-66a22ce3631f",
              "isHook": false,
              "skipped": false
            },
            {
              "title": "Será validado se o placar com o valor atual está presente no header",
              "fullTitle": "12 - [TELA DE FEEDBACK] Desenvolva o header de _feedback_ que deve conter as informações da pessoa jogadora Será validado se o placar com o valor atual está presente no header",
              "timedOut": null,
              "duration": 2190,
              "state": "passed",
              "speed": "fast",
              "pass": true,
              "fail": false,
              "pending": false,
              "context": null,
              "code": "let lastScore;\ncy.window().its('store').invoke('getState').then(state => {\n  lastScore = state.player.score;\n});\ncy.get(HEADER_SCORE_SELECTOR).should($el => {\n  expect(parseInt($el.text())).to.be.eq(lastScore);\n});",
              "err": {},
              "uuid": "b34f482a-e5a8-4e93-b055-de79ee7dde61",
              "parentUUID": "0750ace8-2494-4d3f-9967-66a22ce3631f",
              "isHook": false,
              "skipped": false
            }
          ],
          "suites": [],
          "passes": [
            "7e7bf8c6-2037-4ffb-a372-26dec49edf6b",
            "a408d9e8-e235-41f2-a63e-2b386ee0d745",
            "b34f482a-e5a8-4e93-b055-de79ee7dde61"
          ],
          "failures": [],
          "pending": [],
          "skipped": [],
          "duration": 12892,
          "root": false,
          "rootEmpty": false,
          "_timeout": 2000
        },
        {
          "uuid": "a5d6250e-afb3-4ac3-84e3-6989cdd37368",
          "title": "13 - [TELA DE FEEDBACK] Crie a mensagem de _feedback_ para ser exibida a pessoa usuária",
          "fullFile": "",
          "file": "",
          "beforeHooks": [],
          "afterHooks": [],
          "tests": [
            {
              "title": "Será validado se ao acertar menos de 3 perguntas a mensagem de _feedback_ é \"Could be better...\"",
              "fullTitle": "13 - [TELA DE FEEDBACK] Crie a mensagem de _feedback_ para ser exibida a pessoa usuária Será validado se ao acertar menos de 3 perguntas a mensagem de _feedback_ é \"Could be better...\"",
              "timedOut": null,
              "duration": 2236,
              "state": "passed",
              "speed": "fast",
              "pass": true,
              "fail": false,
              "pending": false,
              "context": null,
              "code": "cy.get(CORRECT_ALTERNATIVE_SELECTOR).click();\ncy.get(BUTTON_NEXT_QUESTION_SELECTOR).click();\ncy.get(CORRECT_ALTERNATIVE_SELECTOR).click();\ncy.get(BUTTON_NEXT_QUESTION_SELECTOR).click();\ncy.get(WRONG_ALTERNATIVES_SELECTOR).first().click();\ncy.get(BUTTON_NEXT_QUESTION_SELECTOR).click();\ncy.get(WRONG_ALTERNATIVES_SELECTOR).first().click();\ncy.get(BUTTON_NEXT_QUESTION_SELECTOR).click();\ncy.get(WRONG_ALTERNATIVES_SELECTOR).first().click();\ncy.get(BUTTON_NEXT_QUESTION_SELECTOR).click();\ncy.get(FEEDBACK_TEXT_SELECTOR).contains('Could be better...');",
              "err": {},
              "uuid": "82937458-8ed1-4dfb-8f22-fa22424ca22b",
              "parentUUID": "a5d6250e-afb3-4ac3-84e3-6989cdd37368",
              "isHook": false,
              "skipped": false
            },
            {
              "title": "Será validado se ao acertar 3 perguntas a mensagem de _feedback_ é \"Well Done!\"",
              "fullTitle": "13 - [TELA DE FEEDBACK] Crie a mensagem de _feedback_ para ser exibida a pessoa usuária Será validado se ao acertar 3 perguntas a mensagem de _feedback_ é \"Well Done!\"",
              "timedOut": null,
              "duration": 2173,
              "state": "passed",
              "speed": "fast",
              "pass": true,
              "fail": false,
              "pending": false,
              "context": null,
              "code": "cy.get(WRONG_ALTERNATIVES_SELECTOR).first().click();\ncy.get(BUTTON_NEXT_QUESTION_SELECTOR).click();\ncy.get(CORRECT_ALTERNATIVE_SELECTOR).click();\ncy.get(BUTTON_NEXT_QUESTION_SELECTOR).click();\ncy.get(WRONG_ALTERNATIVES_SELECTOR).first().click();\ncy.get(BUTTON_NEXT_QUESTION_SELECTOR).click();\ncy.get(CORRECT_ALTERNATIVE_SELECTOR).first().click();\ncy.get(BUTTON_NEXT_QUESTION_SELECTOR).click();\ncy.get(CORRECT_ALTERNATIVE_SELECTOR).click();\ncy.get(BUTTON_NEXT_QUESTION_SELECTOR).click();\ncy.get(FEEDBACK_TEXT_SELECTOR).contains('Well Done!');",
              "err": {},
              "uuid": "e7240ed6-5569-449b-92fe-167a29876c7c",
              "parentUUID": "a5d6250e-afb3-4ac3-84e3-6989cdd37368",
              "isHook": false,
              "skipped": false
            },
            {
              "title": "Será validado se ao acertar mais de 3 perguntas a mensagem de _feedback_ é \"Well Done!\"",
              "fullTitle": "13 - [TELA DE FEEDBACK] Crie a mensagem de _feedback_ para ser exibida a pessoa usuária Será validado se ao acertar mais de 3 perguntas a mensagem de _feedback_ é \"Well Done!\"",
              "timedOut": null,
              "duration": 2269,
              "state": "passed",
              "speed": "fast",
              "pass": true,
              "fail": false,
              "pending": false,
              "context": null,
              "code": "cy.get(CORRECT_ALTERNATIVE_SELECTOR).click();\ncy.get(BUTTON_NEXT_QUESTION_SELECTOR).click();\ncy.get(CORRECT_ALTERNATIVE_SELECTOR).click();\ncy.get(BUTTON_NEXT_QUESTION_SELECTOR).click();\ncy.get(WRONG_ALTERNATIVES_SELECTOR).first().click();\ncy.get(BUTTON_NEXT_QUESTION_SELECTOR).click();\ncy.get(CORRECT_ALTERNATIVE_SELECTOR).click();\ncy.get(BUTTON_NEXT_QUESTION_SELECTOR).click();\ncy.get(CORRECT_ALTERNATIVE_SELECTOR).click();\ncy.get(BUTTON_NEXT_QUESTION_SELECTOR).click();\ncy.get(FEEDBACK_TEXT_SELECTOR).contains('Well Done!');",
              "err": {},
              "uuid": "b3ab3e9d-f684-4cf8-8566-fae6b20f2a61",
              "parentUUID": "a5d6250e-afb3-4ac3-84e3-6989cdd37368",
              "isHook": false,
              "skipped": false
            }
          ],
          "suites": [],
          "passes": [
            "82937458-8ed1-4dfb-8f22-fa22424ca22b",
            "e7240ed6-5569-449b-92fe-167a29876c7c",
            "b3ab3e9d-f684-4cf8-8566-fae6b20f2a61"
          ],
          "failures": [],
          "pending": [],
          "skipped": [],
          "duration": 6678,
          "root": false,
          "rootEmpty": false,
          "_timeout": 2000
        },
        {
          "uuid": "2f487738-0f39-4239-a5e9-b16dafdba221",
          "title": "14 - [TELA DE FEEDBACK] Exiba as informações relacionadas aos resultados obtidos para a pessoa usuária",
          "fullFile": "",
          "file": "",
          "beforeHooks": [],
          "afterHooks": [],
          "tests": [
            {
              "title": "Será validado se o número exibido é correto quando a pessoa usuária não acerta nenhuma pergunta",
              "fullTitle": "14 - [TELA DE FEEDBACK] Exiba as informações relacionadas aos resultados obtidos para a pessoa usuária Será validado se o número exibido é correto quando a pessoa usuária não acerta nenhuma pergunta",
              "timedOut": null,
              "duration": 2159,
              "state": "passed",
              "speed": "fast",
              "pass": true,
              "fail": false,
              "pending": false,
              "context": null,
              "code": "cy.get(WRONG_ALTERNATIVES_SELECTOR).first().click();\ncy.get(BUTTON_NEXT_QUESTION_SELECTOR).click();\ncy.get(WRONG_ALTERNATIVES_SELECTOR).first().click();\ncy.get(BUTTON_NEXT_QUESTION_SELECTOR).click();\ncy.get(WRONG_ALTERNATIVES_SELECTOR).first().click();\ncy.get(BUTTON_NEXT_QUESTION_SELECTOR).click();\ncy.get(WRONG_ALTERNATIVES_SELECTOR).first().click();\ncy.get(BUTTON_NEXT_QUESTION_SELECTOR).click();\ncy.get(WRONG_ALTERNATIVES_SELECTOR).first().click();\ncy.get(BUTTON_NEXT_QUESTION_SELECTOR).click();\nverifyFeedbackInfo();",
              "err": {},
              "uuid": "7e2a4b56-0b7a-4c1f-9525-3e9563f3db2e",
              "parentUUID": "2f487738-0f39-4239-a5e9-b16dafdba221",
              "isHook": false,
              "skipped": false
            },
            {
              "title": "Será validado se o número exibido é correto quando a pessoa usuária acerta 2 perguntas",
              "fullTitle": "14 - [TELA DE FEEDBACK] Exiba as informações relacionadas aos resultados obtidos para a pessoa usuária Será validado se o número exibido é correto quando a pessoa usuária acerta 2 perguntas",
              "timedOut": null,
              "duration": 2236,
              "state": "passed",
              "speed": "fast",
              "pass": true,
              "fail": false,
              "pending": false,
              "context": null,
              "code": "cy.get(CORRECT_ALTERNATIVE_SELECTOR).click();\ncy.get(BUTTON_NEXT_QUESTION_SELECTOR).click();\ncy.get(CORRECT_ALTERNATIVE_SELECTOR).click();\ncy.get(BUTTON_NEXT_QUESTION_SELECTOR).click();\ncy.get(WRONG_ALTERNATIVES_SELECTOR).first().click();\ncy.get(BUTTON_NEXT_QUESTION_SELECTOR).click();\ncy.get(WRONG_ALTERNATIVES_SELECTOR).first().click();\ncy.get(BUTTON_NEXT_QUESTION_SELECTOR).click();\ncy.get(WRONG_ALTERNATIVES_SELECTOR).first().click();\ncy.get(BUTTON_NEXT_QUESTION_SELECTOR).click();\nverifyFeedbackInfo();",
              "err": {},
              "uuid": "db35627f-eb19-4a9a-b24c-9f2cb383e480",
              "parentUUID": "2f487738-0f39-4239-a5e9-b16dafdba221",
              "isHook": false,
              "skipped": false
            },
            {
              "title": "Será validado se o número exibido é correto quando a pessoa usuária acerta 4 perguntas",
              "fullTitle": "14 - [TELA DE FEEDBACK] Exiba as informações relacionadas aos resultados obtidos para a pessoa usuária Será validado se o número exibido é correto quando a pessoa usuária acerta 4 perguntas",
              "timedOut": null,
              "duration": 2126,
              "state": "passed",
              "speed": "fast",
              "pass": true,
              "fail": false,
              "pending": false,
              "context": null,
              "code": "cy.get(CORRECT_ALTERNATIVE_SELECTOR).click();\ncy.get(BUTTON_NEXT_QUESTION_SELECTOR).click();\ncy.get(CORRECT_ALTERNATIVE_SELECTOR).click();\ncy.get(BUTTON_NEXT_QUESTION_SELECTOR).click();\ncy.get(CORRECT_ALTERNATIVE_SELECTOR).click();\ncy.get(BUTTON_NEXT_QUESTION_SELECTOR).click();\ncy.get(WRONG_ALTERNATIVES_SELECTOR).first().click();\ncy.get(BUTTON_NEXT_QUESTION_SELECTOR).click();\ncy.get(CORRECT_ALTERNATIVE_SELECTOR).click();\ncy.get(BUTTON_NEXT_QUESTION_SELECTOR).click();\nverifyFeedbackInfo();",
              "err": {},
              "uuid": "23b0d3ac-ffd6-4e89-b518-0232103b3b27",
              "parentUUID": "2f487738-0f39-4239-a5e9-b16dafdba221",
              "isHook": false,
              "skipped": false
            }
          ],
          "suites": [],
          "passes": [
            "7e2a4b56-0b7a-4c1f-9525-3e9563f3db2e",
            "db35627f-eb19-4a9a-b24c-9f2cb383e480",
            "23b0d3ac-ffd6-4e89-b518-0232103b3b27"
          ],
          "failures": [],
          "pending": [],
          "skipped": [],
          "duration": 6521,
          "root": false,
          "rootEmpty": false,
          "_timeout": 2000
        },
        {
          "uuid": "b938fcdc-c78a-4d1b-a873-54d616ce3d55",
          "title": "15 - [TELA DE FEEDBACK] Crie a opção para a pessoa jogadora poder jogar novamente",
          "fullFile": "",
          "file": "",
          "beforeHooks": [],
          "afterHooks": [],
          "tests": [
            {
              "title": "Será validado se a pessoa é redirecionada para tela inicial ao clicar no botão \"Play Again\"",
              "fullTitle": "15 - [TELA DE FEEDBACK] Crie a opção para a pessoa jogadora poder jogar novamente Será validado se a pessoa é redirecionada para tela inicial ao clicar no botão \"Play Again\"",
              "timedOut": null,
              "duration": 2232,
              "state": "passed",
              "speed": "fast",
              "pass": true,
              "fail": false,
              "pending": false,
              "context": null,
              "code": "cy.get(BUTTON_PLAY_AGAIN_SELECTOR).click();\ncy.get(INPUT_PLAYER_EMAIL_SELECTOR).should('exist');",
              "err": {},
              "uuid": "033a3b77-d70b-4c52-8260-33742838dd59",
              "parentUUID": "b938fcdc-c78a-4d1b-a873-54d616ce3d55",
              "isHook": false,
              "skipped": false
            }
          ],
          "suites": [],
          "passes": [
            "033a3b77-d70b-4c52-8260-33742838dd59"
          ],
          "failures": [],
          "pending": [],
          "skipped": [],
          "duration": 2232,
          "root": false,
          "rootEmpty": false,
          "_timeout": 2000
        },
        {
          "uuid": "a06c475a-ff67-489f-81c5-8ad5ff0659a9",
          "title": "16 - [TELA DE FEEDBACK] Crie a opção para a pessoa jogadora poder visualizar a tela de _ranking_",
          "fullFile": "",
          "file": "",
          "beforeHooks": [],
          "afterHooks": [],
          "tests": [
            {
              "title": "Será validado se ao clicar no botão \"Ranking\" a pessoa é redirecionada para tela de ranking",
              "fullTitle": "16 - [TELA DE FEEDBACK] Crie a opção para a pessoa jogadora poder visualizar a tela de _ranking_ Será validado se ao clicar no botão \"Ranking\" a pessoa é redirecionada para tela de ranking",
              "timedOut": null,
              "duration": 2219,
              "state": "passed",
              "speed": "fast",
              "pass": true,
              "fail": false,
              "pending": false,
              "context": null,
              "code": "cy.get(BUTTON_RANKING_SELECTOR).click();\ncy.get(RANKING_TITLE_SELECTOR).should('exist');",
              "err": {},
              "uuid": "957a8b8b-0355-48cb-a7aa-98a8e28eff71",
              "parentUUID": "a06c475a-ff67-489f-81c5-8ad5ff0659a9",
              "isHook": false,
              "skipped": false
            }
          ],
          "suites": [],
          "passes": [
            "957a8b8b-0355-48cb-a7aa-98a8e28eff71"
          ],
          "failures": [],
          "pending": [],
          "skipped": [],
          "duration": 2219,
          "root": false,
          "rootEmpty": false,
          "_timeout": 2000
        },
        {
          "uuid": "e3c93dd3-8bb0-4b8c-8166-16b36d354b4d",
          "title": "17 - [TELA DE FEEDBACK] Desenvolva testes para atingir 90% de cobertura da tela de Feedbacks",
          "fullFile": "",
          "file": "",
          "beforeHooks": [],
          "afterHooks": [],
          "tests": [
            {
              "title": "Verifica a cobertura de testes unitários",
              "fullTitle": "17 - [TELA DE FEEDBACK] Desenvolva testes para atingir 90% de cobertura da tela de Feedbacks Verifica a cobertura de testes unitários",
              "timedOut": null,
              "duration": 56,
              "state": "passed",
              "speed": "fast",
              "pass": true,
              "fail": false,
              "pending": false,
              "context": null,
              "code": "cy.getCoverage().its('Feedback.functions.pct', {\n  timeout: 0\n}).should('be.gte', 90.00);\ncy.getCoverage().its('Feedback.lines.pct', {\n  timeout: 0\n}).should('be.gte', 90.00);",
              "err": {},
              "uuid": "700de787-3a9f-4e64-9833-acb79dc3be38",
              "parentUUID": "e3c93dd3-8bb0-4b8c-8166-16b36d354b4d",
              "isHook": false,
              "skipped": false
            }
          ],
          "suites": [],
          "passes": [
            "700de787-3a9f-4e64-9833-acb79dc3be38"
          ],
          "failures": [],
          "pending": [],
          "skipped": [],
          "duration": 56,
          "root": false,
          "rootEmpty": false,
          "_timeout": 2000
        }
      ],
      "passes": [],
      "failures": [],
      "pending": [],
      "skipped": [],
      "duration": 0,
      "root": true,
      "rootEmpty": true,
      "_timeout": 2000
    }
  ],
  "meta": {
    "mocha": {
      "version": "7.0.1"
    },
    "mochawesome": {
      "options": {
        "quiet": false,
        "reportFilename": "mochawesome",
        "saveHtml": false,
        "saveJson": true,
        "consoleReporter": "spec",
        "useInlineDiffs": false,
        "code": true
      },
      "version": "7.1.3"
    },
    "marge": {
      "options": {
        "id": "default",
        "reportDir": "cypress/reports",
        "overwrite": false,
        "html": false,
        "json": true
      },
      "version": "6.2.0"
    }
  }
}