{
  "stats": {
    "suites": 1,
    "tests": 1,
    "passes": 1,
    "pending": 0,
    "failures": 0,
    "start": "2022-11-19T19:56:37.817Z",
    "end": "2022-11-19T19:56:37.995Z",
    "duration": 178,
    "testsRegistered": 1,
    "passPercent": 100,
    "pendingPercent": 0,
    "other": 0,
    "hasOther": false,
    "skipped": 0,
    "hasSkipped": false
  },
  "results": [
    {
      "uuid": "662f2167-a0c2-4ce8-9162-b1631ce14c2a",
      "title": "",
      "fullFile": "cypress/e2e/21-testes-tela-de-jogo.cy.js",
      "file": "cypress/e2e/21-testes-tela-de-jogo.cy.js",
      "beforeHooks": [],
      "afterHooks": [],
      "tests": [],
      "suites": [
        {
          "uuid": "9fe2d981-5a0c-4899-9d4b-b2920b08a477",
          "title": "21 - [TELA DE JOGO] Desenvolva testes para atingir 90% de cobertura da tela de Jogo",
          "fullFile": "",
          "file": "",
          "beforeHooks": [],
          "afterHooks": [],
          "tests": [
            {
              "title": "Verifica a cobertura de testes unitários",
              "fullTitle": "21 - [TELA DE JOGO] Desenvolva testes para atingir 90% de cobertura da tela de Jogo Verifica a cobertura de testes unitários",
              "timedOut": null,
              "duration": 152,
              "state": "passed",
              "speed": "fast",
              "pass": true,
              "fail": false,
              "pending": false,
              "context": null,
              "code": "cy.getCoverage().its('Game.functions.pct', {\n  timeout: 0\n}).should('be.gte', 90.00);\ncy.getCoverage().its('Game.lines.pct', {\n  timeout: 0\n}).should('be.gte', 90.00);",
              "err": {},
              "uuid": "25633b77-7333-46b1-8b9e-37046ad7760c",
              "parentUUID": "9fe2d981-5a0c-4899-9d4b-b2920b08a477",
              "isHook": false,
              "skipped": false
            }
          ],
          "suites": [],
          "passes": [
            "25633b77-7333-46b1-8b9e-37046ad7760c"
          ],
          "failures": [],
          "pending": [],
          "skipped": [],
          "duration": 152,
          "root": false,
          "rootEmpty": false,
          "_timeout": 2000
        }
      ],
      "passes": [],
      "failures": [],
      "pending": [],
      "skipped": [],
      "duration": 0,
      "root": true,
      "rootEmpty": true,
      "_timeout": 2000
    }
  ],
  "meta": {
    "mocha": {
      "version": "7.0.1"
    },
    "mochawesome": {
      "options": {
        "quiet": false,
        "reportFilename": "mochawesome",
        "saveHtml": false,
        "saveJson": true,
        "consoleReporter": "spec",
        "useInlineDiffs": false,
        "code": true
      },
      "version": "7.1.3"
    },
    "marge": {
      "options": {
        "id": "default",
        "reportDir": "cypress/reports",
        "overwrite": false,
        "html": false,
        "json": true
      },
      "version": "6.2.0"
    }
  }
}