{
  "stats": {
    "suites": 1,
    "tests": 1,
    "passes": 0,
    "pending": 0,
    "failures": 1,
    "start": "2022-11-13T22:08:01.082Z",
    "end": "2022-11-13T22:08:01.438Z",
    "duration": 356,
    "testsRegistered": 1,
    "passPercent": 0,
    "pendingPercent": 0,
    "other": 0,
    "hasOther": false,
    "skipped": 0,
    "hasSkipped": false
  },
  "results": [
    {
      "uuid": "c541bc0d-3535-451f-bc9f-4af7c8d4e4ab",
      "title": "",
      "fullFile": "cypress/e2e/21-testes-tela-de-jogo.cy.js",
      "file": "cypress/e2e/21-testes-tela-de-jogo.cy.js",
      "beforeHooks": [],
      "afterHooks": [],
      "tests": [],
      "suites": [
        {
          "uuid": "eeb6756f-30a0-41ee-9272-5fdc830707b3",
          "title": "21 - [TELA DE JOGO] Desenvolva testes para atingir 90% de cobertura da tela de Jogo",
          "fullFile": "",
          "file": "",
          "beforeHooks": [],
          "afterHooks": [],
          "tests": [
            {
              "title": "Verifica a cobertura de testes unitários",
              "fullTitle": "21 - [TELA DE JOGO] Desenvolva testes para atingir 90% de cobertura da tela de Jogo Verifica a cobertura de testes unitários",
              "timedOut": null,
              "duration": 196,
              "state": "failed",
              "speed": null,
              "pass": false,
              "fail": true,
              "pending": false,
              "context": null,
              "code": "cy.getCoverage().its('Game.functions.pct', {\n  timeout: 0\n}).should('be.gte', 90.00);\ncy.getCoverage().its('Game.lines.pct', {\n  timeout: 0\n}).should('be.gte', 90.00);",
              "err": {
                "message": "CypressError: Timed out retrying after 0ms: `cy.its()` errored because the property: `Game` does not exist on your subject.\n\n`cy.its()` waited for the specified property `Game` to exist, but it never did.\n\nIf you do not expect the property `Game` to exist, then add an assertion such as:\n\n`cy.wrap({ foo: 'bar' }).its('quux').should('not.exist')`\n\nhttps://on.cypress.io/its",
                "estack": "CypressError: Timed out retrying after 0ms: `cy.its()` errored because the property: `Game` does not exist on your subject.\n\n`cy.its()` waited for the specified property `Game` to exist, but it never did.\n\nIf you do not expect the property `Game` to exist, then add an assertion such as:\n\n`cy.wrap({ foo: 'bar' }).its('quux').should('not.exist')`\n\nhttps://on.cypress.io/its\n    at cypressErr (http://localhost:37799/__cypress/runner/cypress_runner.js:170751:18)\n    at Object.cypressErrByPath (http://localhost:37799/__cypress/runner/cypress_runner.js:170757:10)\n    at propertyNotOnSubjectErr (http://localhost:37799/__cypress/runner/cypress_runner.js:149351:83)\n    at traverseObjectAtPath (http://localhost:37799/__cypress/runner/cypress_runner.js:149438:24)\n    at getValue (http://localhost:37799/__cypress/runner/cypress_runner.js:149492:11)\n    at tryCatcher (http://localhost:37799/__cypress/runner/cypress_runner.js:11318:23)\n    at Promise.attempt.Promise.try (http://localhost:37799/__cypress/runner/cypress_runner.js:8592:29)\n    at retryValue (http://localhost:37799/__cypress/runner/cypress_runner.js:149532:65)\n    at tryCatcher (http://localhost:37799/__cypress/runner/cypress_runner.js:11318:23)\n    at Promise.attempt.Promise.try (http://localhost:37799/__cypress/runner/cypress_runner.js:8592:29)\n    at resolveValue (http://localhost:37799/__cypress/runner/cypress_runner.js:149539:65)\n    at invokeBaseFn (http://localhost:37799/__cypress/runner/cypress_runner.js:149557:12)\n    at Context.invokeItsFn (http://localhost:37799/__cypress/runner/cypress_runner.js:149246:12)\n    at Context.its (http://localhost:37799/__cypress/runner/cypress_runner.js:149660:26)\n    at wrapped (http://localhost:37799/__cypress/runner/cypress_runner.js:167351:19)\nFrom Your Spec Code:\n    at Context.eval (http://localhost:37799/__cypress/tests?p=cypress/e2e/21-testes-tela-de-jogo.cy.js:103:8)",
                "diff": null
              },
              "uuid": "e9a3dc7e-b2a0-45d6-b6b9-a864ac27970e",
              "parentUUID": "eeb6756f-30a0-41ee-9272-5fdc830707b3",
              "isHook": false,
              "skipped": false
            }
          ],
          "suites": [],
          "passes": [],
          "failures": [
            "e9a3dc7e-b2a0-45d6-b6b9-a864ac27970e"
          ],
          "pending": [],
          "skipped": [],
          "duration": 196,
          "root": false,
          "rootEmpty": false,
          "_timeout": 2000
        }
      ],
      "passes": [],
      "failures": [],
      "pending": [],
      "skipped": [],
      "duration": 0,
      "root": true,
      "rootEmpty": true,
      "_timeout": 2000
    }
  ],
  "meta": {
    "mocha": {
      "version": "7.0.1"
    },
    "mochawesome": {
      "options": {
        "quiet": false,
        "reportFilename": "mochawesome",
        "saveHtml": false,
        "saveJson": true,
        "consoleReporter": "spec",
        "useInlineDiffs": false,
        "code": true
      },
      "version": "7.1.3"
    },
    "marge": {
      "options": {
        "id": "default",
        "reportDir": "cypress/reports",
        "overwrite": false,
        "html": false,
        "json": true
      },
      "version": "6.2.0"
    }
  }
}