{
  "stats": {
    "suites": 4,
    "tests": 10,
    "passes": 10,
    "pending": 0,
    "failures": 0,
    "start": "2022-11-13T21:36:46.876Z",
    "end": "2022-11-13T21:37:11.336Z",
    "duration": 24460,
    "testsRegistered": 10,
    "passPercent": 100,
    "pendingPercent": 0,
    "other": 0,
    "hasOther": false,
    "skipped": 0,
    "hasSkipped": false
  },
  "results": [
    {
      "uuid": "c5eb617a-4770-453d-8b75-45e4da6f1187",
      "title": "",
      "fullFile": "cypress/e2e/01-04-tela-de-login.cy.js",
      "file": "cypress/e2e/01-04-tela-de-login.cy.js",
      "beforeHooks": [],
      "afterHooks": [],
      "tests": [],
      "suites": [
        {
          "uuid": "4a6ee6ce-54fd-46ca-b8d2-827480ecd9f3",
          "title": "1 - [TELA DE LOGIN] Crie a tela de login, onde a pessoa que joga deve preencher as informações para iniciar um jogo",
          "fullFile": "",
          "file": "",
          "beforeHooks": [],
          "afterHooks": [],
          "tests": [
            {
              "title": "Será validado se é possível escrever o nome da pessoa jogadora",
              "fullTitle": "1 - [TELA DE LOGIN] Crie a tela de login, onde a pessoa que joga deve preencher as informações para iniciar um jogo Será validado se é possível escrever o nome da pessoa jogadora",
              "timedOut": null,
              "duration": 1810,
              "state": "passed",
              "speed": "fast",
              "pass": true,
              "fail": false,
              "pending": false,
              "context": null,
              "code": "cy.get(INPUT_PLAYER_NAME_SELECTOR).type(PLAYER_NAME);",
              "err": {},
              "uuid": "20219908-01cc-4321-ac64-681c267c7d88",
              "parentUUID": "4a6ee6ce-54fd-46ca-b8d2-827480ecd9f3",
              "isHook": false,
              "skipped": false
            },
            {
              "title": "Será validado se é possível escrever o email da pessoa jogadora",
              "fullTitle": "1 - [TELA DE LOGIN] Crie a tela de login, onde a pessoa que joga deve preencher as informações para iniciar um jogo Será validado se é possível escrever o email da pessoa jogadora",
              "timedOut": null,
              "duration": 650,
              "state": "passed",
              "speed": "fast",
              "pass": true,
              "fail": false,
              "pending": false,
              "context": null,
              "code": "cy.get(INPUT_PLAYER_EMAIL_SELECTOR).type(PLAYER_EMAIL);",
              "err": {},
              "uuid": "c6fd51aa-0523-497e-84e0-e09a3092a5f6",
              "parentUUID": "4a6ee6ce-54fd-46ca-b8d2-827480ecd9f3",
              "isHook": false,
              "skipped": false
            },
            {
              "title": "Será validado se o botão \"Play\" está desabilitado quando a pessoa jogadora não preencher nenhum campo",
              "fullTitle": "1 - [TELA DE LOGIN] Crie a tela de login, onde a pessoa que joga deve preencher as informações para iniciar um jogo Será validado se o botão \"Play\" está desabilitado quando a pessoa jogadora não preencher nenhum campo",
              "timedOut": null,
              "duration": 222,
              "state": "passed",
              "speed": "fast",
              "pass": true,
              "fail": false,
              "pending": false,
              "context": null,
              "code": "cy.get(BUTTON_PLAY_SELECTOR).should('be.disabled');",
              "err": {},
              "uuid": "a75c526b-7a91-4612-af00-34069b448194",
              "parentUUID": "4a6ee6ce-54fd-46ca-b8d2-827480ecd9f3",
              "isHook": false,
              "skipped": false
            },
            {
              "title": "Será validado se o botão \"Play\" está desabilitado quando a pessoa jogadora escrever apenas o nome",
              "fullTitle": "1 - [TELA DE LOGIN] Crie a tela de login, onde a pessoa que joga deve preencher as informações para iniciar um jogo Será validado se o botão \"Play\" está desabilitado quando a pessoa jogadora escrever apenas o nome",
              "timedOut": null,
              "duration": 701,
              "state": "passed",
              "speed": "fast",
              "pass": true,
              "fail": false,
              "pending": false,
              "context": null,
              "code": "cy.get(INPUT_PLAYER_NAME_SELECTOR).type(PLAYER_NAME);\ncy.get(BUTTON_PLAY_SELECTOR).should('be.disabled');",
              "err": {},
              "uuid": "8e7128ef-c981-4e87-a153-11bf57e44f8a",
              "parentUUID": "4a6ee6ce-54fd-46ca-b8d2-827480ecd9f3",
              "isHook": false,
              "skipped": false
            },
            {
              "title": "Será validado se o botão \"Play\" está desabilitado quando a pessoa jogadora escrever apenas o email",
              "fullTitle": "1 - [TELA DE LOGIN] Crie a tela de login, onde a pessoa que joga deve preencher as informações para iniciar um jogo Será validado se o botão \"Play\" está desabilitado quando a pessoa jogadora escrever apenas o email",
              "timedOut": null,
              "duration": 621,
              "state": "passed",
              "speed": "fast",
              "pass": true,
              "fail": false,
              "pending": false,
              "context": null,
              "code": "cy.get(INPUT_PLAYER_EMAIL_SELECTOR).type(PLAYER_EMAIL);\ncy.get(BUTTON_PLAY_SELECTOR).should('be.disabled');",
              "err": {},
              "uuid": "25b8ec14-26a7-49b3-8d51-a19c3bf508e6",
              "parentUUID": "4a6ee6ce-54fd-46ca-b8d2-827480ecd9f3",
              "isHook": false,
              "skipped": false
            },
            {
              "title": "Será validado se o botão \"Play\" está habilitado quando a pessoa jogadora preencher os campos de nome e email",
              "fullTitle": "1 - [TELA DE LOGIN] Crie a tela de login, onde a pessoa que joga deve preencher as informações para iniciar um jogo Será validado se o botão \"Play\" está habilitado quando a pessoa jogadora preencher os campos de nome e email",
              "timedOut": null,
              "duration": 1027,
              "state": "passed",
              "speed": "fast",
              "pass": true,
              "fail": false,
              "pending": false,
              "context": null,
              "code": "cy.get(INPUT_PLAYER_NAME_SELECTOR).type(PLAYER_NAME);\ncy.get(INPUT_PLAYER_EMAIL_SELECTOR).type(PLAYER_EMAIL);\ncy.get(BUTTON_PLAY_SELECTOR).should('not.be.disabled');",
              "err": {},
              "uuid": "a0b6c7d9-bc01-400e-9627-90b1498649e4",
              "parentUUID": "4a6ee6ce-54fd-46ca-b8d2-827480ecd9f3",
              "isHook": false,
              "skipped": false
            }
          ],
          "suites": [],
          "passes": [
            "20219908-01cc-4321-ac64-681c267c7d88",
            "c6fd51aa-0523-497e-84e0-e09a3092a5f6",
            "a75c526b-7a91-4612-af00-34069b448194",
            "8e7128ef-c981-4e87-a153-11bf57e44f8a",
            "25b8ec14-26a7-49b3-8d51-a19c3bf508e6",
            "a0b6c7d9-bc01-400e-9627-90b1498649e4"
          ],
          "failures": [],
          "pending": [],
          "skipped": [],
          "duration": 5031,
          "root": false,
          "rootEmpty": false,
          "_timeout": 2000
        },
        {
          "uuid": "356557ca-0dbe-425c-be65-1ba71f915540",
          "title": "2 - [TELA DE LOGIN] Crie o botão de iniciar o jogo",
          "fullFile": "",
          "file": "",
          "beforeHooks": [],
          "afterHooks": [],
          "tests": [
            {
              "title": "Será validado se ao clicar no botão \"Play\" o jogo é iniciado salvando um token de jogador e redirecionando para a tela de jogo",
              "fullTitle": "2 - [TELA DE LOGIN] Crie o botão de iniciar o jogo Será validado se ao clicar no botão \"Play\" o jogo é iniciado salvando um token de jogador e redirecionando para a tela de jogo",
              "timedOut": null,
              "duration": 1142,
              "state": "passed",
              "speed": "fast",
              "pass": true,
              "fail": false,
              "pending": false,
              "context": null,
              "code": "cy.get(INPUT_PLAYER_NAME_SELECTOR).type(PLAYER_NAME);\ncy.get(INPUT_PLAYER_EMAIL_SELECTOR).type(PLAYER_EMAIL);\ncy.get(BUTTON_PLAY_SELECTOR).click();\ncy.window().its('fetch').should('be.calledWith', FETCH_TOKEN_URL);\ncy.window().its('localStorage.token').should(token => {\n  expect(token).to.equal(tokenResponseMock.token);\n});\ncy.location().should(location => {\n  expect(location.pathname).not.to.eq('/');\n});",
              "err": {},
              "uuid": "c960a60b-4264-4e24-8021-2f9578c172a4",
              "parentUUID": "356557ca-0dbe-425c-be65-1ba71f915540",
              "isHook": false,
              "skipped": false
            }
          ],
          "suites": [],
          "passes": [
            "c960a60b-4264-4e24-8021-2f9578c172a4"
          ],
          "failures": [],
          "pending": [],
          "skipped": [],
          "duration": 1142,
          "root": false,
          "rootEmpty": false,
          "_timeout": 2000
        },
        {
          "uuid": "5c47abbb-9565-4603-b7c2-1f1e8732f8d5",
          "title": "3 - [TELA DE LOGIN] Crie um botão na tela inicial que leve para a tela de configurações",
          "fullFile": "",
          "file": "",
          "beforeHooks": [],
          "afterHooks": [],
          "tests": [
            {
              "title": "Será validado se o botão existe na página",
              "fullTitle": "3 - [TELA DE LOGIN] Crie um botão na tela inicial que leve para a tela de configurações Será validado se o botão existe na página",
              "timedOut": null,
              "duration": 208,
              "state": "passed",
              "speed": "fast",
              "pass": true,
              "fail": false,
              "pending": false,
              "context": null,
              "code": "cy.get(BUTTON_SETTINGS_SELECTOR).should('exist');",
              "err": {},
              "uuid": "2952e690-e1bd-4746-bbac-843c83c49eb7",
              "parentUUID": "5c47abbb-9565-4603-b7c2-1f1e8732f8d5",
              "isHook": false,
              "skipped": false
            },
            {
              "title": "Será validado se a tela de configurações possui um título",
              "fullTitle": "3 - [TELA DE LOGIN] Crie um botão na tela inicial que leve para a tela de configurações Será validado se a tela de configurações possui um título",
              "timedOut": null,
              "duration": 332,
              "state": "passed",
              "speed": "fast",
              "pass": true,
              "fail": false,
              "pending": false,
              "context": null,
              "code": "cy.get(BUTTON_SETTINGS_SELECTOR).click();\ncy.get(SETTINGS_TITLE_SELECTOR).should('exist');",
              "err": {},
              "uuid": "d26e39ec-61c4-4fdb-8c0d-05bb21067a3d",
              "parentUUID": "5c47abbb-9565-4603-b7c2-1f1e8732f8d5",
              "isHook": false,
              "skipped": false
            }
          ],
          "suites": [],
          "passes": [
            "2952e690-e1bd-4746-bbac-843c83c49eb7",
            "d26e39ec-61c4-4fdb-8c0d-05bb21067a3d"
          ],
          "failures": [],
          "pending": [],
          "skipped": [],
          "duration": 540,
          "root": false,
          "rootEmpty": false,
          "_timeout": 2000
        },
        {
          "uuid": "65ec71c6-12de-4e4e-9887-3b2762a01f55",
          "title": "4 - [TELA DE LOGIN] Desenvolva testes para atingir 90% de cobertura da tela de Login",
          "fullFile": "",
          "file": "",
          "beforeHooks": [],
          "afterHooks": [],
          "tests": [
            {
              "title": "Verifica a cobertura de testes unitários",
              "fullTitle": "4 - [TELA DE LOGIN] Desenvolva testes para atingir 90% de cobertura da tela de Login Verifica a cobertura de testes unitários",
              "timedOut": null,
              "duration": 14776,
              "state": "passed",
              "speed": "slow",
              "pass": true,
              "fail": false,
              "pending": false,
              "context": null,
              "code": "cy.getCoverage().its('Login.functions.pct', {\n  timeout: 0\n}).should('be.gte', 90.00);\ncy.getCoverage().its('Login.lines.pct', {\n  timeout: 0\n}).should('be.gte', 90.00);",
              "err": {},
              "uuid": "56804630-6ec8-4acb-af23-73823d667356",
              "parentUUID": "65ec71c6-12de-4e4e-9887-3b2762a01f55",
              "isHook": false,
              "skipped": false
            }
          ],
          "suites": [],
          "passes": [
            "56804630-6ec8-4acb-af23-73823d667356"
          ],
          "failures": [],
          "pending": [],
          "skipped": [],
          "duration": 14776,
          "root": false,
          "rootEmpty": false,
          "_timeout": 2000
        }
      ],
      "passes": [],
      "failures": [],
      "pending": [],
      "skipped": [],
      "duration": 0,
      "root": true,
      "rootEmpty": true,
      "_timeout": 2000
    }
  ],
  "meta": {
    "mocha": {
      "version": "7.0.1"
    },
    "mochawesome": {
      "options": {
        "quiet": false,
        "reportFilename": "mochawesome",
        "saveHtml": false,
        "saveJson": true,
        "consoleReporter": "spec",
        "useInlineDiffs": false,
        "code": true
      },
      "version": "7.1.3"
    },
    "marge": {
      "options": {
        "id": "default",
        "reportDir": "cypress/reports",
        "overwrite": false,
        "html": false,
        "json": true
      },
      "version": "6.2.0"
    }
  }
}