{
  "stats": {
    "suites": 7,
    "tests": 23,
    "passes": 23,
    "pending": 0,
    "failures": 0,
    "start": "2022-11-13T23:20:41.757Z",
    "end": "2022-11-13T23:22:01.622Z",
    "duration": 79865,
    "testsRegistered": 23,
    "passPercent": 100,
    "pendingPercent": 0,
    "other": 0,
    "hasOther": false,
    "skipped": 0,
    "hasSkipped": false
  },
  "results": [
    {
      "uuid": "1ab98cc5-a66c-4c5d-8fec-7a04ab5c31c6",
      "title": "",
      "fullFile": "cypress/e2e/05-11-tela-de-jogo.cy.js",
      "file": "cypress/e2e/05-11-tela-de-jogo.cy.js",
      "beforeHooks": [],
      "afterHooks": [],
      "tests": [],
      "suites": [
        {
          "uuid": "df321cd8-7782-400c-aa1e-fada521acfd2",
          "title": "5 - [TELA DE JOGO] Crie um _header_ que deve conter as informações da pessoa jogadora",
          "fullFile": "",
          "file": "",
          "beforeHooks": [],
          "afterHooks": [],
          "tests": [
            {
              "title": "Será validado se a imagem do Gravatar está presente no header",
              "fullTitle": "5 - [TELA DE JOGO] Crie um _header_ que deve conter as informações da pessoa jogadora Será validado se a imagem do Gravatar está presente no header",
              "timedOut": null,
              "duration": 2411,
              "state": "passed",
              "speed": "fast",
              "pass": true,
              "fail": false,
              "pending": false,
              "context": null,
              "code": "cy.get(HEADER_IMAGE_SELECTOR).should('exist');\ncy.get(HEADER_IMAGE_SELECTOR).should('have.attr', 'src', `https://www.gravatar.com/avatar/${MD5(PLAYER_EMAIL)}`);",
              "err": {},
              "uuid": "19fdc19b-89f5-447d-b6be-3e6b2a6de1c9",
              "parentUUID": "df321cd8-7782-400c-aa1e-fada521acfd2",
              "isHook": false,
              "skipped": false
            },
            {
              "title": "Será validado se o nome da pessoa está presente no header",
              "fullTitle": "5 - [TELA DE JOGO] Crie um _header_ que deve conter as informações da pessoa jogadora Será validado se o nome da pessoa está presente no header",
              "timedOut": null,
              "duration": 1278,
              "state": "passed",
              "speed": "fast",
              "pass": true,
              "fail": false,
              "pending": false,
              "context": null,
              "code": "cy.get(HEADER_NAME_SELECTOR).contains(PLAYER_NAME);",
              "err": {},
              "uuid": "35886ac6-9ea8-4c15-9ab3-e4036c950b9e",
              "parentUUID": "df321cd8-7782-400c-aa1e-fada521acfd2",
              "isHook": false,
              "skipped": false
            },
            {
              "title": "Será validado se o placar zerado está presente no header",
              "fullTitle": "5 - [TELA DE JOGO] Crie um _header_ que deve conter as informações da pessoa jogadora Será validado se o placar zerado está presente no header",
              "timedOut": null,
              "duration": 1067,
              "state": "passed",
              "speed": "fast",
              "pass": true,
              "fail": false,
              "pending": false,
              "context": null,
              "code": "cy.get(HEADER_SCORE_SELECTOR).contains('0');",
              "err": {},
              "uuid": "2e75bbf0-3296-4f63-9229-a797b865ce6b",
              "parentUUID": "df321cd8-7782-400c-aa1e-fada521acfd2",
              "isHook": false,
              "skipped": false
            }
          ],
          "suites": [],
          "passes": [
            "19fdc19b-89f5-447d-b6be-3e6b2a6de1c9",
            "35886ac6-9ea8-4c15-9ab3-e4036c950b9e",
            "2e75bbf0-3296-4f63-9229-a797b865ce6b"
          ],
          "failures": [],
          "pending": [],
          "skipped": [],
          "duration": 4756,
          "root": false,
          "rootEmpty": false,
          "_timeout": 2000
        },
        {
          "uuid": "79d3318a-f234-48ee-841e-1e554127aaa8",
          "title": "6 - [TELA DE JOGO] Crie a página de jogo que deve conter as informações relacionadas à pergunta",
          "fullFile": "",
          "file": "",
          "beforeHooks": [],
          "afterHooks": [],
          "tests": [
            {
              "title": "Será validado se a API de perguntas é chamada corretamente",
              "fullTitle": "6 - [TELA DE JOGO] Crie a página de jogo que deve conter as informações relacionadas à pergunta Será validado se a API de perguntas é chamada corretamente",
              "timedOut": null,
              "duration": 1165,
              "state": "passed",
              "speed": "fast",
              "pass": true,
              "fail": false,
              "pending": false,
              "context": null,
              "code": "cy.window().its('fetch').should('be.calledWith', FETCH_TRIVIA_URL);",
              "err": {},
              "uuid": "32ea0fa1-effa-4f6b-ba17-ff0798712416",
              "parentUUID": "79d3318a-f234-48ee-841e-1e554127aaa8",
              "isHook": false,
              "skipped": false
            },
            {
              "title": "Será validado se é feito o logout ao acessar o game com um token inválido",
              "fullTitle": "6 - [TELA DE JOGO] Crie a página de jogo que deve conter as informações relacionadas à pergunta Será validado se é feito o logout ao acessar o game com um token inválido",
              "timedOut": null,
              "duration": 1124,
              "state": "passed",
              "speed": "fast",
              "pass": true,
              "fail": false,
              "pending": false,
              "context": null,
              "code": "cy.get(\"@spyFetch\").should('be.calledWith', INVALID_FETCH_TRIVIA_URL);\ncy.window().its('location.pathname').should('eq', '/');",
              "err": {},
              "uuid": "0dc2adad-6ebb-4550-bd8c-86fc59568f59",
              "parentUUID": "79d3318a-f234-48ee-841e-1e554127aaa8",
              "isHook": false,
              "skipped": false
            },
            {
              "title": "Será validado se a categoria da pergunta está presente",
              "fullTitle": "6 - [TELA DE JOGO] Crie a página de jogo que deve conter as informações relacionadas à pergunta Será validado se a categoria da pergunta está presente",
              "timedOut": null,
              "duration": 1185,
              "state": "passed",
              "speed": "fast",
              "pass": true,
              "fail": false,
              "pending": false,
              "context": null,
              "code": "cy.get(QUESTION_CATEGORY_SELECTOR).should('exist');\ncy.get(QUESTION_CATEGORY_SELECTOR).contains(questionsResponse.results[0].category);",
              "err": {},
              "uuid": "2e44523b-4830-4091-8bb8-53e0112629a1",
              "parentUUID": "79d3318a-f234-48ee-841e-1e554127aaa8",
              "isHook": false,
              "skipped": false
            },
            {
              "title": "Será validado se o texto da pergunta está presente",
              "fullTitle": "6 - [TELA DE JOGO] Crie a página de jogo que deve conter as informações relacionadas à pergunta Será validado se o texto da pergunta está presente",
              "timedOut": null,
              "duration": 1145,
              "state": "passed",
              "speed": "fast",
              "pass": true,
              "fail": false,
              "pending": false,
              "context": null,
              "code": "cy.get(QUESTION_TEXT_SELECTOR).should('exist');\ncy.get(QUESTION_TEXT_SELECTOR).contains(questionsResponse.results[0].question);",
              "err": {},
              "uuid": "7144d913-8639-4e61-addb-e33e953aeadb",
              "parentUUID": "79d3318a-f234-48ee-841e-1e554127aaa8",
              "isHook": false,
              "skipped": false
            },
            {
              "title": "Será validado se as alternativas estão presentes",
              "fullTitle": "6 - [TELA DE JOGO] Crie a página de jogo que deve conter as informações relacionadas à pergunta Será validado se as alternativas estão presentes",
              "timedOut": null,
              "duration": 1131,
              "state": "passed",
              "speed": "fast",
              "pass": true,
              "fail": false,
              "pending": false,
              "context": null,
              "code": "cy.get(CORRECT_ALTERNATIVE_SELECTOR).should('exist');\ncy.get(CORRECT_ALTERNATIVE_SELECTOR).should('have.length', 1);\ncy.get(CORRECT_ALTERNATIVE_SELECTOR).contains(questionsResponse.results[0].correct_answer);\ncy.get(WRONG_ALTERNATIVES_SELECTOR).should('exist');\ncy.get(WRONG_ALTERNATIVES_SELECTOR).each(element => {\n  expect(element.text()).to.includes.oneOf(questionsResponse.results[0].incorrect_answers);\n});",
              "err": {},
              "uuid": "9eeed473-524c-4592-bea6-4a159f84c628",
              "parentUUID": "79d3318a-f234-48ee-841e-1e554127aaa8",
              "isHook": false,
              "skipped": false
            },
            {
              "title": "Será validado se as alternativas estão posicionadas em ordem aleatória",
              "fullTitle": "6 - [TELA DE JOGO] Crie a página de jogo que deve conter as informações relacionadas à pergunta Será validado se as alternativas estão posicionadas em ordem aleatória",
              "timedOut": null,
              "duration": 6625,
              "state": "passed",
              "speed": "medium",
              "pass": true,
              "fail": false,
              "pending": false,
              "context": null,
              "code": "const answersList = [];\ncy.get(ALL_ALTERNATIVES_SELECTOR).then(() => {\n  for (let i = 0; i < 5; i += 1) {\n    loadQuestionsPage();\n    cy.get(ALL_ALTERNATIVES_SELECTOR).then(newAnswersSection => {\n      const newAnswers = Array.from(newAnswersSection.children()).map(answer => answer.dataset.testid);\n      const currentIndex = newAnswers.indexOf('correct-answer');\n      answersList.push(currentIndex);\n    });\n  }\n  ;\n}).then(() => {\n  const removeRepeatedList = [...new Set(answersList)];\n  expect(removeRepeatedList.length).to.be.greaterThan(1);\n});",
              "err": {},
              "uuid": "4be0c095-b239-44bd-a477-abbab1f69dd5",
              "parentUUID": "79d3318a-f234-48ee-841e-1e554127aaa8",
              "isHook": false,
              "skipped": false
            }
          ],
          "suites": [],
          "passes": [
            "32ea0fa1-effa-4f6b-ba17-ff0798712416",
            "0dc2adad-6ebb-4550-bd8c-86fc59568f59",
            "2e44523b-4830-4091-8bb8-53e0112629a1",
            "7144d913-8639-4e61-addb-e33e953aeadb",
            "9eeed473-524c-4592-bea6-4a159f84c628",
            "4be0c095-b239-44bd-a477-abbab1f69dd5"
          ],
          "failures": [],
          "pending": [],
          "skipped": [],
          "duration": 12375,
          "root": false,
          "rootEmpty": false,
          "_timeout": 2000
        },
        {
          "uuid": "950bfd26-a320-448d-b898-8ccd85afb310",
          "title": "7 - [TELA DE JOGO] Desenvolva o estilo que, ao clicar em uma resposta, a correta deve ficar verde e as incorretas, vermelhas",
          "fullFile": "",
          "file": "",
          "beforeHooks": [],
          "afterHooks": [],
          "tests": [
            {
              "title": "Será validado se a cor da alternativa correta é \"rgb(6, 240, 15)\" ao acertar a questão",
              "fullTitle": "7 - [TELA DE JOGO] Desenvolva o estilo que, ao clicar em uma resposta, a correta deve ficar verde e as incorretas, vermelhas Será validado se a cor da alternativa correta é \"rgb(6, 240, 15)\" ao acertar a questão",
              "timedOut": null,
              "duration": 1472,
              "state": "passed",
              "speed": "fast",
              "pass": true,
              "fail": false,
              "pending": false,
              "context": null,
              "code": "cy.get(CORRECT_ALTERNATIVE_SELECTOR).click();\ncy.get(CORRECT_ALTERNATIVE_SELECTOR).should('have.css', 'border-color', 'rgb(6, 240, 15)');\ncy.get(CORRECT_ALTERNATIVE_SELECTOR).should('have.css', 'border-style', 'solid');\ncy.get(CORRECT_ALTERNATIVE_SELECTOR).should('have.css', 'border-width', '3px');",
              "err": {},
              "uuid": "35140669-8d74-4e3a-bdc7-96bb8636371e",
              "parentUUID": "950bfd26-a320-448d-b898-8ccd85afb310",
              "isHook": false,
              "skipped": false
            },
            {
              "title": "Será validado se a cor das alternativas incorretas é \"rgb(255, 0, 0)\" ao acertar a questão",
              "fullTitle": "7 - [TELA DE JOGO] Desenvolva o estilo que, ao clicar em uma resposta, a correta deve ficar verde e as incorretas, vermelhas Será validado se a cor das alternativas incorretas é \"rgb(255, 0, 0)\" ao acertar a questão",
              "timedOut": null,
              "duration": 1460,
              "state": "passed",
              "speed": "fast",
              "pass": true,
              "fail": false,
              "pending": false,
              "context": null,
              "code": "cy.get(CORRECT_ALTERNATIVE_SELECTOR).click();\ncy.get(WRONG_ALTERNATIVES_SELECTOR).should('have.css', 'border-color', 'rgb(255, 0, 0)');\ncy.get(WRONG_ALTERNATIVES_SELECTOR).should('have.css', 'border-style', 'solid');\ncy.get(WRONG_ALTERNATIVES_SELECTOR).should('have.css', 'border-width', '3px');",
              "err": {},
              "uuid": "e3083876-1126-4a99-a4cb-422f43737c00",
              "parentUUID": "950bfd26-a320-448d-b898-8ccd85afb310",
              "isHook": false,
              "skipped": false
            },
            {
              "title": "Será validado se a cor da alternativa correta é \"rgb(6, 240, 15)\" ao errar a questão",
              "fullTitle": "7 - [TELA DE JOGO] Desenvolva o estilo que, ao clicar em uma resposta, a correta deve ficar verde e as incorretas, vermelhas Será validado se a cor da alternativa correta é \"rgb(6, 240, 15)\" ao errar a questão",
              "timedOut": null,
              "duration": 1483,
              "state": "passed",
              "speed": "fast",
              "pass": true,
              "fail": false,
              "pending": false,
              "context": null,
              "code": "cy.get(WRONG_ALTERNATIVES_SELECTOR).first().click();\ncy.get(CORRECT_ALTERNATIVE_SELECTOR).should('have.css', 'border-color', 'rgb(6, 240, 15)');\ncy.get(CORRECT_ALTERNATIVE_SELECTOR).should('have.css', 'border-style', 'solid');\ncy.get(CORRECT_ALTERNATIVE_SELECTOR).should('have.css', 'border-width', '3px');",
              "err": {},
              "uuid": "369477a1-b315-4209-a962-388119f38ca0",
              "parentUUID": "950bfd26-a320-448d-b898-8ccd85afb310",
              "isHook": false,
              "skipped": false
            },
            {
              "title": "Será validado se a cor das alternativas incorretas é \"rgb(255, 0, 0)\" ao errar a questão",
              "fullTitle": "7 - [TELA DE JOGO] Desenvolva o estilo que, ao clicar em uma resposta, a correta deve ficar verde e as incorretas, vermelhas Será validado se a cor das alternativas incorretas é \"rgb(255, 0, 0)\" ao errar a questão",
              "timedOut": null,
              "duration": 1490,
              "state": "passed",
              "speed": "fast",
              "pass": true,
              "fail": false,
              "pending": false,
              "context": null,
              "code": "cy.get(WRONG_ALTERNATIVES_SELECTOR).first().click();\ncy.get(WRONG_ALTERNATIVES_SELECTOR).should('have.css', 'border-color', 'rgb(255, 0, 0)');\ncy.get(WRONG_ALTERNATIVES_SELECTOR).should('have.css', 'border-style', 'solid');\ncy.get(WRONG_ALTERNATIVES_SELECTOR).should('have.css', 'border-width', '3px');",
              "err": {},
              "uuid": "87500b23-5ab0-40af-a286-0d359566e1cb",
              "parentUUID": "950bfd26-a320-448d-b898-8ccd85afb310",
              "isHook": false,
              "skipped": false
            }
          ],
          "suites": [],
          "passes": [
            "35140669-8d74-4e3a-bdc7-96bb8636371e",
            "e3083876-1126-4a99-a4cb-422f43737c00",
            "369477a1-b315-4209-a962-388119f38ca0",
            "87500b23-5ab0-40af-a286-0d359566e1cb"
          ],
          "failures": [],
          "pending": [],
          "skipped": [],
          "duration": 5905,
          "root": false,
          "rootEmpty": false,
          "_timeout": 2000
        },
        {
          "uuid": "a935b5b3-bc9e-4567-a86a-18a5fc7ee174",
          "title": "8 - [TELA DE JOGO] Desenvolva um timer onde a pessoa que joga tem 30 segundos para responder",
          "fullFile": "",
          "file": "",
          "beforeHooks": [],
          "afterHooks": [],
          "tests": [
            {
              "title": "Será validado se é possível aguardar 5 segundos e responder a alternativa correta",
              "fullTitle": "8 - [TELA DE JOGO] Desenvolva um timer onde a pessoa que joga tem 30 segundos para responder Será validado se é possível aguardar 5 segundos e responder a alternativa correta",
              "timedOut": null,
              "duration": 6390,
              "state": "passed",
              "speed": "medium",
              "pass": true,
              "fail": false,
              "pending": false,
              "context": null,
              "code": "cy.wait(5000);\ncy.get(CORRECT_ALTERNATIVE_SELECTOR).should('not.be.disabled').click();",
              "err": {},
              "uuid": "c9963fb4-118d-4907-81c6-770cd6e2109f",
              "parentUUID": "a935b5b3-bc9e-4567-a86a-18a5fc7ee174",
              "isHook": false,
              "skipped": false
            },
            {
              "title": "Será validado se ao aguardar mais de 30 segundos para responder, todos botões estão desabilitados",
              "fullTitle": "8 - [TELA DE JOGO] Desenvolva um timer onde a pessoa que joga tem 30 segundos para responder Será validado se ao aguardar mais de 30 segundos para responder, todos botões estão desabilitados",
              "timedOut": null,
              "duration": 33175,
              "state": "passed",
              "speed": "slow",
              "pass": true,
              "fail": false,
              "pending": false,
              "context": null,
              "code": "cy.wait(32000);\ncy.get(CORRECT_ALTERNATIVE_SELECTOR).should('be.disabled');",
              "err": {},
              "uuid": "634cd9b0-3f9a-4a33-b3a6-8d7a8dede876",
              "parentUUID": "a935b5b3-bc9e-4567-a86a-18a5fc7ee174",
              "isHook": false,
              "skipped": false
            }
          ],
          "suites": [],
          "passes": [
            "c9963fb4-118d-4907-81c6-770cd6e2109f",
            "634cd9b0-3f9a-4a33-b3a6-8d7a8dede876"
          ],
          "failures": [],
          "pending": [],
          "skipped": [],
          "duration": 39565,
          "root": false,
          "rootEmpty": false,
          "_timeout": 2000
        },
        {
          "uuid": "cde58e91-9060-4050-a97b-81a2d631d795",
          "title": "9 - [TELA DE JOGO] Crie o placar com as seguintes características:",
          "fullFile": "",
          "file": "",
          "beforeHooks": [],
          "afterHooks": [],
          "tests": [
            {
              "title": "Será validado se os pontos são somados ao acertar uma questão",
              "fullTitle": "9 - [TELA DE JOGO] Crie o placar com as seguintes características: Será validado se os pontos são somados ao acertar uma questão",
              "timedOut": null,
              "duration": 1409,
              "state": "passed",
              "speed": "fast",
              "pass": true,
              "fail": false,
              "pending": false,
              "context": null,
              "code": "let lastScore;\ncy.window().its('store').invoke('getState').then(state => {\n  lastScore = state.player.score;\n});\ncy.get(CORRECT_ALTERNATIVE_SELECTOR).click().then(() => {\n  cy.window().its('store').invoke('getState').then(state => {\n    expect(lastScore).to.be.lt(state.player.score);\n  });\n});",
              "err": {},
              "uuid": "7b2b4e94-9a21-432c-b561-373066893f5a",
              "parentUUID": "cde58e91-9060-4050-a97b-81a2d631d795",
              "isHook": false,
              "skipped": false
            },
            {
              "title": "Será validado se os pontos não são somados ao errar uma questão",
              "fullTitle": "9 - [TELA DE JOGO] Crie o placar com as seguintes características: Será validado se os pontos não são somados ao errar uma questão",
              "timedOut": null,
              "duration": 1412,
              "state": "passed",
              "speed": "fast",
              "pass": true,
              "fail": false,
              "pending": false,
              "context": null,
              "code": "let lastScore;\ncy.window().its('store').invoke('getState').then(state => {\n  lastScore = state.player.score;\n});\ncy.get(WRONG_ALTERNATIVES_SELECTOR).first().click().then(() => {\n  cy.window().its('store').invoke('getState').then(state => {\n    expect(lastScore).to.be.eq(state.player.score);\n  });\n});",
              "err": {},
              "uuid": "78cb0bb7-c960-4a8d-9c06-f40c6c2ad96a",
              "parentUUID": "cde58e91-9060-4050-a97b-81a2d631d795",
              "isHook": false,
              "skipped": false
            }
          ],
          "suites": [],
          "passes": [
            "7b2b4e94-9a21-432c-b561-373066893f5a",
            "78cb0bb7-c960-4a8d-9c06-f40c6c2ad96a"
          ],
          "failures": [],
          "pending": [],
          "skipped": [],
          "duration": 2821,
          "root": false,
          "rootEmpty": false,
          "_timeout": 2000
        },
        {
          "uuid": "b6802b42-13e7-4eb5-9f85-a846c0380912",
          "title": "10 - [TELA DE JOGO] Crie um botão de `Next` que apareça após a resposta ser dada",
          "fullFile": "",
          "file": "",
          "beforeHooks": [],
          "afterHooks": [],
          "tests": [
            {
              "title": "Será validado se o botão \"Next\" não é visível no início do jogo",
              "fullTitle": "10 - [TELA DE JOGO] Crie um botão de `Next` que apareça após a resposta ser dada Será validado se o botão \"Next\" não é visível no início do jogo",
              "timedOut": null,
              "duration": 1249,
              "state": "passed",
              "speed": "fast",
              "pass": true,
              "fail": false,
              "pending": false,
              "context": null,
              "code": "cy.get(BUTTON_NEXT_QUESTION_SELECTOR).should('not.exist');",
              "err": {},
              "uuid": "a18881b5-f243-4be3-8a75-63c849c2bba5",
              "parentUUID": "b6802b42-13e7-4eb5-9f85-a846c0380912",
              "isHook": false,
              "skipped": false
            },
            {
              "title": "Será validado se o botão \"Next\" é visível quando a pergunta é respondida corretamente",
              "fullTitle": "10 - [TELA DE JOGO] Crie um botão de `Next` que apareça após a resposta ser dada Será validado se o botão \"Next\" é visível quando a pergunta é respondida corretamente",
              "timedOut": null,
              "duration": 1355,
              "state": "passed",
              "speed": "fast",
              "pass": true,
              "fail": false,
              "pending": false,
              "context": null,
              "code": "cy.get(CORRECT_ALTERNATIVE_SELECTOR).click();\ncy.get(BUTTON_NEXT_QUESTION_SELECTOR).should('exist');",
              "err": {},
              "uuid": "86730475-39d9-49a2-988b-44cb88f98452",
              "parentUUID": "b6802b42-13e7-4eb5-9f85-a846c0380912",
              "isHook": false,
              "skipped": false
            },
            {
              "title": "Será validado se o botão \"Next\" é visível quando a pergunta é respondida incorretamente",
              "fullTitle": "10 - [TELA DE JOGO] Crie um botão de `Next` que apareça após a resposta ser dada Será validado se o botão \"Next\" é visível quando a pergunta é respondida incorretamente",
              "timedOut": null,
              "duration": 1307,
              "state": "passed",
              "speed": "fast",
              "pass": true,
              "fail": false,
              "pending": false,
              "context": null,
              "code": "cy.get(WRONG_ALTERNATIVES_SELECTOR).first().click();\ncy.get(BUTTON_NEXT_QUESTION_SELECTOR).should('be.visible');",
              "err": {},
              "uuid": "bf96d382-71ae-4b14-8956-cec428e7fc2b",
              "parentUUID": "b6802b42-13e7-4eb5-9f85-a846c0380912",
              "isHook": false,
              "skipped": false
            }
          ],
          "suites": [],
          "passes": [
            "a18881b5-f243-4be3-8a75-63c849c2bba5",
            "86730475-39d9-49a2-988b-44cb88f98452",
            "bf96d382-71ae-4b14-8956-cec428e7fc2b"
          ],
          "failures": [],
          "pending": [],
          "skipped": [],
          "duration": 3911,
          "root": false,
          "rootEmpty": false,
          "_timeout": 2000
        },
        {
          "uuid": "1d2138a0-e281-46e1-99e8-e4ff959b4de3",
          "title": "11 - [TELA DE JOGO] Desenvolva o jogo de forma que a pessoa que joga deve responder 5 perguntas no total",
          "fullFile": "",
          "file": "",
          "beforeHooks": [],
          "afterHooks": [],
          "tests": [
            {
              "title": "Será validado se os pontos são somados de forma correta ao acertar todas as respostas",
              "fullTitle": "11 - [TELA DE JOGO] Desenvolva o jogo de forma que a pessoa que joga deve responder 5 perguntas no total Será validado se os pontos são somados de forma correta ao acertar todas as respostas",
              "timedOut": null,
              "duration": 2312,
              "state": "passed",
              "speed": "fast",
              "pass": true,
              "fail": false,
              "pending": false,
              "context": null,
              "code": "let lastScore;\ncy.window().its('store').invoke('getState').then(state => {\n  lastScore = state.player.score;\n});\ncy.get(QUESTION_TEXT_SELECTOR).should('have.text', questionsResponse.results[0].question);\ncy.get(CORRECT_ALTERNATIVE_SELECTOR).click().then(() => {\n  cy.window().its('store').invoke('getState').then(state => {\n    expect(lastScore).to.be.lt(state.player.score);\n    lastScore = state.player.score;\n  });\n});\nfor (let i = 1; i <= 4; i += 1) {\n  cy.get(BUTTON_NEXT_QUESTION_SELECTOR).click();\n  cy.get(QUESTION_TEXT_SELECTOR).should('have.text', questionsResponse.results[i].question);\n  cy.get(CORRECT_ALTERNATIVE_SELECTOR).click().then(() => {\n    cy.window().its('store').invoke('getState').then(state => {\n      expect(lastScore).to.be.lt(state.player.score);\n      lastScore = state.player.score;\n    });\n  });\n}",
              "err": {},
              "uuid": "58a0216d-37b8-42b6-9c6d-853e462d3671",
              "parentUUID": "1d2138a0-e281-46e1-99e8-e4ff959b4de3",
              "isHook": false,
              "skipped": false
            },
            {
              "title": "Será validado se os pontos são somados de forma correta ao errar todas as respostas",
              "fullTitle": "11 - [TELA DE JOGO] Desenvolva o jogo de forma que a pessoa que joga deve responder 5 perguntas no total Será validado se os pontos são somados de forma correta ao errar todas as respostas",
              "timedOut": null,
              "duration": 2224,
              "state": "passed",
              "speed": "fast",
              "pass": true,
              "fail": false,
              "pending": false,
              "context": null,
              "code": "let lastScore;\ncy.window().its('store').invoke('getState').then(state => {\n  lastScore = state.player.score;\n});\ncy.get(QUESTION_TEXT_SELECTOR).should('have.text', questionsResponse.results[0].question);\ncy.get(WRONG_ALTERNATIVES_SELECTOR).first().click().then(() => {\n  cy.window().its('store').invoke('getState').then(state => {\n    expect(lastScore).to.be.eq(state.player.score);\n  });\n});\nfor (let i = 1; i <= 4; i += 1) {\n  cy.get(BUTTON_NEXT_QUESTION_SELECTOR).click();\n  cy.get(QUESTION_TEXT_SELECTOR).should('have.text', questionsResponse.results[i].question);\n  cy.get(WRONG_ALTERNATIVES_SELECTOR).first().click().then(() => {\n    cy.window().its('store').invoke('getState').then(state => {\n      expect(lastScore).to.be.eq(state.player.score);\n    });\n  });\n}",
              "err": {},
              "uuid": "f73f9ae8-c47c-4cfc-82ac-979dfe264b33",
              "parentUUID": "1d2138a0-e281-46e1-99e8-e4ff959b4de3",
              "isHook": false,
              "skipped": false
            },
            {
              "title": "Será validado se a pessoa usuária é redirecionada para a tela de _feedback_ após a quinta pergunta",
              "fullTitle": "11 - [TELA DE JOGO] Desenvolva o jogo de forma que a pessoa que joga deve responder 5 perguntas no total Será validado se a pessoa usuária é redirecionada para a tela de _feedback_ após a quinta pergunta",
              "timedOut": null,
              "duration": 2369,
              "state": "passed",
              "speed": "fast",
              "pass": true,
              "fail": false,
              "pending": false,
              "context": null,
              "code": "cy.get(CORRECT_ALTERNATIVE_SELECTOR).click();\ncy.get(BUTTON_NEXT_QUESTION_SELECTOR).click();\ncy.get(CORRECT_ALTERNATIVE_SELECTOR).click();\ncy.get(BUTTON_NEXT_QUESTION_SELECTOR).click();\ncy.get(CORRECT_ALTERNATIVE_SELECTOR).click();\ncy.get(BUTTON_NEXT_QUESTION_SELECTOR).click();\ncy.get(CORRECT_ALTERNATIVE_SELECTOR).click();\ncy.get(BUTTON_NEXT_QUESTION_SELECTOR).click();\ncy.get(CORRECT_ALTERNATIVE_SELECTOR).click();\ncy.get(BUTTON_NEXT_QUESTION_SELECTOR).click();\ncy.get(FEEDBACK_TEXT_SELECTOR).should('exist');",
              "err": {},
              "uuid": "d6401655-20e5-4732-868d-53374492ae5d",
              "parentUUID": "1d2138a0-e281-46e1-99e8-e4ff959b4de3",
              "isHook": false,
              "skipped": false
            }
          ],
          "suites": [],
          "passes": [
            "58a0216d-37b8-42b6-9c6d-853e462d3671",
            "f73f9ae8-c47c-4cfc-82ac-979dfe264b33",
            "d6401655-20e5-4732-868d-53374492ae5d"
          ],
          "failures": [],
          "pending": [],
          "skipped": [],
          "duration": 6905,
          "root": false,
          "rootEmpty": false,
          "_timeout": 2000
        }
      ],
      "passes": [],
      "failures": [],
      "pending": [],
      "skipped": [],
      "duration": 0,
      "root": true,
      "rootEmpty": true,
      "_timeout": 2000
    }
  ],
  "meta": {
    "mocha": {
      "version": "7.0.1"
    },
    "mochawesome": {
      "options": {
        "quiet": false,
        "reportFilename": "mochawesome",
        "saveHtml": false,
        "saveJson": true,
        "consoleReporter": "spec",
        "useInlineDiffs": false,
        "code": true
      },
      "version": "7.1.3"
    },
    "marge": {
      "options": {
        "id": "default",
        "reportDir": "cypress/reports",
        "overwrite": false,
        "html": false,
        "json": true
      },
      "version": "6.2.0"
    }
  }
}