<?xml version="1.0" encoding="UTF-8"?>
<coverage generated="1668896398089" clover="3.2.0">
  <project timestamp="1668896398089" name="All files">
    <metrics statements="166" coveredstatements="152" conditionals="42" coveredconditionals="34" methods="58" coveredmethods="52" elements="266" coveredelements="238" complexity="0" loc="166" ncloc="166" packages="3" files="10" classes="10"/>
    <package name="src">
      <metrics statements="7" coveredstatements="7" conditionals="0" coveredconditionals="0" methods="7" coveredmethods="7"/>
      <file name="App.js" path="/home/fernando/sd-025-b-project-trivia-react-redux/src/App.js">
        <metrics statements="1" coveredstatements="1" conditionals="0" coveredconditionals="0" methods="1" coveredmethods="1"/>
        <line num="5" count="37" type="stmt"/>
      </file>
      <file name="Routes.js" path="/home/fernando/sd-025-b-project-trivia-react-redux/src/Routes.js">
        <metrics statements="6" coveredstatements="6" conditionals="0" coveredconditionals="0" methods="6" coveredmethods="6"/>
        <line num="11" count="33" type="stmt"/>
        <line num="13" count="21" type="stmt"/>
        <line num="14" count="5" type="stmt"/>
        <line num="15" count="3" type="stmt"/>
        <line num="16" count="9" type="stmt"/>
        <line num="17" count="10" type="stmt"/>
      </file>
    </package>
    <package name="src.Components">
      <metrics statements="83" coveredstatements="73" conditionals="28" coveredconditionals="23" methods="26" coveredmethods="22"/>
      <file name="Header.js" path="/home/fernando/sd-025-b-project-trivia-react-redux/src/Components/Header.js">
        <metrics statements="8" coveredstatements="8" conditionals="0" coveredconditionals="0" methods="4" coveredmethods="4"/>
        <line num="12" count="35" type="stmt"/>
        <line num="13" count="2" type="stmt"/>
        <line num="14" count="2" type="stmt"/>
        <line num="18" count="44" type="stmt"/>
        <line num="19" count="44" type="stmt"/>
        <line num="45" count="6" type="stmt"/>
        <line num="51" count="6" type="stmt"/>
        <line num="53" count="49" type="stmt"/>
      </file>
      <file name="Loading.js" path="/home/fernando/sd-025-b-project-trivia-react-redux/src/Components/Loading.js">
        <metrics statements="1" coveredstatements="1" conditionals="0" coveredconditionals="0" methods="1" coveredmethods="1"/>
        <line num="5" count="7" type="stmt"/>
      </file>
      <file name="Questions.js" path="/home/fernando/sd-025-b-project-trivia-react-redux/src/Components/Questions.js">
        <metrics statements="74" coveredstatements="64" conditionals="28" coveredconditionals="23" methods="21" coveredmethods="17"/>
        <line num="10" count="7" type="stmt"/>
        <line num="12" count="5" type="stmt"/>
        <line num="29" count="5" type="stmt"/>
        <line num="30" count="5" type="stmt"/>
        <line num="31" count="5" type="stmt"/>
        <line num="32" count="5" type="stmt"/>
        <line num="33" count="19" type="stmt"/>
        <line num="36" count="5" type="cond" truecount="2" falsecount="2"/>
        <line num="37" count="5" type="stmt"/>
        <line num="39" count="0" type="stmt"/>
        <line num="40" count="0" type="stmt"/>
        <line num="45" count="22" type="cond" truecount="1" falsecount="1"/>
        <line num="46" count="0" type="stmt"/>
        <line num="47" count="0" type="stmt"/>
        <line num="51" count="5" type="stmt"/>
        <line num="52" count="9" type="stmt"/>
        <line num="56" count="9" type="stmt"/>
        <line num="57" count="9" type="stmt"/>
        <line num="58" count="9" type="stmt"/>
        <line num="59" count="31" type="stmt"/>
        <line num="60" count="9" type="stmt"/>
        <line num="63" count="5" type="stmt"/>
        <line num="64" count="4" type="stmt"/>
        <line num="67" count="5" type="stmt"/>
        <line num="68" count="4" type="stmt"/>
        <line num="69" count="4" type="stmt"/>
        <line num="70" count="4" type="stmt"/>
        <line num="71" count="4" type="stmt"/>
        <line num="72" count="4" type="stmt"/>
        <line num="73" count="4" type="cond" truecount="2" falsecount="0"/>
        <line num="74" count="1" type="stmt"/>
        <line num="75" count="3" type="cond" truecount="2" falsecount="0"/>
        <line num="76" count="1" type="stmt"/>
        <line num="78" count="2" type="stmt"/>
        <line num="80" count="4" type="stmt"/>
        <line num="84" count="4" type="stmt"/>
        <line num="85" count="4" type="stmt"/>
        <line num="89" count="5" type="stmt"/>
        <line num="90" count="5" type="stmt"/>
        <line num="91" count="5" type="stmt"/>
        <line num="92" count="5" type="stmt"/>
        <line num="99" count="5" type="stmt"/>
        <line num="100" count="5" type="stmt"/>
        <line num="101" count="5" type="cond" truecount="2" falsecount="0"/>
        <line num="102" count="4" type="stmt"/>
        <line num="106" count="5" type="stmt"/>
        <line num="107" count="5" type="stmt"/>
        <line num="108" count="0" type="stmt"/>
        <line num="115" count="27" type="stmt"/>
        <line num="125" count="27" type="stmt"/>
        <line num="127" count="27" type="cond" truecount="2" falsecount="0"/>
        <line num="128" count="1" type="stmt"/>
        <line num="129" count="1" type="stmt"/>
        <line num="130" count="1" type="cond" truecount="2" falsecount="0"/>
        <line num="131" count="1" type="cond" truecount="1" falsecount="1"/>
        <line num="132" count="0" type="stmt"/>
        <line num="134" count="1" type="cond" truecount="1" falsecount="1"/>
        <line num="135" count="1" type="stmt"/>
        <line num="140" count="1" type="stmt"/>
        <line num="142" count="0" type="stmt"/>
        <line num="143" count="0" type="stmt"/>
        <line num="144" count="0" type="stmt"/>
        <line num="146" count="1" type="stmt"/>
        <line num="152" count="26" type="stmt"/>
        <line num="153" count="26" type="stmt"/>
        <line num="165" count="68" type="cond" truecount="2" falsecount="0"/>
        <line num="166" count="17" type="stmt"/>
        <line num="175" count="4" type="stmt"/>
        <line num="176" count="4" type="stmt"/>
        <line num="184" count="51" type="stmt"/>
        <line num="195" count="0" type="stmt"/>
        <line num="222" count="6" type="stmt"/>
        <line num="227" count="9" type="stmt"/>
        <line num="236" count="6" type="stmt"/>
      </file>
    </package>
    <package name="src.pages">
      <metrics statements="76" coveredstatements="72" conditionals="14" coveredconditionals="11" methods="25" coveredmethods="23"/>
      <file name="Feedback.js" path="/home/fernando/sd-025-b-project-trivia-react-redux/src/pages/Feedback.js">
        <metrics statements="7" coveredstatements="7" conditionals="2" coveredconditionals="2" methods="4" coveredmethods="4"/>
        <line num="9" count="9" type="stmt"/>
        <line num="10" count="9" type="stmt"/>
        <line num="11" count="9" type="stmt"/>
        <line num="31" count="1" type="stmt"/>
        <line num="38" count="3" type="stmt"/>
        <line num="48" count="9" type="stmt"/>
        <line num="53" count="6" type="stmt"/>
      </file>
      <file name="Game.js" path="/home/fernando/sd-025-b-project-trivia-react-redux/src/pages/Game.js">
        <metrics statements="3" coveredstatements="3" conditionals="0" coveredconditionals="0" methods="1" coveredmethods="1"/>
        <line num="10" count="5" type="stmt"/>
        <line num="11" count="5" type="stmt"/>
        <line num="20" count="6" type="stmt"/>
      </file>
      <file name="Login.js" path="/home/fernando/sd-025-b-project-trivia-react-redux/src/pages/Login.js">
        <metrics statements="35" coveredstatements="31" conditionals="10" coveredconditionals="7" methods="7" coveredmethods="7"/>
        <line num="15" count="21" type="stmt"/>
        <line num="16" count="21" type="stmt"/>
        <line num="26" count="21" type="stmt"/>
        <line num="27" count="307" type="stmt"/>
        <line num="28" count="307" type="cond" truecount="4" falsecount="0"/>
        <line num="29" count="166" type="stmt"/>
        <line num="35" count="141" type="stmt"/>
        <line num="43" count="21" type="stmt"/>
        <line num="44" count="7" type="stmt"/>
        <line num="45" count="7" type="stmt"/>
        <line num="46" count="7" type="stmt"/>
        <line num="47" count="7" type="stmt"/>
        <line num="48" count="7" type="stmt"/>
        <line num="49" count="7" type="stmt"/>
        <line num="50" count="7" type="stmt"/>
        <line num="51" count="7" type="stmt"/>
        <line num="56" count="7" type="cond" truecount="1" falsecount="1"/>
        <line num="57" count="0" type="stmt"/>
        <line num="58" count="0" type="cond" truecount="0" falsecount="2"/>
        <line num="59" count="0" type="stmt"/>
        <line num="61" count="0" type="stmt"/>
        <line num="63" count="7" type="stmt"/>
        <line num="64" count="7" type="stmt"/>
        <line num="65" count="7" type="stmt"/>
        <line num="66" count="7" type="stmt"/>
        <line num="69" count="7" type="stmt"/>
        <line num="70" count="7" type="stmt"/>
        <line num="73" count="21" type="stmt"/>
        <line num="74" count="307" type="stmt"/>
        <line num="75" count="307" type="stmt"/>
        <line num="79" count="642" type="stmt"/>
        <line num="80" count="642" type="stmt"/>
        <line num="81" count="642" type="stmt"/>
        <line num="123" count="6" type="stmt"/>
        <line num="130" count="31" type="stmt"/>
      </file>
      <file name="Ranking.js" path="/home/fernando/sd-025-b-project-trivia-react-redux/src/pages/Ranking.js">
        <metrics statements="20" coveredstatements="20" conditionals="2" coveredconditionals="2" methods="9" coveredmethods="7"/>
        <line num="8" count="13" type="stmt"/>
        <line num="10" count="10" type="stmt"/>
        <line num="26" count="10" type="stmt"/>
        <line num="28" count="10" type="stmt"/>
        <line num="29" count="10" type="cond" truecount="2" falsecount="0"/>
        <line num="31" count="1" type="stmt"/>
        <line num="32" count="1" type="stmt"/>
        <line num="33" count="1" type="stmt"/>
        <line num="34" count="1" type="stmt"/>
        <line num="35" count="1" type="stmt"/>
        <line num="36" count="1" type="stmt"/>
        <line num="37" count="1" type="stmt"/>
        <line num="42" count="9" type="stmt"/>
        <line num="47" count="20" type="stmt"/>
        <line num="48" count="20" type="stmt"/>
        <line num="49" count="20" type="stmt"/>
        <line num="55" count="10" type="stmt"/>
        <line num="81" count="2" type="stmt"/>
        <line num="91" count="6" type="stmt"/>
        <line num="97" count="10" type="stmt"/>
      </file>
      <file name="Settings.js" path="/home/fernando/sd-025-b-project-trivia-react-redux/src/pages/Settings.js">
        <metrics statements="11" coveredstatements="11" conditionals="0" coveredconditionals="0" methods="4" coveredmethods="4"/>
        <line num="9" count="3" type="stmt"/>
        <line num="11" count="3" type="stmt"/>
        <line num="19" count="3" type="stmt"/>
        <line num="20" count="5" type="stmt"/>
        <line num="21" count="5" type="stmt"/>
        <line num="24" count="3" type="stmt"/>
        <line num="25" count="1" type="stmt"/>
        <line num="26" count="1" type="stmt"/>
        <line num="27" count="1" type="stmt"/>
        <line num="31" count="8" type="stmt"/>
        <line num="126" count="6" type="stmt"/>
      </file>
    </package>
  </project>
</coverage>
