{"/home/fernando/sd-025-b-project-trivia-react-redux/src/App.js": {"path":"/home/fernando/sd-025-b-project-trivia-react-redux/src/App.js","statementMap":{"0":{"start":{"line":5,"column":2},"end":{"line":9,"column":4}}},"fnMap":{"0":{"name":"App","decl":{"start":{"line":4,"column":24},"end":{"line":4,"column":27}},"loc":{"start":{"line":4,"column":30},"end":{"line":10,"column":1}},"line":4}},"branchMap":{},"s":{"0":37},"f":{"0":37},"b":{},"_coverageSchema":"1a1c01bbd47fc00a2c39e90264f33305004495a9","hash":"9f865443e99551aac16d9b4bafab9c00746ef6bd"}
,"/home/fernando/sd-025-b-project-trivia-react-redux/src/Routes.js": {"path":"/home/fernando/sd-025-b-project-trivia-react-redux/src/Routes.js","statementMap":{"0":{"start":{"line":11,"column":4},"end":{"line":19,"column":6}},"1":{"start":{"line":13,"column":50},"end":{"line":13,"column":72}},"2":{"start":{"line":14,"column":48},"end":{"line":14,"column":69}},"3":{"start":{"line":15,"column":52},"end":{"line":15,"column":77}},"4":{"start":{"line":16,"column":52},"end":{"line":16,"column":77}},"5":{"start":{"line":17,"column":51},"end":{"line":17,"column":75}}},"fnMap":{"0":{"name":"(anonymous_0)","decl":{"start":{"line":10,"column":2},"end":{"line":10,"column":3}},"loc":{"start":{"line":10,"column":11},"end":{"line":20,"column":3}},"line":10},"1":{"name":"(anonymous_1)","decl":{"start":{"line":13,"column":39},"end":{"line":13,"column":40}},"loc":{"start":{"line":13,"column":50},"end":{"line":13,"column":72}},"line":13},"2":{"name":"(anonymous_2)","decl":{"start":{"line":14,"column":37},"end":{"line":14,"column":38}},"loc":{"start":{"line":14,"column":48},"end":{"line":14,"column":69}},"line":14},"3":{"name":"(anonymous_3)","decl":{"start":{"line":15,"column":41},"end":{"line":15,"column":42}},"loc":{"start":{"line":15,"column":52},"end":{"line":15,"column":77}},"line":15},"4":{"name":"(anonymous_4)","decl":{"start":{"line":16,"column":41},"end":{"line":16,"column":42}},"loc":{"start":{"line":16,"column":52},"end":{"line":16,"column":77}},"line":16},"5":{"name":"(anonymous_5)","decl":{"start":{"line":17,"column":40},"end":{"line":17,"column":41}},"loc":{"start":{"line":17,"column":51},"end":{"line":17,"column":75}},"line":17}},"branchMap":{},"s":{"0":33,"1":21,"2":5,"3":3,"4":9,"5":10},"f":{"0":33,"1":21,"2":5,"3":3,"4":9,"5":10},"b":{},"_coverageSchema":"1a1c01bbd47fc00a2c39e90264f33305004495a9","hash":"4b87f62063277acf1c3ec4546a393f3e955d5de0"}
,"/home/fernando/sd-025-b-project-trivia-react-redux/src/Components/Header.js": {"path":"/home/fernando/sd-025-b-project-trivia-react-redux/src/Components/Header.js","statementMap":{"0":{"start":{"line":12,"column":17},"end":{"line":15,"column":3}},"1":{"start":{"line":13,"column":34},"end":{"line":13,"column":44}},"2":{"start":{"line":14,"column":4},"end":{"line":14,"column":22}},"3":{"start":{"line":18,"column":43},"end":{"line":18,"column":53}},"4":{"start":{"line":19,"column":4},"end":{"line":41,"column":6}},"5":{"start":{"line":45,"column":0},"end":{"line":49,"column":13}},"6":{"start":{"line":51,"column":24},"end":{"line":57,"column":2}},"7":{"start":{"line":53,"column":6},"end":{"line":57,"column":1}}},"fnMap":{"0":{"name":"(anonymous_0)","decl":{"start":{"line":8,"column":2},"end":{"line":8,"column":3}},"loc":{"start":{"line":8,"column":22},"end":{"line":10,"column":3}},"line":8},"1":{"name":"(anonymous_1)","decl":{"start":{"line":12,"column":17},"end":{"line":12,"column":18}},"loc":{"start":{"line":12,"column":23},"end":{"line":15,"column":3}},"line":12},"2":{"name":"(anonymous_2)","decl":{"start":{"line":17,"column":2},"end":{"line":17,"column":3}},"loc":{"start":{"line":17,"column":11},"end":{"line":42,"column":3}},"line":17},"3":{"name":"(anonymous_3)","decl":{"start":{"line":51,"column":24},"end":{"line":51,"column":25}},"loc":{"start":{"line":53,"column":6},"end":{"line":57,"column":1}},"line":53}},"branchMap":{},"s":{"0":35,"1":2,"2":2,"3":44,"4":44,"5":6,"6":6,"7":49},"f":{"0":35,"1":2,"2":44,"3":49},"b":{},"_coverageSchema":"1a1c01bbd47fc00a2c39e90264f33305004495a9","hash":"0080a7d7e01568ea36c761ba133bbfe2754b2dd3"}
,"/home/fernando/sd-025-b-project-trivia-react-redux/src/Components/Loading.js": {"path":"/home/fernando/sd-025-b-project-trivia-react-redux/src/Components/Loading.js","statementMap":{"0":{"start":{"line":5,"column":2},"end":{"line":7,"column":4}}},"fnMap":{"0":{"name":"Loading","decl":{"start":{"line":4,"column":9},"end":{"line":4,"column":16}},"loc":{"start":{"line":4,"column":19},"end":{"line":8,"column":1}},"line":4}},"branchMap":{},"s":{"0":7},"f":{"0":7},"b":{},"_coverageSchema":"1a1c01bbd47fc00a2c39e90264f33305004495a9","hash":"c5208a67177f08bec1c49bccbe5ced604e93127c"}
,"/home/fernando/sd-025-b-project-trivia-react-redux/src/Components/Questions.js": {"path":"/home/fernando/sd-025-b-project-trivia-react-redux/src/Components/Questions.js","statementMap":{"0":{"start":{"line":10,"column":4},"end":{"line":10,"column":12}},"1":{"start":{"line":12,"column":4},"end":{"line":24,"column":6}},"2":{"start":{"line":29,"column":28},"end":{"line":29,"column":38}},"3":{"start":{"line":30,"column":24},"end":{"line":30,"column":28}},"4":{"start":{"line":31,"column":18},"end":{"line":31,"column":47}},"5":{"start":{"line":32,"column":4},"end":{"line":34,"column":20}},"6":{"start":{"line":33,"column":6},"end":{"line":33,"column":69}},"7":{"start":{"line":33,"column":36},"end":{"line":33,"column":66}},"8":{"start":{"line":36,"column":4},"end":{"line":41,"column":5}},"9":{"start":{"line":37,"column":6},"end":{"line":37,"column":35}},"10":{"start":{"line":39,"column":36},"end":{"line":39,"column":46}},"11":{"start":{"line":40,"column":6},"end":{"line":40,"column":23}},"12":{"start":{"line":45,"column":4},"end":{"line":48,"column":5}},"13":{"start":{"line":46,"column":6},"end":{"line":46,"column":58}},"14":{"start":{"line":47,"column":6},"end":{"line":47,"column":31}},"15":{"start":{"line":51,"column":15},"end":{"line":61,"column":3}},"16":{"start":{"line":52,"column":24},"end":{"line":52,"column":34}},"17":{"start":{"line":56,"column":8},"end":{"line":56,"column":27}},"18":{"start":{"line":57,"column":30},"end":{"line":57,"column":33}},"19":{"start":{"line":58,"column":22},"end":{"line":59,"column":52}},"20":{"start":{"line":59,"column":18},"end":{"line":59,"column":51}},"21":{"start":{"line":60,"column":4},"end":{"line":60,"column":41}},"22":{"start":{"line":63,"column":16},"end":{"line":65,"column":3}},"23":{"start":{"line":64,"column":4},"end":{"line":64,"column":61}},"24":{"start":{"line":67,"column":17},"end":{"line":87,"column":3}},"25":{"start":{"line":68,"column":16},"end":{"line":68,"column":18}},"26":{"start":{"line":69,"column":18},"end":{"line":69,"column":19}},"27":{"start":{"line":70,"column":25},"end":{"line":70,"column":35}},"28":{"start":{"line":71,"column":22},"end":{"line":71,"column":32}},"29":{"start":{"line":72,"column":15},"end":{"line":72,"column":16}},"30":{"start":{"line":73,"column":4},"end":{"line":79,"column":5}},"31":{"start":{"line":74,"column":6},"end":{"line":74,"column":15}},"32":{"start":{"line":75,"column":11},"end":{"line":79,"column":5}},"33":{"start":{"line":76,"column":6},"end":{"line":76,"column":15}},"34":{"start":{"line":78,"column":6},"end":{"line":78,"column":19}},"35":{"start":{"line":80,"column":4},"end":{"line":86,"column":7}},"36":{"start":{"line":80,"column":29},"end":{"line":83,"column":5}},"37":{"start":{"line":84,"column":46},"end":{"line":84,"column":56}},"38":{"start":{"line":85,"column":6},"end":{"line":85,"column":61}},"39":{"start":{"line":89,"column":15},"end":{"line":112,"column":3}},"40":{"start":{"line":90,"column":18},"end":{"line":90,"column":22}},"41":{"start":{"line":91,"column":4},"end":{"line":104,"column":7}},"42":{"start":{"line":92,"column":6},"end":{"line":98,"column":7}},"43":{"start":{"line":99,"column":30},"end":{"line":99,"column":40}},"44":{"start":{"line":100,"column":26},"end":{"line":100,"column":36}},"45":{"start":{"line":101,"column":6},"end":{"line":103,"column":7}},"46":{"start":{"line":102,"column":8},"end":{"line":102,"column":37}},"47":{"start":{"line":106,"column":4},"end":{"line":106,"column":29}},"48":{"start":{"line":107,"column":4},"end":{"line":111,"column":14}},"49":{"start":{"line":108,"column":6},"end":{"line":110,"column":10}},"50":{"start":{"line":108,"column":31},"end":{"line":110,"column":7}},"51":{"start":{"line":115,"column":71},"end":{"line":115,"column":81}},"52":{"start":{"line":125,"column":8},"end":{"line":125,"column":18}},"53":{"start":{"line":127,"column":4},"end":{"line":147,"column":5}},"54":{"start":{"line":128,"column":20},"end":{"line":128,"column":22}},"55":{"start":{"line":129,"column":27},"end":{"line":129,"column":56}},"56":{"start":{"line":130,"column":33},"end":{"line":130,"column":77}},"57":{"start":{"line":131,"column":6},"end":{"line":133,"column":7}},"58":{"start":{"line":132,"column":8},"end":{"line":132,"column":62}},"59":{"start":{"line":134,"column":6},"end":{"line":145,"column":7}},"60":{"start":{"line":135,"column":35},"end":{"line":139,"column":9}},"61":{"start":{"line":140,"column":8},"end":{"line":140,"column":76}},"62":{"start":{"line":142,"column":23},"end":{"line":142,"column":120}},"63":{"start":{"line":143,"column":8},"end":{"line":143,"column":37}},"64":{"start":{"line":144,"column":8},"end":{"line":144,"column":65}},"65":{"start":{"line":146,"column":6},"end":{"line":146,"column":31}},"66":{"start":{"line":152,"column":8},"end":{"line":152,"column":28}},"67":{"start":{"line":153,"column":4},"end":{"line":218,"column":6}},"68":{"start":{"line":165,"column":16},"end":{"line":183,"column":17}},"69":{"start":{"line":166,"column":18},"end":{"line":182,"column":20}},"70":{"start":{"line":175,"column":24},"end":{"line":175,"column":43}},"71":{"start":{"line":176,"column":24},"end":{"line":176,"column":54}},"72":{"start":{"line":184,"column":16},"end":{"line":200,"column":18}},"73":{"start":{"line":195,"column":22},"end":{"line":195,"column":41}},"74":{"start":{"line":222,"column":24},"end":{"line":234,"column":2}},"75":{"start":{"line":227,"column":6},"end":{"line":234,"column":1}},"76":{"start":{"line":236,"column":0},"end":{"line":240,"column":13}}},"fnMap":{"0":{"name":"(anonymous_0)","decl":{"start":{"line":9,"column":2},"end":{"line":9,"column":3}},"loc":{"start":{"line":9,"column":16},"end":{"line":26,"column":3}},"line":9},"1":{"name":"(anonymous_1)","decl":{"start":{"line":28,"column":2},"end":{"line":28,"column":3}},"loc":{"start":{"line":28,"column":22},"end":{"line":42,"column":3}},"line":28},"2":{"name":"(anonymous_2)","decl":{"start":{"line":32,"column":28},"end":{"line":32,"column":29}},"loc":{"start":{"line":32,"column":34},"end":{"line":34,"column":5}},"line":32},"3":{"name":"(anonymous_3)","decl":{"start":{"line":33,"column":20},"end":{"line":33,"column":21}},"loc":{"start":{"line":33,"column":36},"end":{"line":33,"column":66}},"line":33},"4":{"name":"(anonymous_4)","decl":{"start":{"line":44,"column":2},"end":{"line":44,"column":3}},"loc":{"start":{"line":44,"column":44},"end":{"line":49,"column":3}},"line":44},"5":{"name":"(anonymous_5)","decl":{"start":{"line":51,"column":15},"end":{"line":51,"column":16}},"loc":{"start":{"line":51,"column":31},"end":{"line":61,"column":3}},"line":51},"6":{"name":"(anonymous_6)","decl":{"start":{"line":59,"column":12},"end":{"line":59,"column":13}},"loc":{"start":{"line":59,"column":18},"end":{"line":59,"column":51}},"line":59},"7":{"name":"(anonymous_7)","decl":{"start":{"line":63,"column":16},"end":{"line":63,"column":17}},"loc":{"start":{"line":63,"column":22},"end":{"line":65,"column":3}},"line":63},"8":{"name":"(anonymous_8)","decl":{"start":{"line":67,"column":17},"end":{"line":67,"column":18}},"loc":{"start":{"line":67,"column":33},"end":{"line":87,"column":3}},"line":67},"9":{"name":"(anonymous_9)","decl":{"start":{"line":80,"column":18},"end":{"line":80,"column":19}},"loc":{"start":{"line":80,"column":29},"end":{"line":83,"column":5}},"line":80},"10":{"name":"(anonymous_10)","decl":{"start":{"line":83,"column":8},"end":{"line":83,"column":9}},"loc":{"start":{"line":83,"column":14},"end":{"line":86,"column":5}},"line":83},"11":{"name":"(anonymous_11)","decl":{"start":{"line":89,"column":15},"end":{"line":89,"column":16}},"loc":{"start":{"line":89,"column":21},"end":{"line":112,"column":3}},"line":89},"12":{"name":"(anonymous_12)","decl":{"start":{"line":91,"column":18},"end":{"line":91,"column":19}},"loc":{"start":{"line":92,"column":6},"end":{"line":98,"column":7}},"line":92},"13":{"name":"(anonymous_13)","decl":{"start":{"line":98,"column":10},"end":{"line":98,"column":11}},"loc":{"start":{"line":98,"column":16},"end":{"line":104,"column":5}},"line":98},"14":{"name":"(anonymous_14)","decl":{"start":{"line":107,"column":28},"end":{"line":107,"column":29}},"loc":{"start":{"line":107,"column":34},"end":{"line":111,"column":5}},"line":107},"15":{"name":"(anonymous_15)","decl":{"start":{"line":108,"column":20},"end":{"line":108,"column":21}},"loc":{"start":{"line":108,"column":31},"end":{"line":110,"column":7}},"line":108},"16":{"name":"(anonymous_16)","decl":{"start":{"line":114,"column":2},"end":{"line":114,"column":3}},"loc":{"start":{"line":114,"column":11},"end":{"line":219,"column":3}},"line":114},"17":{"name":"(anonymous_17)","decl":{"start":{"line":164,"column":14},"end":{"line":164,"column":15}},"loc":{"start":{"line":164,"column":35},"end":{"line":201,"column":15}},"line":164},"18":{"name":"(anonymous_18)","decl":{"start":{"line":174,"column":32},"end":{"line":174,"column":33}},"loc":{"start":{"line":174,"column":38},"end":{"line":177,"column":23}},"line":174},"19":{"name":"(anonymous_19)","decl":{"start":{"line":194,"column":30},"end":{"line":194,"column":31}},"loc":{"start":{"line":194,"column":36},"end":{"line":196,"column":21}},"line":194},"20":{"name":"(anonymous_20)","decl":{"start":{"line":222,"column":24},"end":{"line":222,"column":25}},"loc":{"start":{"line":227,"column":6},"end":{"line":234,"column":1}},"line":227}},"branchMap":{"0":{"loc":{"start":{"line":36,"column":4},"end":{"line":41,"column":5}},"type":"if","locations":[{"start":{"line":36,"column":4},"end":{"line":41,"column":5}},{"start":{"line":38,"column":11},"end":{"line":41,"column":5}}],"line":36},"1":{"loc":{"start":{"line":36,"column":8},"end":{"line":36,"column":58}},"type":"binary-expr","locations":[{"start":{"line":36,"column":8},"end":{"line":36,"column":22}},{"start":{"line":36,"column":26},"end":{"line":36,"column":58}}],"line":36},"2":{"loc":{"start":{"line":45,"column":4},"end":{"line":48,"column":5}},"type":"if","locations":[{"start":{"line":45,"column":4},"end":{"line":48,"column":5}},{"start":{},"end":{}}],"line":45},"3":{"loc":{"start":{"line":73,"column":4},"end":{"line":79,"column":5}},"type":"if","locations":[{"start":{"line":73,"column":4},"end":{"line":79,"column":5}},{"start":{"line":75,"column":11},"end":{"line":79,"column":5}}],"line":73},"4":{"loc":{"start":{"line":75,"column":11},"end":{"line":79,"column":5}},"type":"if","locations":[{"start":{"line":75,"column":11},"end":{"line":79,"column":5}},{"start":{"line":77,"column":11},"end":{"line":79,"column":5}}],"line":75},"5":{"loc":{"start":{"line":101,"column":6},"end":{"line":103,"column":7}},"type":"if","locations":[{"start":{"line":101,"column":6},"end":{"line":103,"column":7}},{"start":{},"end":{}}],"line":101},"6":{"loc":{"start":{"line":127,"column":4},"end":{"line":147,"column":5}},"type":"if","locations":[{"start":{"line":127,"column":4},"end":{"line":147,"column":5}},{"start":{},"end":{}}],"line":127},"7":{"loc":{"start":{"line":130,"column":33},"end":{"line":130,"column":77}},"type":"binary-expr","locations":[{"start":{"line":130,"column":33},"end":{"line":130,"column":64}},{"start":{"line":130,"column":68},"end":{"line":130,"column":77}}],"line":130},"8":{"loc":{"start":{"line":131,"column":6},"end":{"line":133,"column":7}},"type":"if","locations":[{"start":{"line":131,"column":6},"end":{"line":133,"column":7}},{"start":{},"end":{}}],"line":131},"9":{"loc":{"start":{"line":134,"column":6},"end":{"line":145,"column":7}},"type":"if","locations":[{"start":{"line":134,"column":6},"end":{"line":145,"column":7}},{"start":{"line":141,"column":13},"end":{"line":145,"column":7}}],"line":134},"10":{"loc":{"start":{"line":165,"column":16},"end":{"line":183,"column":17}},"type":"if","locations":[{"start":{"line":165,"column":16},"end":{"line":183,"column":17}},{"start":{},"end":{}}],"line":165},"11":{"loc":{"start":{"line":172,"column":24},"end":{"line":172,"column":69}},"type":"cond-expr","locations":[{"start":{"line":172,"column":40},"end":{"line":172,"column":52}},{"start":{"line":172,"column":55},"end":{"line":172,"column":69}}],"line":172},"12":{"loc":{"start":{"line":192,"column":22},"end":{"line":192,"column":65}},"type":"cond-expr","locations":[{"start":{"line":192,"column":38},"end":{"line":192,"column":48}},{"start":{"line":192,"column":51},"end":{"line":192,"column":65}}],"line":192},"13":{"loc":{"start":{"line":205,"column":10},"end":{"line":215,"column":27}},"type":"cond-expr","locations":[{"start":{"line":206,"column":12},"end":{"line":215,"column":21}},{"start":{"line":215,"column":25},"end":{"line":215,"column":27}}],"line":205}},"s":{"0":7,"1":5,"2":5,"3":5,"4":5,"5":5,"6":19,"7":0,"8":5,"9":5,"10":0,"11":0,"12":22,"13":0,"14":0,"15":5,"16":9,"17":9,"18":9,"19":9,"20":31,"21":9,"22":5,"23":4,"24":5,"25":4,"26":4,"27":4,"28":4,"29":4,"30":4,"31":1,"32":3,"33":1,"34":2,"35":4,"36":4,"37":4,"38":4,"39":5,"40":5,"41":5,"42":5,"43":5,"44":5,"45":5,"46":4,"47":5,"48":5,"49":0,"50":0,"51":27,"52":27,"53":27,"54":1,"55":1,"56":1,"57":1,"58":0,"59":1,"60":1,"61":1,"62":0,"63":0,"64":0,"65":1,"66":26,"67":26,"68":68,"69":17,"70":4,"71":4,"72":51,"73":0,"74":6,"75":9,"76":6},"f":{"0":7,"1":5,"2":19,"3":0,"4":22,"5":9,"6":31,"7":4,"8":4,"9":4,"10":4,"11":5,"12":5,"13":5,"14":0,"15":0,"16":27,"17":68,"18":4,"19":0,"20":9},"b":{"0":[5,0],"1":[5,0],"2":[0,22],"3":[1,3],"4":[1,2],"5":[4,1],"6":[1,26],"7":[1,1],"8":[0,1],"9":[1,0],"10":[17,51],"11":[8,9],"12":[16,35],"13":[16,10]},"_coverageSchema":"1a1c01bbd47fc00a2c39e90264f33305004495a9","hash":"c015ea71309b2bb7552d7a32e2b067a1d7f9ba17"}
,"/home/fernando/sd-025-b-project-trivia-react-redux/src/pages/Feedback.js": {"path":"/home/fernando/sd-025-b-project-trivia-react-redux/src/pages/Feedback.js","statementMap":{"0":{"start":{"line":9,"column":53},"end":{"line":9,"column":63}},"1":{"start":{"line":10,"column":18},"end":{"line":10,"column":19}},"2":{"start":{"line":11,"column":4},"end":{"line":44,"column":6}},"3":{"start":{"line":31,"column":28},"end":{"line":31,"column":37}},"4":{"start":{"line":38,"column":28},"end":{"line":38,"column":44}},"5":{"start":{"line":48,"column":24},"end":{"line":51,"column":2}},"6":{"start":{"line":48,"column":64},"end":{"line":51,"column":1}},"7":{"start":{"line":53,"column":0},"end":{"line":56,"column":13}}},"fnMap":{"0":{"name":"(anonymous_0)","decl":{"start":{"line":8,"column":2},"end":{"line":8,"column":3}},"loc":{"start":{"line":8,"column":11},"end":{"line":45,"column":3}},"line":8},"1":{"name":"(anonymous_1)","decl":{"start":{"line":31,"column":22},"end":{"line":31,"column":23}},"loc":{"start":{"line":31,"column":28},"end":{"line":31,"column":37}},"line":31},"2":{"name":"(anonymous_2)","decl":{"start":{"line":38,"column":22},"end":{"line":38,"column":23}},"loc":{"start":{"line":38,"column":28},"end":{"line":38,"column":44}},"line":38},"3":{"name":"(anonymous_3)","decl":{"start":{"line":48,"column":24},"end":{"line":48,"column":25}},"loc":{"start":{"line":48,"column":64},"end":{"line":51,"column":1}},"line":48}},"branchMap":{"0":{"loc":{"start":{"line":15,"column":11},"end":{"line":17,"column":69}},"type":"cond-expr","locations":[{"start":{"line":16,"column":14},"end":{"line":16,"column":61}},{"start":{"line":17,"column":14},"end":{"line":17,"column":69}}],"line":15}},"s":{"0":9,"1":9,"2":9,"3":1,"4":3,"5":6,"6":9,"7":6},"f":{"0":9,"1":1,"2":3,"3":9},"b":{"0":[2,7]},"_coverageSchema":"1a1c01bbd47fc00a2c39e90264f33305004495a9","hash":"b8ddce55860babacea6f7e63357d9d1dae8636ea"}
,"/home/fernando/sd-025-b-project-trivia-react-redux/src/pages/Game.js": {"path":"/home/fernando/sd-025-b-project-trivia-react-redux/src/pages/Game.js","statementMap":{"0":{"start":{"line":10,"column":24},"end":{"line":10,"column":34}},"1":{"start":{"line":11,"column":4},"end":{"line":16,"column":6}},"2":{"start":{"line":20,"column":0},"end":{"line":22,"column":2}}},"fnMap":{"0":{"name":"(anonymous_0)","decl":{"start":{"line":9,"column":2},"end":{"line":9,"column":3}},"loc":{"start":{"line":9,"column":11},"end":{"line":17,"column":3}},"line":9}},"branchMap":{},"s":{"0":5,"1":5,"2":6},"f":{"0":5},"b":{},"_coverageSchema":"1a1c01bbd47fc00a2c39e90264f33305004495a9","hash":"b138b4fe08792a7787ab6c7e27a6a210e7f40f21"}
,"/home/fernando/sd-025-b-project-trivia-react-redux/src/pages/Login.js": {"path":"/home/fernando/sd-025-b-project-trivia-react-redux/src/pages/Login.js","statementMap":{"0":{"start":{"line":15,"column":4},"end":{"line":15,"column":17}},"1":{"start":{"line":16,"column":4},"end":{"line":23,"column":6}},"2":{"start":{"line":26,"column":17},"end":{"line":41,"column":3}},"3":{"start":{"line":27,"column":28},"end":{"line":27,"column":38}},"4":{"start":{"line":28,"column":4},"end":{"line":40,"column":5}},"5":{"start":{"line":29,"column":6},"end":{"line":33,"column":9}},"6":{"start":{"line":35,"column":6},"end":{"line":39,"column":9}},"7":{"start":{"line":43,"column":14},"end":{"line":71,"column":3}},"8":{"start":{"line":44,"column":4},"end":{"line":44,"column":23}},"9":{"start":{"line":45,"column":4},"end":{"line":45,"column":37}},"10":{"start":{"line":46,"column":71},"end":{"line":46,"column":81}},"11":{"start":{"line":47,"column":28},"end":{"line":47,"column":38}},"12":{"start":{"line":48,"column":21},"end":{"line":48,"column":40}},"13":{"start":{"line":49,"column":22},"end":{"line":49,"column":30}},"14":{"start":{"line":50,"column":24},"end":{"line":50,"column":25}},"15":{"start":{"line":51,"column":22},"end":{"line":51,"column":63}},"16":{"start":{"line":56,"column":4},"end":{"line":67,"column":5}},"17":{"start":{"line":57,"column":31},"end":{"line":57,"column":74}},"18":{"start":{"line":58,"column":6},"end":{"line":60,"column":7}},"19":{"start":{"line":59,"column":8},"end":{"line":59,"column":25}},"20":{"start":{"line":61,"column":6},"end":{"line":61,"column":41}},"21":{"start":{"line":63,"column":6},"end":{"line":63,"column":34}},"22":{"start":{"line":64,"column":27},"end":{"line":64,"column":48}},"23":{"start":{"line":65,"column":6},"end":{"line":65,"column":46}},"24":{"start":{"line":66,"column":6},"end":{"line":66,"column":43}},"25":{"start":{"line":69,"column":4},"end":{"line":69,"column":38}},"26":{"start":{"line":70,"column":4},"end":{"line":70,"column":18}},"27":{"start":{"line":73,"column":17},"end":{"line":76,"column":3}},"28":{"start":{"line":74,"column":28},"end":{"line":74,"column":34}},"29":{"start":{"line":75,"column":4},"end":{"line":75,"column":64}},"30":{"start":{"line":75,"column":43},"end":{"line":75,"column":62}},"31":{"start":{"line":79,"column":39},"end":{"line":79,"column":49}},"32":{"start":{"line":80,"column":24},"end":{"line":80,"column":34}},"33":{"start":{"line":81,"column":4},"end":{"line":119,"column":6}},"34":{"start":{"line":123,"column":0},"end":{"line":128,"column":13}},"35":{"start":{"line":130,"column":24},"end":{"line":133,"column":2}},"36":{"start":{"line":130,"column":72},"end":{"line":133,"column":1}}},"fnMap":{"0":{"name":"(anonymous_0)","decl":{"start":{"line":14,"column":2},"end":{"line":14,"column":3}},"loc":{"start":{"line":14,"column":21},"end":{"line":24,"column":3}},"line":14},"1":{"name":"(anonymous_1)","decl":{"start":{"line":26,"column":17},"end":{"line":26,"column":18}},"loc":{"start":{"line":26,"column":23},"end":{"line":41,"column":3}},"line":26},"2":{"name":"(anonymous_2)","decl":{"start":{"line":43,"column":14},"end":{"line":43,"column":15}},"loc":{"start":{"line":43,"column":27},"end":{"line":71,"column":3}},"line":43},"3":{"name":"(anonymous_3)","decl":{"start":{"line":73,"column":17},"end":{"line":73,"column":18}},"loc":{"start":{"line":73,"column":33},"end":{"line":76,"column":3}},"line":73},"4":{"name":"(anonymous_4)","decl":{"start":{"line":75,"column":37},"end":{"line":75,"column":38}},"loc":{"start":{"line":75,"column":43},"end":{"line":75,"column":62}},"line":75},"5":{"name":"(anonymous_5)","decl":{"start":{"line":78,"column":2},"end":{"line":78,"column":3}},"loc":{"start":{"line":78,"column":11},"end":{"line":120,"column":3}},"line":78},"6":{"name":"(anonymous_6)","decl":{"start":{"line":130,"column":24},"end":{"line":130,"column":25}},"loc":{"start":{"line":130,"column":72},"end":{"line":133,"column":1}},"line":130}},"branchMap":{"0":{"loc":{"start":{"line":28,"column":4},"end":{"line":40,"column":5}},"type":"if","locations":[{"start":{"line":28,"column":4},"end":{"line":40,"column":5}},{"start":{"line":34,"column":11},"end":{"line":40,"column":5}}],"line":28},"1":{"loc":{"start":{"line":28,"column":8},"end":{"line":28,"column":35}},"type":"binary-expr","locations":[{"start":{"line":28,"column":8},"end":{"line":28,"column":20}},{"start":{"line":28,"column":24},"end":{"line":28,"column":35}}],"line":28},"2":{"loc":{"start":{"line":56,"column":4},"end":{"line":67,"column":5}},"type":"if","locations":[{"start":{"line":56,"column":4},"end":{"line":67,"column":5}},{"start":{"line":62,"column":11},"end":{"line":67,"column":5}}],"line":56},"3":{"loc":{"start":{"line":58,"column":6},"end":{"line":60,"column":7}},"type":"if","locations":[{"start":{"line":58,"column":6},"end":{"line":60,"column":7}},{"start":{},"end":{}}],"line":58},"4":{"loc":{"start":{"line":86,"column":11},"end":{"line":86,"column":33}},"type":"binary-expr","locations":[{"start":{"line":86,"column":11},"end":{"line":86,"column":18}},{"start":{"line":86,"column":22},"end":{"line":86,"column":33}}],"line":86}},"s":{"0":21,"1":21,"2":21,"3":307,"4":307,"5":166,"6":141,"7":21,"8":7,"9":7,"10":7,"11":7,"12":7,"13":7,"14":7,"15":7,"16":7,"17":0,"18":0,"19":0,"20":0,"21":7,"22":7,"23":7,"24":7,"25":7,"26":7,"27":21,"28":307,"29":307,"30":307,"31":642,"32":642,"33":642,"34":6,"35":6,"36":31},"f":{"0":21,"1":307,"2":7,"3":307,"4":307,"5":642,"6":31},"b":{"0":[166,141],"1":[307,296],"2":[0,7],"3":[0,0],"4":[642,7]},"_coverageSchema":"1a1c01bbd47fc00a2c39e90264f33305004495a9","hash":"c2e81db8cb8ce4c1399151dcdb46c1844714abaa"}
,"/home/fernando/sd-025-b-project-trivia-react-redux/src/pages/Ranking.js": {"path":"/home/fernando/sd-025-b-project-trivia-react-redux/src/pages/Ranking.js","statementMap":{"0":{"start":{"line":8,"column":4},"end":{"line":8,"column":12}},"1":{"start":{"line":10,"column":4},"end":{"line":22,"column":6}},"2":{"start":{"line":26,"column":29},"end":{"line":26,"column":39}},"3":{"start":{"line":28,"column":23},"end":{"line":28,"column":66}},"4":{"start":{"line":29,"column":4},"end":{"line":43,"column":5}},"5":{"start":{"line":31,"column":26},"end":{"line":31,"column":78}},"6":{"start":{"line":31,"column":60},"end":{"line":31,"column":77}},"7":{"start":{"line":32,"column":29},"end":{"line":32,"column":43}},"8":{"start":{"line":33,"column":23},"end":{"line":34,"column":60}},"9":{"start":{"line":34,"column":26},"end":{"line":34,"column":59}},"10":{"start":{"line":35,"column":27},"end":{"line":35,"column":69}},"11":{"start":{"line":35,"column":51},"end":{"line":35,"column":68}},"12":{"start":{"line":36,"column":21},"end":{"line":36,"column":54}},"13":{"start":{"line":37,"column":6},"end":{"line":37,"column":41}},"14":{"start":{"line":42,"column":6},"end":{"line":42,"column":47}},"15":{"start":{"line":47,"column":34},"end":{"line":47,"column":44}},"16":{"start":{"line":48,"column":24},"end":{"line":48,"column":34}},"17":{"start":{"line":49,"column":4},"end":{"line":87,"column":6}},"18":{"start":{"line":55,"column":14},"end":{"line":75,"column":17}},"19":{"start":{"line":81,"column":28},"end":{"line":81,"column":37}},"20":{"start":{"line":91,"column":0},"end":{"line":95,"column":13}},"21":{"start":{"line":97,"column":24},"end":{"line":99,"column":2}},"22":{"start":{"line":97,"column":36},"end":{"line":99,"column":1}}},"fnMap":{"0":{"name":"(anonymous_0)","decl":{"start":{"line":7,"column":2},"end":{"line":7,"column":3}},"loc":{"start":{"line":7,"column":16},"end":{"line":23,"column":3}},"line":7},"1":{"name":"(anonymous_1)","decl":{"start":{"line":25,"column":2},"end":{"line":25,"column":3}},"loc":{"start":{"line":25,"column":22},"end":{"line":44,"column":3}},"line":25},"2":{"name":"(anonymous_2)","decl":{"start":{"line":31,"column":50},"end":{"line":31,"column":51}},"loc":{"start":{"line":31,"column":60},"end":{"line":31,"column":77}},"line":31},"3":{"name":"(anonymous_3)","decl":{"start":{"line":34,"column":16},"end":{"line":34,"column":17}},"loc":{"start":{"line":34,"column":26},"end":{"line":34,"column":59}},"line":34},"4":{"name":"(anonymous_4)","decl":{"start":{"line":35,"column":41},"end":{"line":35,"column":42}},"loc":{"start":{"line":35,"column":51},"end":{"line":35,"column":68}},"line":35},"5":{"name":"(anonymous_5)","decl":{"start":{"line":46,"column":2},"end":{"line":46,"column":3}},"loc":{"start":{"line":46,"column":11},"end":{"line":88,"column":3}},"line":46},"6":{"name":"(anonymous_6)","decl":{"start":{"line":54,"column":25},"end":{"line":54,"column":26}},"loc":{"start":{"line":55,"column":14},"end":{"line":75,"column":17}},"line":55},"7":{"name":"(anonymous_7)","decl":{"start":{"line":81,"column":22},"end":{"line":81,"column":23}},"loc":{"start":{"line":81,"column":28},"end":{"line":81,"column":37}},"line":81},"8":{"name":"(anonymous_8)","decl":{"start":{"line":97,"column":24},"end":{"line":97,"column":25}},"loc":{"start":{"line":97,"column":36},"end":{"line":99,"column":1}},"line":97}},"branchMap":{"0":{"loc":{"start":{"line":29,"column":4},"end":{"line":43,"column":5}},"type":"if","locations":[{"start":{"line":29,"column":4},"end":{"line":43,"column":5}},{"start":{"line":41,"column":11},"end":{"line":43,"column":5}}],"line":29}},"s":{"0":13,"1":10,"2":10,"3":10,"4":10,"5":1,"6":0,"7":1,"8":1,"9":1,"10":1,"11":0,"12":1,"13":1,"14":9,"15":20,"16":20,"17":20,"18":10,"19":2,"20":6,"21":6,"22":10},"f":{"0":13,"1":10,"2":0,"3":1,"4":0,"5":20,"6":10,"7":2,"8":10},"b":{"0":[1,9]},"_coverageSchema":"1a1c01bbd47fc00a2c39e90264f33305004495a9","hash":"b1187fc3666a4bf0a1faa271dacee8c455a3e868"}
,"/home/fernando/sd-025-b-project-trivia-react-redux/src/pages/Settings.js": {"path":"/home/fernando/sd-025-b-project-trivia-react-redux/src/pages/Settings.js","statementMap":{"0":{"start":{"line":9,"column":4},"end":{"line":9,"column":12}},"1":{"start":{"line":11,"column":4},"end":{"line":16,"column":6}},"2":{"start":{"line":19,"column":17},"end":{"line":22,"column":3}},"3":{"start":{"line":20,"column":28},"end":{"line":20,"column":34}},"4":{"start":{"line":21,"column":4},"end":{"line":21,"column":37}},"5":{"start":{"line":24,"column":17},"end":{"line":28,"column":3}},"6":{"start":{"line":25,"column":44},"end":{"line":25,"column":54}},"7":{"start":{"line":26,"column":4},"end":{"line":26,"column":45}},"8":{"start":{"line":27,"column":4},"end":{"line":27,"column":14}},"9":{"start":{"line":31,"column":4},"end":{"line":122,"column":6}},"10":{"start":{"line":126,"column":0},"end":{"line":129,"column":13}}},"fnMap":{"0":{"name":"(anonymous_0)","decl":{"start":{"line":8,"column":2},"end":{"line":8,"column":3}},"loc":{"start":{"line":8,"column":16},"end":{"line":17,"column":3}},"line":8},"1":{"name":"(anonymous_1)","decl":{"start":{"line":19,"column":17},"end":{"line":19,"column":18}},"loc":{"start":{"line":19,"column":33},"end":{"line":22,"column":3}},"line":19},"2":{"name":"(anonymous_2)","decl":{"start":{"line":24,"column":17},"end":{"line":24,"column":18}},"loc":{"start":{"line":24,"column":23},"end":{"line":28,"column":3}},"line":24},"3":{"name":"(anonymous_3)","decl":{"start":{"line":30,"column":2},"end":{"line":30,"column":3}},"loc":{"start":{"line":30,"column":11},"end":{"line":123,"column":3}},"line":30}},"branchMap":{},"s":{"0":3,"1":3,"2":3,"3":5,"4":5,"5":3,"6":1,"7":1,"8":1,"9":8,"10":6},"f":{"0":3,"1":5,"2":1,"3":8},"b":{},"_coverageSchema":"1a1c01bbd47fc00a2c39e90264f33305004495a9","hash":"9722d1be4ffb0dea46992fb6134268f68c754fa4"}
}
