{"total": {"lines":{"total":169,"covered":153,"skipped":0,"pct":90.53},"statements":{"total":178,"covered":158,"skipped":0,"pct":88.76},"functions":{"total":58,"covered":52,"skipped":0,"pct":89.65},"branches":{"total":44,"covered":35,"skipped":0,"pct":79.54},"branchesTrue":{"total":0,"covered":0,"skipped":0,"pct":100}}
,"/home/fernando/sd-025-b-project-trivia-react-redux/src/App.js": {"lines":{"total":1,"covered":1,"skipped":0,"pct":100},"functions":{"total":1,"covered":1,"skipped":0,"pct":100},"statements":{"total":1,"covered":1,"skipped":0,"pct":100},"branches":{"total":0,"covered":0,"skipped":0,"pct":100}}
,"/home/fernando/sd-025-b-project-trivia-react-redux/src/Routes.js": {"lines":{"total":6,"covered":6,"skipped":0,"pct":100},"functions":{"total":6,"covered":6,"skipped":0,"pct":100},"statements":{"total":6,"covered":6,"skipped":0,"pct":100},"branches":{"total":0,"covered":0,"skipped":0,"pct":100}}
,"/home/fernando/sd-025-b-project-trivia-react-redux/src/Components/Header.js": {"lines":{"total":8,"covered":8,"skipped":0,"pct":100},"functions":{"total":4,"covered":4,"skipped":0,"pct":100},"statements":{"total":8,"covered":8,"skipped":0,"pct":100},"branches":{"total":0,"covered":0,"skipped":0,"pct":100}}
,"/home/fernando/sd-025-b-project-trivia-react-redux/src/Components/Loading.js": {"lines":{"total":1,"covered":1,"skipped":0,"pct":100},"functions":{"total":1,"covered":1,"skipped":0,"pct":100},"statements":{"total":1,"covered":1,"skipped":0,"pct":100},"branches":{"total":0,"covered":0,"skipped":0,"pct":100}}
,"/home/fernando/sd-025-b-project-trivia-react-redux/src/Components/Questions.js": {"lines":{"total":74,"covered":64,"skipped":0,"pct":86.48},"functions":{"total":21,"covered":17,"skipped":0,"pct":80.95},"statements":{"total":77,"covered":65,"skipped":0,"pct":84.41},"branches":{"total":28,"covered":23,"skipped":0,"pct":82.14}}
,"/home/fernando/sd-025-b-project-trivia-react-redux/src/pages/Feedback.js": {"lines":{"total":7,"covered":7,"skipped":0,"pct":100},"functions":{"total":4,"covered":4,"skipped":0,"pct":100},"statements":{"total":8,"covered":8,"skipped":0,"pct":100},"branches":{"total":2,"covered":2,"skipped":0,"pct":100}}
,"/home/fernando/sd-025-b-project-trivia-react-redux/src/pages/Game.js": {"lines":{"total":3,"covered":3,"skipped":0,"pct":100},"functions":{"total":1,"covered":1,"skipped":0,"pct":100},"statements":{"total":3,"covered":3,"skipped":0,"pct":100},"branches":{"total":0,"covered":0,"skipped":0,"pct":100}}
,"/home/fernando/sd-025-b-project-trivia-react-redux/src/pages/Login.js": {"lines":{"total":38,"covered":32,"skipped":0,"pct":84.21},"functions":{"total":7,"covered":7,"skipped":0,"pct":100},"statements":{"total":40,"covered":34,"skipped":0,"pct":85},"branches":{"total":12,"covered":8,"skipped":0,"pct":66.66}}
,"/home/fernando/sd-025-b-project-trivia-react-redux/src/pages/Ranking.js": {"lines":{"total":20,"covered":20,"skipped":0,"pct":100},"functions":{"total":9,"covered":7,"skipped":0,"pct":77.77},"statements":{"total":23,"covered":21,"skipped":0,"pct":91.3},"branches":{"total":2,"covered":2,"skipped":0,"pct":100}}
,"/home/fernando/sd-025-b-project-trivia-react-redux/src/pages/Settings.js": {"lines":{"total":11,"covered":11,"skipped":0,"pct":100},"functions":{"total":4,"covered":4,"skipped":0,"pct":100},"statements":{"total":11,"covered":11,"skipped":0,"pct":100},"branches":{"total":0,"covered":0,"skipped":0,"pct":100}}
}
