TN:
SF:src/App.js
FN:4,App
FNF:1
FNH:1
FNDA:37,App
DA:5,37
LF:1
LH:1
BRF:0
BRH:0
end_of_record
TN:
SF:src/Routes.js
FN:10,(anonymous_0)
FN:13,(anonymous_1)
FN:14,(anonymous_2)
FN:15,(anonymous_3)
FN:16,(anonymous_4)
FN:17,(anonymous_5)
FNF:6
FNH:6
FNDA:33,(anonymous_0)
FNDA:21,(anonymous_1)
FNDA:5,(anonymous_2)
FNDA:3,(anonymous_3)
FNDA:9,(anonymous_4)
FNDA:10,(anonymous_5)
DA:11,33
DA:13,21
DA:14,5
DA:15,3
DA:16,9
DA:17,10
LF:6
LH:6
BRF:0
BRH:0
end_of_record
TN:
SF:src/Components/Header.js
FN:8,(anonymous_0)
FN:12,(anonymous_1)
FN:17,(anonymous_2)
FN:51,(anonymous_3)
FNF:4
FNH:4
FNDA:35,(anonymous_0)
FNDA:2,(anonymous_1)
FNDA:44,(anonymous_2)
FNDA:49,(anonymous_3)
DA:12,35
DA:13,2
DA:14,2
DA:18,44
DA:19,44
DA:45,6
DA:51,6
DA:53,49
LF:8
LH:8
BRF:0
BRH:0
end_of_record
TN:
SF:src/Components/Loading.js
FN:4,Loading
FNF:1
FNH:1
FNDA:7,Loading
DA:5,7
LF:1
LH:1
BRF:0
BRH:0
end_of_record
TN:
SF:src/Components/Questions.js
FN:9,(anonymous_0)
FN:28,(anonymous_1)
FN:32,(anonymous_2)
FN:33,(anonymous_3)
FN:44,(anonymous_4)
FN:51,(anonymous_5)
FN:59,(anonymous_6)
FN:63,(anonymous_7)
FN:67,(anonymous_8)
FN:80,(anonymous_9)
FN:83,(anonymous_10)
FN:89,(anonymous_11)
FN:91,(anonymous_12)
FN:98,(anonymous_13)
FN:107,(anonymous_14)
FN:108,(anonymous_15)
FN:114,(anonymous_16)
FN:164,(anonymous_17)
FN:174,(anonymous_18)
FN:194,(anonymous_19)
FN:222,(anonymous_20)
FNF:21
FNH:17
FNDA:7,(anonymous_0)
FNDA:5,(anonymous_1)
FNDA:19,(anonymous_2)
FNDA:0,(anonymous_3)
FNDA:22,(anonymous_4)
FNDA:9,(anonymous_5)
FNDA:31,(anonymous_6)
FNDA:4,(anonymous_7)
FNDA:4,(anonymous_8)
FNDA:4,(anonymous_9)
FNDA:4,(anonymous_10)
FNDA:5,(anonymous_11)
FNDA:5,(anonymous_12)
FNDA:5,(anonymous_13)
FNDA:0,(anonymous_14)
FNDA:0,(anonymous_15)
FNDA:27,(anonymous_16)
FNDA:68,(anonymous_17)
FNDA:4,(anonymous_18)
FNDA:0,(anonymous_19)
FNDA:9,(anonymous_20)
DA:10,7
DA:12,5
DA:29,5
DA:30,5
DA:31,5
DA:32,5
DA:33,19
DA:36,5
DA:37,5
DA:39,0
DA:40,0
DA:45,22
DA:46,0
DA:47,0
DA:51,5
DA:52,9
DA:56,9
DA:57,9
DA:58,9
DA:59,31
DA:60,9
DA:63,5
DA:64,4
DA:67,5
DA:68,4
DA:69,4
DA:70,4
DA:71,4
DA:72,4
DA:73,4
DA:74,1
DA:75,3
DA:76,1
DA:78,2
DA:80,4
DA:84,4
DA:85,4
DA:89,5
DA:90,5
DA:91,5
DA:92,5
DA:99,5
DA:100,5
DA:101,5
DA:102,4
DA:106,5
DA:107,5
DA:108,0
DA:115,27
DA:125,27
DA:127,27
DA:128,1
DA:129,1
DA:130,1
DA:131,1
DA:132,0
DA:134,1
DA:135,1
DA:140,1
DA:142,0
DA:143,0
DA:144,0
DA:146,1
DA:152,26
DA:153,26
DA:165,68
DA:166,17
DA:175,4
DA:176,4
DA:184,51
DA:195,0
DA:222,6
DA:227,9
DA:236,6
LF:74
LH:64
BRDA:36,0,0,5
BRDA:36,0,1,0
BRDA:36,1,0,5
BRDA:36,1,1,0
BRDA:45,2,0,0
BRDA:45,2,1,22
BRDA:73,3,0,1
BRDA:73,3,1,3
BRDA:75,4,0,1
BRDA:75,4,1,2
BRDA:101,5,0,4
BRDA:101,5,1,1
BRDA:127,6,0,1
BRDA:127,6,1,26
BRDA:130,7,0,1
BRDA:130,7,1,1
BRDA:131,8,0,0
BRDA:131,8,1,1
BRDA:134,9,0,1
BRDA:134,9,1,0
BRDA:165,10,0,17
BRDA:165,10,1,51
BRDA:172,11,0,8
BRDA:172,11,1,9
BRDA:192,12,0,16
BRDA:192,12,1,35
BRDA:205,13,0,16
BRDA:205,13,1,10
BRF:28
BRH:23
end_of_record
TN:
SF:src/pages/Feedback.js
FN:8,(anonymous_0)
FN:31,(anonymous_1)
FN:38,(anonymous_2)
FN:48,(anonymous_3)
FNF:4
FNH:4
FNDA:9,(anonymous_0)
FNDA:1,(anonymous_1)
FNDA:3,(anonymous_2)
FNDA:9,(anonymous_3)
DA:9,9
DA:10,9
DA:11,9
DA:31,1
DA:38,3
DA:48,9
DA:53,6
LF:7
LH:7
BRDA:15,0,0,2
BRDA:15,0,1,7
BRF:2
BRH:2
end_of_record
TN:
SF:src/pages/Game.js
FN:9,(anonymous_0)
FNF:1
FNH:1
FNDA:5,(anonymous_0)
DA:10,5
DA:11,5
DA:20,6
LF:3
LH:3
BRF:0
BRH:0
end_of_record
TN:
SF:src/pages/Login.js
FN:14,(anonymous_0)
FN:26,(anonymous_1)
FN:43,(anonymous_2)
FN:73,(anonymous_3)
FN:75,(anonymous_4)
FN:78,(anonymous_5)
FN:130,(anonymous_6)
FNF:7
FNH:7
FNDA:21,(anonymous_0)
FNDA:307,(anonymous_1)
FNDA:7,(anonymous_2)
FNDA:307,(anonymous_3)
FNDA:307,(anonymous_4)
FNDA:642,(anonymous_5)
FNDA:31,(anonymous_6)
DA:15,21
DA:16,21
DA:26,21
DA:27,307
DA:28,307
DA:29,166
DA:35,141
DA:43,21
DA:44,7
DA:45,7
DA:46,7
DA:47,7
DA:48,7
DA:49,7
DA:50,7
DA:51,7
DA:56,7
DA:57,0
DA:58,0
DA:59,0
DA:61,0
DA:63,7
DA:64,7
DA:65,7
DA:66,7
DA:69,7
DA:70,7
DA:73,21
DA:74,307
DA:75,307
DA:79,642
DA:80,642
DA:81,642
DA:123,6
DA:130,31
LF:35
LH:31
BRDA:28,0,0,166
BRDA:28,0,1,141
BRDA:28,1,0,307
BRDA:28,1,1,296
BRDA:56,2,0,0
BRDA:56,2,1,7
BRDA:58,3,0,0
BRDA:58,3,1,0
BRDA:86,4,0,642
BRDA:86,4,1,7
BRF:10
BRH:7
end_of_record
TN:
SF:src/pages/Ranking.js
FN:7,(anonymous_0)
FN:25,(anonymous_1)
FN:31,(anonymous_2)
FN:34,(anonymous_3)
FN:35,(anonymous_4)
FN:46,(anonymous_5)
FN:54,(anonymous_6)
FN:81,(anonymous_7)
FN:97,(anonymous_8)
FNF:9
FNH:7
FNDA:13,(anonymous_0)
FNDA:10,(anonymous_1)
FNDA:0,(anonymous_2)
FNDA:1,(anonymous_3)
FNDA:0,(anonymous_4)
FNDA:20,(anonymous_5)
FNDA:10,(anonymous_6)
FNDA:2,(anonymous_7)
FNDA:10,(anonymous_8)
DA:8,13
DA:10,10
DA:26,10
DA:28,10
DA:29,10
DA:31,1
DA:32,1
DA:33,1
DA:34,1
DA:35,1
DA:36,1
DA:37,1
DA:42,9
DA:47,20
DA:48,20
DA:49,20
DA:55,10
DA:81,2
DA:91,6
DA:97,10
LF:20
LH:20
BRDA:29,0,0,1
BRDA:29,0,1,9
BRF:2
BRH:2
end_of_record
TN:
SF:src/pages/Settings.js
FN:8,(anonymous_0)
FN:19,(anonymous_1)
FN:24,(anonymous_2)
FN:30,(anonymous_3)
FNF:4
FNH:4
FNDA:3,(anonymous_0)
FNDA:5,(anonymous_1)
FNDA:1,(anonymous_2)
FNDA:8,(anonymous_3)
DA:9,3
DA:11,3
DA:19,3
DA:20,5
DA:21,5
DA:24,3
DA:25,1
DA:26,1
DA:27,1
DA:31,8
DA:126,6
LF:11
LH:11
BRF:0
BRH:0
end_of_record
